ARM GAS  C:\Users\HOJINY~1\AppData\Local\Temp\ccyXr2YS.s 			page 1


   1              		.cpu cortex-m3
   2              		.eabi_attribute 20, 1
   3              		.eabi_attribute 21, 1
   4              		.eabi_attribute 23, 3
   5              		.eabi_attribute 24, 1
   6              		.eabi_attribute 25, 1
   7              		.eabi_attribute 26, 1
   8              		.eabi_attribute 30, 1
   9              		.eabi_attribute 34, 1
  10              		.eabi_attribute 18, 4
  11              		.file	"main.c"
  12              		.text
  13              	.Ltext0:
  14              		.cfi_sections	.debug_frame
  15              		.section	.text.delay,"ax",%progbits
  16              		.align	1
  17              		.global	delay
  18              		.arch armv7-m
  19              		.syntax unified
  20              		.thumb
  21              		.thumb_func
  22              		.fpu softvfp
  24              	delay:
  25              	.LVL0:
  26              	.LFB65:
  27              		.file 1 "Core/Src/main.c"
   1:Core/Src/main.c **** /* USER CODE BEGIN Header */
   2:Core/Src/main.c **** /**
   3:Core/Src/main.c ****   ******************************************************************************
   4:Core/Src/main.c ****   * @file           : main.c
   5:Core/Src/main.c ****   * @brief          : Main program body
   6:Core/Src/main.c ****   ******************************************************************************
   7:Core/Src/main.c ****   * @attention
   8:Core/Src/main.c ****   *
   9:Core/Src/main.c ****   * <h2><center>&copy; Copyright (c) 2022 STMicroelectronics.
  10:Core/Src/main.c ****   * All rights reserved.</center></h2>
  11:Core/Src/main.c ****   *
  12:Core/Src/main.c ****   * This software component is licensed by ST under BSD 3-Clause license,
  13:Core/Src/main.c ****   * the "License"; You may not use this file except in compliance with the
  14:Core/Src/main.c ****   * License. You may obtain a copy of the License at:
  15:Core/Src/main.c ****   *                        opensource.org/licenses/BSD-3-Clause
  16:Core/Src/main.c ****   *
  17:Core/Src/main.c ****   ******************************************************************************
  18:Core/Src/main.c ****   */
  19:Core/Src/main.c **** /* USER CODE END Header */
  20:Core/Src/main.c **** /* Includes ------------------------------------------------------------------*/
  21:Core/Src/main.c **** #include "main.h"
  22:Core/Src/main.c **** #include "tim.h"
  23:Core/Src/main.c **** #include "usart.h"
  24:Core/Src/main.c **** #include "gpio.h"
  25:Core/Src/main.c **** 
  26:Core/Src/main.c **** /* Private includes ----------------------------------------------------------*/
  27:Core/Src/main.c **** /* USER CODE BEGIN Includes */
  28:Core/Src/main.c **** 
  29:Core/Src/main.c **** /* USER CODE END Includes */
  30:Core/Src/main.c **** 
  31:Core/Src/main.c **** /* Private typedef -----------------------------------------------------------*/
ARM GAS  C:\Users\HOJINY~1\AppData\Local\Temp\ccyXr2YS.s 			page 2


  32:Core/Src/main.c **** /* USER CODE BEGIN PTD */
  33:Core/Src/main.c **** /* USER CODE END PTD */
  34:Core/Src/main.c **** 
  35:Core/Src/main.c **** /* Private define ------------------------------------------------------------*/
  36:Core/Src/main.c **** /* USER CODE BEGIN PD */
  37:Core/Src/main.c **** /* USER CODE END PD */
  38:Core/Src/main.c **** 
  39:Core/Src/main.c **** /* Private macro -------------------------------------------------------------*/
  40:Core/Src/main.c **** /* USER CODE BEGIN PM */
  41:Core/Src/main.c **** 
  42:Core/Src/main.c **** /* USER CODE END PM */
  43:Core/Src/main.c **** 
  44:Core/Src/main.c **** /* Private variables ---------------------------------------------------------*/
  45:Core/Src/main.c **** 
  46:Core/Src/main.c **** /* USER CODE BEGIN PV */
  47:Core/Src/main.c **** 
  48:Core/Src/main.c **** /* USER CODE END PV */
  49:Core/Src/main.c **** 
  50:Core/Src/main.c **** /* Private function prototypes -----------------------------------------------*/
  51:Core/Src/main.c **** void SystemClock_Config(void);
  52:Core/Src/main.c **** /* USER CODE BEGIN PFP */
  53:Core/Src/main.c **** 
  54:Core/Src/main.c **** /* USER CODE END PFP */
  55:Core/Src/main.c **** 
  56:Core/Src/main.c **** /* Private user code ---------------------------------------------------------*/
  57:Core/Src/main.c **** /* USER CODE BEGIN 0 */
  58:Core/Src/main.c **** void delay (uint16_t time)
  59:Core/Src/main.c **** {
  28              		.loc 1 59 1 view -0
  29              		.cfi_startproc
  30              		@ args = 0, pretend = 0, frame = 0
  31              		@ frame_needed = 0, uses_anonymous_args = 0
  32              		@ link register save eliminated.
  60:Core/Src/main.c **** 	__HAL_TIM_SET_COUNTER(&htim3, 0);
  33              		.loc 1 60 2 view .LVU1
  34 0000 034B     		ldr	r3, .L3
  35 0002 1A68     		ldr	r2, [r3]
  36 0004 0023     		movs	r3, #0
  37 0006 5362     		str	r3, [r2, #36]
  61:Core/Src/main.c **** 	while (__HAL_TIM_GET_COUNTER (&htim3) < time);
  38              		.loc 1 61 2 view .LVU2
  39              	.L2:
  40              		.loc 1 61 47 discriminator 1 view .LVU3
  41              		.loc 1 61 9 is_stmt 0 discriminator 1 view .LVU4
  42 0008 536A     		ldr	r3, [r2, #36]
  43              		.loc 1 61 8 discriminator 1 view .LVU5
  44 000a 8342     		cmp	r3, r0
  45 000c FCD3     		bcc	.L2
  62:Core/Src/main.c **** }
  46              		.loc 1 62 1 view .LVU6
  47 000e 7047     		bx	lr
  48              	.L4:
  49              		.align	2
  50              	.L3:
  51 0010 00000000 		.word	htim3
  52              		.cfi_endproc
  53              	.LFE65:
ARM GAS  C:\Users\HOJINY~1\AppData\Local\Temp\ccyXr2YS.s 			page 3


  55              		.global	__aeabi_ui2d
  56              		.global	__aeabi_dmul
  57              		.global	__aeabi_d2uiz
  58              		.section	.text.HAL_TIM_IC_CaptureCallback,"ax",%progbits
  59              		.align	1
  60              		.global	HAL_TIM_IC_CaptureCallback
  61              		.syntax unified
  62              		.thumb
  63              		.thumb_func
  64              		.fpu softvfp
  66              	HAL_TIM_IC_CaptureCallback:
  67              	.LVL1:
  68              	.LFB66:
  63:Core/Src/main.c **** 
  64:Core/Src/main.c **** uint32_t IC_Val1 = 0;
  65:Core/Src/main.c **** uint32_t IC_Val2 = 0;
  66:Core/Src/main.c **** uint32_t Difference = 0;
  67:Core/Src/main.c **** uint8_t Is_First_Captured = 0;  // is the first value captured ?
  68:Core/Src/main.c **** uint8_t Distance  = 0;
  69:Core/Src/main.c **** uint8_t Distance_Display[3];
  70:Core/Src/main.c **** uint8_t Angle_Display[3];
  71:Core/Src/main.c **** uint8_t angle_str[] = {'a','n','g','l','e', ' '};
  72:Core/Src/main.c **** uint8_t distance_str[] = {'d','i','s','t', 'a', 'n', 'c', 'e'};
  73:Core/Src/main.c **** uint8_t comma_str[] = {',',' '};
  74:Core/Src/main.c **** uint8_t space[] = {' '};
  75:Core/Src/main.c **** uint8_t next_line[] = {'\n'};
  76:Core/Src/main.c **** 
  77:Core/Src/main.c **** #define TRIG_PIN GPIO_PIN_7
  78:Core/Src/main.c **** #define TRIG_PORT GPIOA
  79:Core/Src/main.c **** 
  80:Core/Src/main.c **** // Let's write the callback function
  81:Core/Src/main.c **** 
  82:Core/Src/main.c **** void HAL_TIM_IC_CaptureCallback(TIM_HandleTypeDef *htim)
  83:Core/Src/main.c **** {
  69              		.loc 1 83 1 is_stmt 1 view -0
  70              		.cfi_startproc
  71              		@ args = 0, pretend = 0, frame = 0
  72              		@ frame_needed = 0, uses_anonymous_args = 0
  84:Core/Src/main.c **** 	if (htim->Channel == HAL_TIM_ACTIVE_CHANNEL_1)  // if the interrupt source is channel1
  73              		.loc 1 84 2 view .LVU8
  74              		.loc 1 84 10 is_stmt 0 view .LVU9
  75 0000 037F     		ldrb	r3, [r0, #28]	@ zero_extendqisi2
  76              		.loc 1 84 5 view .LVU10
  77 0002 012B     		cmp	r3, #1
  78 0004 00D0     		beq	.L14
  79 0006 7047     		bx	lr
  80              	.L14:
  83:Core/Src/main.c **** 	if (htim->Channel == HAL_TIM_ACTIVE_CHANNEL_1)  // if the interrupt source is channel1
  81              		.loc 1 83 1 view .LVU11
  82 0008 10B5     		push	{r4, lr}
  83              	.LCFI0:
  84              		.cfi_def_cfa_offset 8
  85              		.cfi_offset 4, -8
  86              		.cfi_offset 14, -4
  87 000a 0446     		mov	r4, r0
  85:Core/Src/main.c **** 	{
  86:Core/Src/main.c **** 		if (Is_First_Captured==0) // if the first value is not captured
ARM GAS  C:\Users\HOJINY~1\AppData\Local\Temp\ccyXr2YS.s 			page 4


  88              		.loc 1 86 3 is_stmt 1 view .LVU12
  89              		.loc 1 86 24 is_stmt 0 view .LVU13
  90 000c 2C4B     		ldr	r3, .L17+8
  91 000e 1B78     		ldrb	r3, [r3]	@ zero_extendqisi2
  92              		.loc 1 86 6 view .LVU14
  93 0010 13B1     		cbz	r3, .L15
  87:Core/Src/main.c **** 		{
  88:Core/Src/main.c **** 			IC_Val1 = HAL_TIM_ReadCapturedValue(htim, TIM_CHANNEL_1); // read the first value
  89:Core/Src/main.c **** 			Is_First_Captured = 1;  // set the first captured as true
  90:Core/Src/main.c **** 			// Now change the polarity to falling edge
  91:Core/Src/main.c **** 			__HAL_TIM_SET_CAPTUREPOLARITY(htim, TIM_CHANNEL_1, TIM_INPUTCHANNELPOLARITY_FALLING);
  92:Core/Src/main.c **** 		}
  93:Core/Src/main.c **** 
  94:Core/Src/main.c **** 		else if (Is_First_Captured==1)   // if the first is already captured
  94              		.loc 1 94 8 is_stmt 1 view .LVU15
  95              		.loc 1 94 11 is_stmt 0 view .LVU16
  96 0012 012B     		cmp	r3, #1
  97 0014 13D0     		beq	.L16
  98              	.LVL2:
  99              	.L5:
  95:Core/Src/main.c **** 		{
  96:Core/Src/main.c **** 			IC_Val2 = HAL_TIM_ReadCapturedValue(htim, TIM_CHANNEL_1);  // read second value
  97:Core/Src/main.c **** 			__HAL_TIM_SET_COUNTER(htim, 0);  // reset the counter
  98:Core/Src/main.c **** 
  99:Core/Src/main.c **** 			if (IC_Val2 > IC_Val1)
 100:Core/Src/main.c **** 			{
 101:Core/Src/main.c **** 				Difference = IC_Val2-IC_Val1;
 102:Core/Src/main.c **** 			}
 103:Core/Src/main.c **** 
 104:Core/Src/main.c **** 			else if (IC_Val1 > IC_Val2)
 105:Core/Src/main.c **** 			{
 106:Core/Src/main.c **** 				Difference = (0xffff - IC_Val1) + IC_Val2;
 107:Core/Src/main.c **** 			}
 108:Core/Src/main.c **** 
 109:Core/Src/main.c **** 			Distance = Difference * .034/2;
 110:Core/Src/main.c **** 			Is_First_Captured = 0; // set it back to false
 111:Core/Src/main.c **** 
 112:Core/Src/main.c **** 			// set polarity to rising edge
 113:Core/Src/main.c **** 			__HAL_TIM_SET_CAPTUREPOLARITY(htim, TIM_CHANNEL_1, TIM_INPUTCHANNELPOLARITY_RISING);
 114:Core/Src/main.c **** 			__HAL_TIM_DISABLE_IT(&htim3, TIM_IT_CC1);
 115:Core/Src/main.c **** 		}
 116:Core/Src/main.c **** 	}
 117:Core/Src/main.c **** }
 100              		.loc 1 117 1 view .LVU17
 101 0016 10BD     		pop	{r4, pc}
 102              	.LVL3:
 103              	.L15:
  88:Core/Src/main.c **** 			Is_First_Captured = 1;  // set the first captured as true
 104              		.loc 1 88 4 is_stmt 1 view .LVU18
  88:Core/Src/main.c **** 			Is_First_Captured = 1;  // set the first captured as true
 105              		.loc 1 88 14 is_stmt 0 view .LVU19
 106 0018 0021     		movs	r1, #0
 107 001a FFF7FEFF 		bl	HAL_TIM_ReadCapturedValue
 108              	.LVL4:
  88:Core/Src/main.c **** 			Is_First_Captured = 1;  // set the first captured as true
 109              		.loc 1 88 12 view .LVU20
 110 001e 294B     		ldr	r3, .L17+12
ARM GAS  C:\Users\HOJINY~1\AppData\Local\Temp\ccyXr2YS.s 			page 5


 111 0020 1860     		str	r0, [r3]
  89:Core/Src/main.c **** 			// Now change the polarity to falling edge
 112              		.loc 1 89 4 is_stmt 1 view .LVU21
  89:Core/Src/main.c **** 			// Now change the polarity to falling edge
 113              		.loc 1 89 22 is_stmt 0 view .LVU22
 114 0022 274B     		ldr	r3, .L17+8
 115 0024 0122     		movs	r2, #1
 116 0026 1A70     		strb	r2, [r3]
  91:Core/Src/main.c **** 		}
 117              		.loc 1 91 4 is_stmt 1 view .LVU23
  91:Core/Src/main.c **** 		}
 118              		.loc 1 91 4 view .LVU24
 119 0028 2268     		ldr	r2, [r4]
 120 002a 136A     		ldr	r3, [r2, #32]
 121 002c 23F00A03 		bic	r3, r3, #10
 122 0030 1362     		str	r3, [r2, #32]
  91:Core/Src/main.c **** 		}
 123              		.loc 1 91 4 view .LVU25
 124 0032 2268     		ldr	r2, [r4]
 125 0034 136A     		ldr	r3, [r2, #32]
 126 0036 43F00203 		orr	r3, r3, #2
 127 003a 1362     		str	r3, [r2, #32]
 128 003c EBE7     		b	.L5
 129              	.LVL5:
 130              	.L16:
  96:Core/Src/main.c **** 			__HAL_TIM_SET_COUNTER(htim, 0);  // reset the counter
 131              		.loc 1 96 4 view .LVU26
  96:Core/Src/main.c **** 			__HAL_TIM_SET_COUNTER(htim, 0);  // reset the counter
 132              		.loc 1 96 14 is_stmt 0 view .LVU27
 133 003e 0021     		movs	r1, #0
 134 0040 FFF7FEFF 		bl	HAL_TIM_ReadCapturedValue
 135              	.LVL6:
  96:Core/Src/main.c **** 			__HAL_TIM_SET_COUNTER(htim, 0);  // reset the counter
 136              		.loc 1 96 12 view .LVU28
 137 0044 204B     		ldr	r3, .L17+16
 138 0046 1860     		str	r0, [r3]
  97:Core/Src/main.c **** 
 139              		.loc 1 97 4 is_stmt 1 view .LVU29
 140 0048 2368     		ldr	r3, [r4]
 141 004a 0022     		movs	r2, #0
 142 004c 5A62     		str	r2, [r3, #36]
  99:Core/Src/main.c **** 			{
 143              		.loc 1 99 4 view .LVU30
  99:Core/Src/main.c **** 			{
 144              		.loc 1 99 16 is_stmt 0 view .LVU31
 145 004e 1D4B     		ldr	r3, .L17+12
 146 0050 1B68     		ldr	r3, [r3]
  99:Core/Src/main.c **** 			{
 147              		.loc 1 99 7 view .LVU32
 148 0052 9842     		cmp	r0, r3
 149 0054 25D9     		bls	.L8
 101:Core/Src/main.c **** 			}
 150              		.loc 1 101 5 is_stmt 1 view .LVU33
 101:Core/Src/main.c **** 			}
 151              		.loc 1 101 25 is_stmt 0 view .LVU34
 152 0056 C01A     		subs	r0, r0, r3
 101:Core/Src/main.c **** 			}
ARM GAS  C:\Users\HOJINY~1\AppData\Local\Temp\ccyXr2YS.s 			page 6


 153              		.loc 1 101 16 view .LVU35
 154 0058 1C4B     		ldr	r3, .L17+20
 155 005a 1860     		str	r0, [r3]
 156              	.L9:
 109:Core/Src/main.c **** 			Is_First_Captured = 0; // set it back to false
 157              		.loc 1 109 4 is_stmt 1 view .LVU36
 109:Core/Src/main.c **** 			Is_First_Captured = 0; // set it back to false
 158              		.loc 1 109 26 is_stmt 0 view .LVU37
 159 005c 1B4B     		ldr	r3, .L17+20
 160 005e 1868     		ldr	r0, [r3]
 161 0060 FFF7FEFF 		bl	__aeabi_ui2d
 162              	.LVL7:
 163 0064 14A3     		adr	r3, .L17
 164 0066 D3E90023 		ldrd	r2, [r3]
 165 006a FFF7FEFF 		bl	__aeabi_dmul
 166              	.LVL8:
 109:Core/Src/main.c **** 			Is_First_Captured = 0; // set it back to false
 167              		.loc 1 109 32 view .LVU38
 168 006e 0022     		movs	r2, #0
 169 0070 174B     		ldr	r3, .L17+24
 170 0072 FFF7FEFF 		bl	__aeabi_dmul
 171              	.LVL9:
 109:Core/Src/main.c **** 			Is_First_Captured = 0; // set it back to false
 172              		.loc 1 109 13 view .LVU39
 173 0076 FFF7FEFF 		bl	__aeabi_d2uiz
 174              	.LVL10:
 175 007a 164B     		ldr	r3, .L17+28
 176 007c 1870     		strb	r0, [r3]
 110:Core/Src/main.c **** 
 177              		.loc 1 110 4 is_stmt 1 view .LVU40
 110:Core/Src/main.c **** 
 178              		.loc 1 110 22 is_stmt 0 view .LVU41
 179 007e 104B     		ldr	r3, .L17+8
 180 0080 0022     		movs	r2, #0
 181 0082 1A70     		strb	r2, [r3]
 113:Core/Src/main.c **** 			__HAL_TIM_DISABLE_IT(&htim3, TIM_IT_CC1);
 182              		.loc 1 113 4 is_stmt 1 view .LVU42
 113:Core/Src/main.c **** 			__HAL_TIM_DISABLE_IT(&htim3, TIM_IT_CC1);
 183              		.loc 1 113 4 view .LVU43
 184 0084 2268     		ldr	r2, [r4]
 185 0086 136A     		ldr	r3, [r2, #32]
 186 0088 23F00A03 		bic	r3, r3, #10
 187 008c 1362     		str	r3, [r2, #32]
 113:Core/Src/main.c **** 			__HAL_TIM_DISABLE_IT(&htim3, TIM_IT_CC1);
 188              		.loc 1 113 4 view .LVU44
 189 008e 2368     		ldr	r3, [r4]
 190 0090 1A6A     		ldr	r2, [r3, #32]
 191 0092 1A62     		str	r2, [r3, #32]
 114:Core/Src/main.c **** 		}
 192              		.loc 1 114 4 view .LVU45
 193 0094 104B     		ldr	r3, .L17+32
 194 0096 1A68     		ldr	r2, [r3]
 195 0098 D368     		ldr	r3, [r2, #12]
 196 009a 23F00203 		bic	r3, r3, #2
 197 009e D360     		str	r3, [r2, #12]
 198              		.loc 1 117 1 is_stmt 0 view .LVU46
 199 00a0 B9E7     		b	.L5
ARM GAS  C:\Users\HOJINY~1\AppData\Local\Temp\ccyXr2YS.s 			page 7


 200              	.L8:
 104:Core/Src/main.c **** 			{
 201              		.loc 1 104 9 is_stmt 1 view .LVU47
 104:Core/Src/main.c **** 			{
 202              		.loc 1 104 12 is_stmt 0 view .LVU48
 203 00a2 9842     		cmp	r0, r3
 204 00a4 DAD2     		bcs	.L9
 106:Core/Src/main.c **** 			}
 205              		.loc 1 106 5 is_stmt 1 view .LVU49
 106:Core/Src/main.c **** 			}
 206              		.loc 1 106 37 is_stmt 0 view .LVU50
 207 00a6 C31A     		subs	r3, r0, r3
 208 00a8 03F57F43 		add	r3, r3, #65280
 209 00ac FF33     		adds	r3, r3, #255
 106:Core/Src/main.c **** 			}
 210              		.loc 1 106 16 view .LVU51
 211 00ae 074A     		ldr	r2, .L17+20
 212 00b0 1360     		str	r3, [r2]
 213 00b2 D3E7     		b	.L9
 214              	.L18:
 215 00b4 AFF30080 		.align	3
 216              	.L17:
 217 00b8 9CC420B0 		.word	-1340029796
 218 00bc 7268A13F 		.word	1067542642
 219 00c0 00000000 		.word	.LANCHOR0
 220 00c4 00000000 		.word	.LANCHOR1
 221 00c8 00000000 		.word	.LANCHOR2
 222 00cc 00000000 		.word	.LANCHOR3
 223 00d0 0000E03F 		.word	1071644672
 224 00d4 00000000 		.word	.LANCHOR4
 225 00d8 00000000 		.word	htim3
 226              		.cfi_endproc
 227              	.LFE66:
 229              		.section	.text.HCSR04_Read,"ax",%progbits
 230              		.align	1
 231              		.global	HCSR04_Read
 232              		.syntax unified
 233              		.thumb
 234              		.thumb_func
 235              		.fpu softvfp
 237              	HCSR04_Read:
 238              	.LFB67:
 118:Core/Src/main.c **** 
 119:Core/Src/main.c **** void HCSR04_Read (void)
 120:Core/Src/main.c **** {
 239              		.loc 1 120 1 is_stmt 1 view -0
 240              		.cfi_startproc
 241              		@ args = 0, pretend = 0, frame = 0
 242              		@ frame_needed = 0, uses_anonymous_args = 0
 243 0000 10B5     		push	{r4, lr}
 244              	.LCFI1:
 245              		.cfi_def_cfa_offset 8
 246              		.cfi_offset 4, -8
 247              		.cfi_offset 14, -4
 121:Core/Src/main.c **** 	HAL_GPIO_WritePin(TRIG_PORT, TRIG_PIN, GPIO_PIN_SET);  // pull the TRIG pin HIGH
 248              		.loc 1 121 2 view .LVU53
 249 0002 0A4C     		ldr	r4, .L21
ARM GAS  C:\Users\HOJINY~1\AppData\Local\Temp\ccyXr2YS.s 			page 8


 250 0004 0122     		movs	r2, #1
 251 0006 8021     		movs	r1, #128
 252 0008 2046     		mov	r0, r4
 253 000a FFF7FEFF 		bl	HAL_GPIO_WritePin
 254              	.LVL11:
 122:Core/Src/main.c **** 	delay(10);  // wait for 10 us
 255              		.loc 1 122 2 view .LVU54
 256 000e 0A20     		movs	r0, #10
 257 0010 FFF7FEFF 		bl	delay
 258              	.LVL12:
 123:Core/Src/main.c **** 	HAL_GPIO_WritePin(TRIG_PORT, TRIG_PIN, GPIO_PIN_RESET);  // pull the TRIG pin low
 259              		.loc 1 123 2 view .LVU55
 260 0014 0022     		movs	r2, #0
 261 0016 8021     		movs	r1, #128
 262 0018 2046     		mov	r0, r4
 263 001a FFF7FEFF 		bl	HAL_GPIO_WritePin
 264              	.LVL13:
 124:Core/Src/main.c **** 
 125:Core/Src/main.c **** 	__HAL_TIM_ENABLE_IT(&htim3, TIM_IT_CC1);
 265              		.loc 1 125 2 view .LVU56
 266 001e 044B     		ldr	r3, .L21+4
 267 0020 1A68     		ldr	r2, [r3]
 268 0022 D368     		ldr	r3, [r2, #12]
 269 0024 43F00203 		orr	r3, r3, #2
 270 0028 D360     		str	r3, [r2, #12]
 126:Core/Src/main.c **** }
 271              		.loc 1 126 1 is_stmt 0 view .LVU57
 272 002a 10BD     		pop	{r4, pc}
 273              	.L22:
 274              		.align	2
 275              	.L21:
 276 002c 00080140 		.word	1073809408
 277 0030 00000000 		.word	htim3
 278              		.cfi_endproc
 279              	.LFE67:
 281              		.section	.text.convert_to_array,"ax",%progbits
 282              		.align	1
 283              		.global	convert_to_array
 284              		.syntax unified
 285              		.thumb
 286              		.thumb_func
 287              		.fpu softvfp
 289              	convert_to_array:
 290              	.LVL14:
 291              	.LFB68:
 127:Core/Src/main.c **** 
 128:Core/Src/main.c **** void convert_to_array(uint8_t data, uint8_t array[])
 129:Core/Src/main.c **** {
 292              		.loc 1 129 1 is_stmt 1 view -0
 293              		.cfi_startproc
 294              		@ args = 0, pretend = 0, frame = 0
 295              		@ frame_needed = 0, uses_anonymous_args = 0
 296              		@ link register save eliminated.
 130:Core/Src/main.c ****   if(data >= 100){
 297              		.loc 1 130 3 view .LVU59
 298              		.loc 1 130 5 is_stmt 0 view .LVU60
 299 0000 6328     		cmp	r0, #99
ARM GAS  C:\Users\HOJINY~1\AppData\Local\Temp\ccyXr2YS.s 			page 9


 300 0002 1AD9     		bls	.L24
 131:Core/Src/main.c ****     array[0] = data / 100 +48;
 301              		.loc 1 131 5 is_stmt 1 view .LVU61
 302              		.loc 1 131 27 is_stmt 0 view .LVU62
 303 0004 1D4B     		ldr	r3, .L27
 304 0006 A3FB0023 		umull	r2, r3, r3, r0
 305 000a 5B09     		lsrs	r3, r3, #5
 306 000c 03F13002 		add	r2, r3, #48
 307              		.loc 1 131 14 view .LVU63
 308 0010 0A70     		strb	r2, [r1]
 132:Core/Src/main.c ****     array[1] = (data % 100) / 10 +48;
 309              		.loc 1 132 5 is_stmt 1 view .LVU64
 310              		.loc 1 132 34 is_stmt 0 view .LVU65
 311 0012 6422     		movs	r2, #100
 312 0014 02FB1303 		mls	r3, r2, r3, r0
 313 0018 DBB2     		uxtb	r3, r3
 314 001a 194A     		ldr	r2, .L27+4
 315 001c A2FB03C3 		umull	ip, r3, r2, r3
 316 0020 DB08     		lsrs	r3, r3, #3
 317 0022 3033     		adds	r3, r3, #48
 318              		.loc 1 132 14 view .LVU66
 319 0024 4B70     		strb	r3, [r1, #1]
 133:Core/Src/main.c ****     array[2] = data % 10 + 48;
 320              		.loc 1 133 5 is_stmt 1 view .LVU67
 321              		.loc 1 133 26 is_stmt 0 view .LVU68
 322 0026 A2FB0023 		umull	r2, r3, r2, r0
 323 002a DB08     		lsrs	r3, r3, #3
 324 002c 03EB8303 		add	r3, r3, r3, lsl #2
 325 0030 5A00     		lsls	r2, r3, #1
 326 0032 801A     		subs	r0, r0, r2
 327              	.LVL15:
 328              		.loc 1 133 26 view .LVU69
 329 0034 3030     		adds	r0, r0, #48
 330              		.loc 1 133 14 view .LVU70
 331 0036 8870     		strb	r0, [r1, #2]
 332 0038 7047     		bx	lr
 333              	.LVL16:
 334              	.L24:
 134:Core/Src/main.c ****   }
 135:Core/Src/main.c ****   else if(data >= 10){
 335              		.loc 1 135 8 is_stmt 1 view .LVU71
 336              		.loc 1 135 10 is_stmt 0 view .LVU72
 337 003a 0928     		cmp	r0, #9
 338 003c 0FD9     		bls	.L26
 136:Core/Src/main.c ****     array[0] = data / 10 + 48;
 339              		.loc 1 136 5 is_stmt 1 view .LVU73
 340              		.loc 1 136 26 is_stmt 0 view .LVU74
 341 003e 104B     		ldr	r3, .L27+4
 342 0040 A3FB0023 		umull	r2, r3, r3, r0
 343 0044 DB08     		lsrs	r3, r3, #3
 344 0046 03F13002 		add	r2, r3, #48
 345              		.loc 1 136 14 view .LVU75
 346 004a 0A70     		strb	r2, [r1]
 137:Core/Src/main.c ****     array[1] = data % 10 + 48;
 347              		.loc 1 137 5 is_stmt 1 view .LVU76
 348              		.loc 1 137 26 is_stmt 0 view .LVU77
 349 004c 03EB8303 		add	r3, r3, r3, lsl #2
ARM GAS  C:\Users\HOJINY~1\AppData\Local\Temp\ccyXr2YS.s 			page 10


 350 0050 5A00     		lsls	r2, r3, #1
 351 0052 801A     		subs	r0, r0, r2
 352              	.LVL17:
 353              		.loc 1 137 26 view .LVU78
 354 0054 3030     		adds	r0, r0, #48
 355              		.loc 1 137 14 view .LVU79
 356 0056 4870     		strb	r0, [r1, #1]
 138:Core/Src/main.c ****     array[2] = 0;
 357              		.loc 1 138 5 is_stmt 1 view .LVU80
 358              		.loc 1 138 14 is_stmt 0 view .LVU81
 359 0058 0023     		movs	r3, #0
 360 005a 8B70     		strb	r3, [r1, #2]
 361 005c 7047     		bx	lr
 362              	.LVL18:
 363              	.L26:
 139:Core/Src/main.c ****   }
 140:Core/Src/main.c ****   else{
 141:Core/Src/main.c ****     array[0] = 0;
 364              		.loc 1 141 5 is_stmt 1 view .LVU82
 365              		.loc 1 141 14 is_stmt 0 view .LVU83
 366 005e 0023     		movs	r3, #0
 367 0060 0B70     		strb	r3, [r1]
 142:Core/Src/main.c ****     array[1] = 0;
 368              		.loc 1 142 5 is_stmt 1 view .LVU84
 369              		.loc 1 142 14 is_stmt 0 view .LVU85
 370 0062 4B70     		strb	r3, [r1, #1]
 143:Core/Src/main.c ****     array[2] = data % 10 + 48;
 371              		.loc 1 143 5 is_stmt 1 view .LVU86
 372              		.loc 1 143 26 is_stmt 0 view .LVU87
 373 0064 A3F13333 		sub	r3, r3, #858993459
 374 0068 A3FB0023 		umull	r2, r3, r3, r0
 375 006c DB08     		lsrs	r3, r3, #3
 376 006e 03EB8303 		add	r3, r3, r3, lsl #2
 377 0072 5A00     		lsls	r2, r3, #1
 378 0074 801A     		subs	r0, r0, r2
 379              	.LVL19:
 380              		.loc 1 143 26 view .LVU88
 381 0076 3030     		adds	r0, r0, #48
 382              		.loc 1 143 14 view .LVU89
 383 0078 8870     		strb	r0, [r1, #2]
 144:Core/Src/main.c **** 
 145:Core/Src/main.c ****   }
 146:Core/Src/main.c **** }
 384              		.loc 1 146 1 view .LVU90
 385 007a 7047     		bx	lr
 386              	.L28:
 387              		.align	2
 388              	.L27:
 389 007c 1F85EB51 		.word	1374389535
 390 0080 CDCCCCCC 		.word	-858993459
 391              		.cfi_endproc
 392              	.LFE68:
 394              		.section	.text.Error_Handler,"ax",%progbits
 395              		.align	1
 396              		.global	Error_Handler
 397              		.syntax unified
 398              		.thumb
ARM GAS  C:\Users\HOJINY~1\AppData\Local\Temp\ccyXr2YS.s 			page 11


 399              		.thumb_func
 400              		.fpu softvfp
 402              	Error_Handler:
 403              	.LFB71:
 147:Core/Src/main.c **** 
 148:Core/Src/main.c **** /* USER CODE END 0 */
 149:Core/Src/main.c **** 
 150:Core/Src/main.c **** /**
 151:Core/Src/main.c ****   * @brief  The application entry point.
 152:Core/Src/main.c ****   * @retval int
 153:Core/Src/main.c ****   */
 154:Core/Src/main.c **** int main(void)
 155:Core/Src/main.c **** {
 156:Core/Src/main.c ****   /* USER CODE BEGIN 1 */
 157:Core/Src/main.c **** 
 158:Core/Src/main.c ****   /* USER CODE END 1 */
 159:Core/Src/main.c **** 
 160:Core/Src/main.c ****   /* MCU Configuration--------------------------------------------------------*/
 161:Core/Src/main.c **** 
 162:Core/Src/main.c ****   /* Reset of all peripherals, Initializes the Flash interface and the Systick. */
 163:Core/Src/main.c ****   HAL_Init();
 164:Core/Src/main.c **** 
 165:Core/Src/main.c ****   /* USER CODE BEGIN Init */
 166:Core/Src/main.c **** 
 167:Core/Src/main.c ****   /* USER CODE END Init */
 168:Core/Src/main.c **** 
 169:Core/Src/main.c ****   /* Configure the system clock */
 170:Core/Src/main.c ****   SystemClock_Config();
 171:Core/Src/main.c **** 
 172:Core/Src/main.c ****   /* USER CODE BEGIN SysInit */
 173:Core/Src/main.c **** 
 174:Core/Src/main.c ****   /* USER CODE END SysInit */
 175:Core/Src/main.c **** 
 176:Core/Src/main.c ****   /* Initialize all configured peripherals */
 177:Core/Src/main.c ****   MX_GPIO_Init();
 178:Core/Src/main.c ****   MX_TIM3_Init();
 179:Core/Src/main.c ****   MX_USART2_UART_Init();
 180:Core/Src/main.c ****   MX_TIM2_Init();
 181:Core/Src/main.c ****   /* USER CODE BEGIN 2 */
 182:Core/Src/main.c ****   int pulse = 0;
 183:Core/Src/main.c ****   HAL_TIM_IC_Start_IT(&htim3, TIM_CHANNEL_1);
 184:Core/Src/main.c ****   HAL_TIM_PWM_Start(&htim2, TIM_CHANNEL_2);
 185:Core/Src/main.c ****   /* USER CODE END 2 */
 186:Core/Src/main.c **** 
 187:Core/Src/main.c ****   /* Infinite loop */
 188:Core/Src/main.c ****   /* USER CODE BEGIN WHILE */
 189:Core/Src/main.c ****    while (1)
 190:Core/Src/main.c ****   {
 191:Core/Src/main.c ****     
 192:Core/Src/main.c ****     
 193:Core/Src/main.c ****     /* USER CODE END WHILE */
 194:Core/Src/main.c **** 
 195:Core/Src/main.c ****     /* USER CODE BEGIN 3 */
 196:Core/Src/main.c ****     int angle = (pulse/110-3)*10;
 197:Core/Src/main.c ****     if(angle >= 0 && angle <= 180){
 198:Core/Src/main.c ****       //measure distance
 199:Core/Src/main.c ****       HCSR04_Read();
ARM GAS  C:\Users\HOJINY~1\AppData\Local\Temp\ccyXr2YS.s 			page 12


 200:Core/Src/main.c ****       //display distance
 201:Core/Src/main.c ****       convert_to_array(angle, Angle_Display);
 202:Core/Src/main.c ****       convert_to_array(Distance, Distance_Display);
 203:Core/Src/main.c ****       HAL_UART_Transmit(&huart2, angle_str, sizeof(angle_str), 1000);
 204:Core/Src/main.c ****       HAL_UART_Transmit(&huart2, Angle_Display, sizeof(Angle_Display), 1000);
 205:Core/Src/main.c ****       HAL_UART_Transmit(&huart2, comma_str, sizeof(comma_str), 1000);
 206:Core/Src/main.c ****       HAL_UART_Transmit(&huart2, distance_str, sizeof(distance_str), 1000);
 207:Core/Src/main.c ****       HAL_UART_Transmit(&huart2, space, sizeof(space), 1000);
 208:Core/Src/main.c ****       HAL_UART_Transmit(&huart2, Distance_Display, sizeof(Distance_Display), 1000);
 209:Core/Src/main.c ****       HAL_UART_Transmit(&huart2, next_line, sizeof(next_line), 1000);
 210:Core/Src/main.c ****       HAL_Delay(100);
 211:Core/Src/main.c ****     }
 212:Core/Src/main.c ****     //motor spin
 213:Core/Src/main.c ****     pulse = (pulse + 110) % 2420;
 214:Core/Src/main.c ****     __HAL_TIM_SetCompare(&htim2, TIM_CHANNEL_2, pulse);
 215:Core/Src/main.c ****     
 216:Core/Src/main.c ****     HAL_Delay(400);
 217:Core/Src/main.c ****   
 218:Core/Src/main.c ****   }
 219:Core/Src/main.c ****   /* USER CODE END 3 */
 220:Core/Src/main.c **** }
 221:Core/Src/main.c **** 
 222:Core/Src/main.c **** /**
 223:Core/Src/main.c ****   * @brief System Clock Configuration
 224:Core/Src/main.c ****   * @retval None
 225:Core/Src/main.c ****   */
 226:Core/Src/main.c **** void SystemClock_Config(void)
 227:Core/Src/main.c **** {
 228:Core/Src/main.c ****   RCC_OscInitTypeDef RCC_OscInitStruct = {0};
 229:Core/Src/main.c ****   RCC_ClkInitTypeDef RCC_ClkInitStruct = {0};
 230:Core/Src/main.c **** 
 231:Core/Src/main.c ****   /** Initializes the RCC Oscillators according to the specified parameters
 232:Core/Src/main.c ****   * in the RCC_OscInitTypeDef structure.
 233:Core/Src/main.c ****   */
 234:Core/Src/main.c ****   RCC_OscInitStruct.OscillatorType = RCC_OSCILLATORTYPE_HSE;
 235:Core/Src/main.c ****   RCC_OscInitStruct.HSEState = RCC_HSE_ON;
 236:Core/Src/main.c ****   RCC_OscInitStruct.HSEPredivValue = RCC_HSE_PREDIV_DIV1;
 237:Core/Src/main.c ****   RCC_OscInitStruct.HSIState = RCC_HSI_ON;
 238:Core/Src/main.c ****   RCC_OscInitStruct.PLL.PLLState = RCC_PLL_ON;
 239:Core/Src/main.c ****   RCC_OscInitStruct.PLL.PLLSource = RCC_PLLSOURCE_HSE;
 240:Core/Src/main.c ****   RCC_OscInitStruct.PLL.PLLMUL = RCC_PLL_MUL9;
 241:Core/Src/main.c ****   if (HAL_RCC_OscConfig(&RCC_OscInitStruct) != HAL_OK)
 242:Core/Src/main.c ****   {
 243:Core/Src/main.c ****     Error_Handler();
 244:Core/Src/main.c ****   }
 245:Core/Src/main.c ****   /** Initializes the CPU, AHB and APB buses clocks
 246:Core/Src/main.c ****   */
 247:Core/Src/main.c ****   RCC_ClkInitStruct.ClockType = RCC_CLOCKTYPE_HCLK|RCC_CLOCKTYPE_SYSCLK
 248:Core/Src/main.c ****                               |RCC_CLOCKTYPE_PCLK1|RCC_CLOCKTYPE_PCLK2;
 249:Core/Src/main.c ****   RCC_ClkInitStruct.SYSCLKSource = RCC_SYSCLKSOURCE_PLLCLK;
 250:Core/Src/main.c ****   RCC_ClkInitStruct.AHBCLKDivider = RCC_SYSCLK_DIV1;
 251:Core/Src/main.c ****   RCC_ClkInitStruct.APB1CLKDivider = RCC_HCLK_DIV2;
 252:Core/Src/main.c ****   RCC_ClkInitStruct.APB2CLKDivider = RCC_HCLK_DIV1;
 253:Core/Src/main.c **** 
 254:Core/Src/main.c ****   if (HAL_RCC_ClockConfig(&RCC_ClkInitStruct, FLASH_LATENCY_2) != HAL_OK)
 255:Core/Src/main.c ****   {
 256:Core/Src/main.c ****     Error_Handler();
ARM GAS  C:\Users\HOJINY~1\AppData\Local\Temp\ccyXr2YS.s 			page 13


 257:Core/Src/main.c ****   }
 258:Core/Src/main.c **** }
 259:Core/Src/main.c **** 
 260:Core/Src/main.c **** /* USER CODE BEGIN 4 */
 261:Core/Src/main.c **** 
 262:Core/Src/main.c **** /* USER CODE END 4 */
 263:Core/Src/main.c **** 
 264:Core/Src/main.c **** /**
 265:Core/Src/main.c ****   * @brief  This function is executed in case of error occurrence.
 266:Core/Src/main.c ****   * @retval None
 267:Core/Src/main.c ****   */
 268:Core/Src/main.c **** void Error_Handler(void)
 269:Core/Src/main.c **** {
 404              		.loc 1 269 1 is_stmt 1 view -0
 405              		.cfi_startproc
 406              		@ Volatile: function does not return.
 407              		@ args = 0, pretend = 0, frame = 0
 408              		@ frame_needed = 0, uses_anonymous_args = 0
 409              		@ link register save eliminated.
 270:Core/Src/main.c ****   /* USER CODE BEGIN Error_Handler_Debug */
 271:Core/Src/main.c ****   /* User can add his own implementation to report the HAL error return state */
 272:Core/Src/main.c ****   __disable_irq();
 410              		.loc 1 272 3 view .LVU92
 411              	.LBB4:
 412              	.LBI4:
 413              		.file 2 "Drivers/CMSIS/Include/cmsis_gcc.h"
   1:Drivers/CMSIS/Include/cmsis_gcc.h **** /**************************************************************************//**
   2:Drivers/CMSIS/Include/cmsis_gcc.h ****  * @file     cmsis_gcc.h
   3:Drivers/CMSIS/Include/cmsis_gcc.h ****  * @brief    CMSIS compiler GCC header file
   4:Drivers/CMSIS/Include/cmsis_gcc.h ****  * @version  V5.0.4
   5:Drivers/CMSIS/Include/cmsis_gcc.h ****  * @date     09. April 2018
   6:Drivers/CMSIS/Include/cmsis_gcc.h ****  ******************************************************************************/
   7:Drivers/CMSIS/Include/cmsis_gcc.h **** /*
   8:Drivers/CMSIS/Include/cmsis_gcc.h ****  * Copyright (c) 2009-2018 Arm Limited. All rights reserved.
   9:Drivers/CMSIS/Include/cmsis_gcc.h ****  *
  10:Drivers/CMSIS/Include/cmsis_gcc.h ****  * SPDX-License-Identifier: Apache-2.0
  11:Drivers/CMSIS/Include/cmsis_gcc.h ****  *
  12:Drivers/CMSIS/Include/cmsis_gcc.h ****  * Licensed under the Apache License, Version 2.0 (the License); you may
  13:Drivers/CMSIS/Include/cmsis_gcc.h ****  * not use this file except in compliance with the License.
  14:Drivers/CMSIS/Include/cmsis_gcc.h ****  * You may obtain a copy of the License at
  15:Drivers/CMSIS/Include/cmsis_gcc.h ****  *
  16:Drivers/CMSIS/Include/cmsis_gcc.h ****  * www.apache.org/licenses/LICENSE-2.0
  17:Drivers/CMSIS/Include/cmsis_gcc.h ****  *
  18:Drivers/CMSIS/Include/cmsis_gcc.h ****  * Unless required by applicable law or agreed to in writing, software
  19:Drivers/CMSIS/Include/cmsis_gcc.h ****  * distributed under the License is distributed on an AS IS BASIS, WITHOUT
  20:Drivers/CMSIS/Include/cmsis_gcc.h ****  * WARRANTIES OR CONDITIONS OF ANY KIND, either express or implied.
  21:Drivers/CMSIS/Include/cmsis_gcc.h ****  * See the License for the specific language governing permissions and
  22:Drivers/CMSIS/Include/cmsis_gcc.h ****  * limitations under the License.
  23:Drivers/CMSIS/Include/cmsis_gcc.h ****  */
  24:Drivers/CMSIS/Include/cmsis_gcc.h **** 
  25:Drivers/CMSIS/Include/cmsis_gcc.h **** #ifndef __CMSIS_GCC_H
  26:Drivers/CMSIS/Include/cmsis_gcc.h **** #define __CMSIS_GCC_H
  27:Drivers/CMSIS/Include/cmsis_gcc.h **** 
  28:Drivers/CMSIS/Include/cmsis_gcc.h **** /* ignore some GCC warnings */
  29:Drivers/CMSIS/Include/cmsis_gcc.h **** #pragma GCC diagnostic push
  30:Drivers/CMSIS/Include/cmsis_gcc.h **** #pragma GCC diagnostic ignored "-Wsign-conversion"
  31:Drivers/CMSIS/Include/cmsis_gcc.h **** #pragma GCC diagnostic ignored "-Wconversion"
ARM GAS  C:\Users\HOJINY~1\AppData\Local\Temp\ccyXr2YS.s 			page 14


  32:Drivers/CMSIS/Include/cmsis_gcc.h **** #pragma GCC diagnostic ignored "-Wunused-parameter"
  33:Drivers/CMSIS/Include/cmsis_gcc.h **** 
  34:Drivers/CMSIS/Include/cmsis_gcc.h **** /* Fallback for __has_builtin */
  35:Drivers/CMSIS/Include/cmsis_gcc.h **** #ifndef __has_builtin
  36:Drivers/CMSIS/Include/cmsis_gcc.h ****   #define __has_builtin(x) (0)
  37:Drivers/CMSIS/Include/cmsis_gcc.h **** #endif
  38:Drivers/CMSIS/Include/cmsis_gcc.h **** 
  39:Drivers/CMSIS/Include/cmsis_gcc.h **** /* CMSIS compiler specific defines */
  40:Drivers/CMSIS/Include/cmsis_gcc.h **** #ifndef   __ASM
  41:Drivers/CMSIS/Include/cmsis_gcc.h ****   #define __ASM                                  __asm
  42:Drivers/CMSIS/Include/cmsis_gcc.h **** #endif
  43:Drivers/CMSIS/Include/cmsis_gcc.h **** #ifndef   __INLINE
  44:Drivers/CMSIS/Include/cmsis_gcc.h ****   #define __INLINE                               inline
  45:Drivers/CMSIS/Include/cmsis_gcc.h **** #endif
  46:Drivers/CMSIS/Include/cmsis_gcc.h **** #ifndef   __STATIC_INLINE
  47:Drivers/CMSIS/Include/cmsis_gcc.h ****   #define __STATIC_INLINE                        static inline
  48:Drivers/CMSIS/Include/cmsis_gcc.h **** #endif
  49:Drivers/CMSIS/Include/cmsis_gcc.h **** #ifndef   __STATIC_FORCEINLINE                 
  50:Drivers/CMSIS/Include/cmsis_gcc.h ****   #define __STATIC_FORCEINLINE                   __attribute__((always_inline)) static inline
  51:Drivers/CMSIS/Include/cmsis_gcc.h **** #endif                                           
  52:Drivers/CMSIS/Include/cmsis_gcc.h **** #ifndef   __NO_RETURN
  53:Drivers/CMSIS/Include/cmsis_gcc.h ****   #define __NO_RETURN                            __attribute__((__noreturn__))
  54:Drivers/CMSIS/Include/cmsis_gcc.h **** #endif
  55:Drivers/CMSIS/Include/cmsis_gcc.h **** #ifndef   __USED
  56:Drivers/CMSIS/Include/cmsis_gcc.h ****   #define __USED                                 __attribute__((used))
  57:Drivers/CMSIS/Include/cmsis_gcc.h **** #endif
  58:Drivers/CMSIS/Include/cmsis_gcc.h **** #ifndef   __WEAK
  59:Drivers/CMSIS/Include/cmsis_gcc.h ****   #define __WEAK                                 __attribute__((weak))
  60:Drivers/CMSIS/Include/cmsis_gcc.h **** #endif
  61:Drivers/CMSIS/Include/cmsis_gcc.h **** #ifndef   __PACKED
  62:Drivers/CMSIS/Include/cmsis_gcc.h ****   #define __PACKED                               __attribute__((packed, aligned(1)))
  63:Drivers/CMSIS/Include/cmsis_gcc.h **** #endif
  64:Drivers/CMSIS/Include/cmsis_gcc.h **** #ifndef   __PACKED_STRUCT
  65:Drivers/CMSIS/Include/cmsis_gcc.h ****   #define __PACKED_STRUCT                        struct __attribute__((packed, aligned(1)))
  66:Drivers/CMSIS/Include/cmsis_gcc.h **** #endif
  67:Drivers/CMSIS/Include/cmsis_gcc.h **** #ifndef   __PACKED_UNION
  68:Drivers/CMSIS/Include/cmsis_gcc.h ****   #define __PACKED_UNION                         union __attribute__((packed, aligned(1)))
  69:Drivers/CMSIS/Include/cmsis_gcc.h **** #endif
  70:Drivers/CMSIS/Include/cmsis_gcc.h **** #ifndef   __UNALIGNED_UINT32        /* deprecated */
  71:Drivers/CMSIS/Include/cmsis_gcc.h ****   #pragma GCC diagnostic push
  72:Drivers/CMSIS/Include/cmsis_gcc.h ****   #pragma GCC diagnostic ignored "-Wpacked"
  73:Drivers/CMSIS/Include/cmsis_gcc.h ****   #pragma GCC diagnostic ignored "-Wattributes"
  74:Drivers/CMSIS/Include/cmsis_gcc.h ****   struct __attribute__((packed)) T_UINT32 { uint32_t v; };
  75:Drivers/CMSIS/Include/cmsis_gcc.h ****   #pragma GCC diagnostic pop
  76:Drivers/CMSIS/Include/cmsis_gcc.h ****   #define __UNALIGNED_UINT32(x)                  (((struct T_UINT32 *)(x))->v)
  77:Drivers/CMSIS/Include/cmsis_gcc.h **** #endif
  78:Drivers/CMSIS/Include/cmsis_gcc.h **** #ifndef   __UNALIGNED_UINT16_WRITE
  79:Drivers/CMSIS/Include/cmsis_gcc.h ****   #pragma GCC diagnostic push
  80:Drivers/CMSIS/Include/cmsis_gcc.h ****   #pragma GCC diagnostic ignored "-Wpacked"
  81:Drivers/CMSIS/Include/cmsis_gcc.h ****   #pragma GCC diagnostic ignored "-Wattributes"
  82:Drivers/CMSIS/Include/cmsis_gcc.h ****   __PACKED_STRUCT T_UINT16_WRITE { uint16_t v; };
  83:Drivers/CMSIS/Include/cmsis_gcc.h ****   #pragma GCC diagnostic pop
  84:Drivers/CMSIS/Include/cmsis_gcc.h ****   #define __UNALIGNED_UINT16_WRITE(addr, val)    (void)((((struct T_UINT16_WRITE *)(void *)(addr))-
  85:Drivers/CMSIS/Include/cmsis_gcc.h **** #endif
  86:Drivers/CMSIS/Include/cmsis_gcc.h **** #ifndef   __UNALIGNED_UINT16_READ
  87:Drivers/CMSIS/Include/cmsis_gcc.h ****   #pragma GCC diagnostic push
  88:Drivers/CMSIS/Include/cmsis_gcc.h ****   #pragma GCC diagnostic ignored "-Wpacked"
ARM GAS  C:\Users\HOJINY~1\AppData\Local\Temp\ccyXr2YS.s 			page 15


  89:Drivers/CMSIS/Include/cmsis_gcc.h ****   #pragma GCC diagnostic ignored "-Wattributes"
  90:Drivers/CMSIS/Include/cmsis_gcc.h ****   __PACKED_STRUCT T_UINT16_READ { uint16_t v; };
  91:Drivers/CMSIS/Include/cmsis_gcc.h ****   #pragma GCC diagnostic pop
  92:Drivers/CMSIS/Include/cmsis_gcc.h ****   #define __UNALIGNED_UINT16_READ(addr)          (((const struct T_UINT16_READ *)(const void *)(add
  93:Drivers/CMSIS/Include/cmsis_gcc.h **** #endif
  94:Drivers/CMSIS/Include/cmsis_gcc.h **** #ifndef   __UNALIGNED_UINT32_WRITE
  95:Drivers/CMSIS/Include/cmsis_gcc.h ****   #pragma GCC diagnostic push
  96:Drivers/CMSIS/Include/cmsis_gcc.h ****   #pragma GCC diagnostic ignored "-Wpacked"
  97:Drivers/CMSIS/Include/cmsis_gcc.h ****   #pragma GCC diagnostic ignored "-Wattributes"
  98:Drivers/CMSIS/Include/cmsis_gcc.h ****   __PACKED_STRUCT T_UINT32_WRITE { uint32_t v; };
  99:Drivers/CMSIS/Include/cmsis_gcc.h ****   #pragma GCC diagnostic pop
 100:Drivers/CMSIS/Include/cmsis_gcc.h ****   #define __UNALIGNED_UINT32_WRITE(addr, val)    (void)((((struct T_UINT32_WRITE *)(void *)(addr))-
 101:Drivers/CMSIS/Include/cmsis_gcc.h **** #endif
 102:Drivers/CMSIS/Include/cmsis_gcc.h **** #ifndef   __UNALIGNED_UINT32_READ
 103:Drivers/CMSIS/Include/cmsis_gcc.h ****   #pragma GCC diagnostic push
 104:Drivers/CMSIS/Include/cmsis_gcc.h ****   #pragma GCC diagnostic ignored "-Wpacked"
 105:Drivers/CMSIS/Include/cmsis_gcc.h ****   #pragma GCC diagnostic ignored "-Wattributes"
 106:Drivers/CMSIS/Include/cmsis_gcc.h ****   __PACKED_STRUCT T_UINT32_READ { uint32_t v; };
 107:Drivers/CMSIS/Include/cmsis_gcc.h ****   #pragma GCC diagnostic pop
 108:Drivers/CMSIS/Include/cmsis_gcc.h ****   #define __UNALIGNED_UINT32_READ(addr)          (((const struct T_UINT32_READ *)(const void *)(add
 109:Drivers/CMSIS/Include/cmsis_gcc.h **** #endif
 110:Drivers/CMSIS/Include/cmsis_gcc.h **** #ifndef   __ALIGNED
 111:Drivers/CMSIS/Include/cmsis_gcc.h ****   #define __ALIGNED(x)                           __attribute__((aligned(x)))
 112:Drivers/CMSIS/Include/cmsis_gcc.h **** #endif
 113:Drivers/CMSIS/Include/cmsis_gcc.h **** #ifndef   __RESTRICT
 114:Drivers/CMSIS/Include/cmsis_gcc.h ****   #define __RESTRICT                             __restrict
 115:Drivers/CMSIS/Include/cmsis_gcc.h **** #endif
 116:Drivers/CMSIS/Include/cmsis_gcc.h **** 
 117:Drivers/CMSIS/Include/cmsis_gcc.h **** 
 118:Drivers/CMSIS/Include/cmsis_gcc.h **** /* ###########################  Core Function Access  ########################### */
 119:Drivers/CMSIS/Include/cmsis_gcc.h **** /** \ingroup  CMSIS_Core_FunctionInterface
 120:Drivers/CMSIS/Include/cmsis_gcc.h ****     \defgroup CMSIS_Core_RegAccFunctions CMSIS Core Register Access Functions
 121:Drivers/CMSIS/Include/cmsis_gcc.h ****   @{
 122:Drivers/CMSIS/Include/cmsis_gcc.h ****  */
 123:Drivers/CMSIS/Include/cmsis_gcc.h **** 
 124:Drivers/CMSIS/Include/cmsis_gcc.h **** /**
 125:Drivers/CMSIS/Include/cmsis_gcc.h ****   \brief   Enable IRQ Interrupts
 126:Drivers/CMSIS/Include/cmsis_gcc.h ****   \details Enables IRQ interrupts by clearing the I-bit in the CPSR.
 127:Drivers/CMSIS/Include/cmsis_gcc.h ****            Can only be executed in Privileged modes.
 128:Drivers/CMSIS/Include/cmsis_gcc.h ****  */
 129:Drivers/CMSIS/Include/cmsis_gcc.h **** __STATIC_FORCEINLINE void __enable_irq(void)
 130:Drivers/CMSIS/Include/cmsis_gcc.h **** {
 131:Drivers/CMSIS/Include/cmsis_gcc.h ****   __ASM volatile ("cpsie i" : : : "memory");
 132:Drivers/CMSIS/Include/cmsis_gcc.h **** }
 133:Drivers/CMSIS/Include/cmsis_gcc.h **** 
 134:Drivers/CMSIS/Include/cmsis_gcc.h **** 
 135:Drivers/CMSIS/Include/cmsis_gcc.h **** /**
 136:Drivers/CMSIS/Include/cmsis_gcc.h ****   \brief   Disable IRQ Interrupts
 137:Drivers/CMSIS/Include/cmsis_gcc.h ****   \details Disables IRQ interrupts by setting the I-bit in the CPSR.
 138:Drivers/CMSIS/Include/cmsis_gcc.h ****            Can only be executed in Privileged modes.
 139:Drivers/CMSIS/Include/cmsis_gcc.h ****  */
 140:Drivers/CMSIS/Include/cmsis_gcc.h **** __STATIC_FORCEINLINE void __disable_irq(void)
 414              		.loc 2 140 27 view .LVU93
 415              	.LBB5:
 141:Drivers/CMSIS/Include/cmsis_gcc.h **** {
 142:Drivers/CMSIS/Include/cmsis_gcc.h ****   __ASM volatile ("cpsid i" : : : "memory");
 416              		.loc 2 142 3 view .LVU94
ARM GAS  C:\Users\HOJINY~1\AppData\Local\Temp\ccyXr2YS.s 			page 16


 417              		.syntax unified
 418              	@ 142 "Drivers/CMSIS/Include/cmsis_gcc.h" 1
 419 0000 72B6     		cpsid i
 420              	@ 0 "" 2
 421              		.thumb
 422              		.syntax unified
 423              	.L30:
 424              	.LBE5:
 425              	.LBE4:
 273:Core/Src/main.c ****   while (1)
 426              		.loc 1 273 3 discriminator 1 view .LVU95
 274:Core/Src/main.c ****   {
 275:Core/Src/main.c ****   }
 427              		.loc 1 275 3 discriminator 1 view .LVU96
 428 0002 FEE7     		b	.L30
 429              		.cfi_endproc
 430              	.LFE71:
 432              		.section	.text.SystemClock_Config,"ax",%progbits
 433              		.align	1
 434              		.global	SystemClock_Config
 435              		.syntax unified
 436              		.thumb
 437              		.thumb_func
 438              		.fpu softvfp
 440              	SystemClock_Config:
 441              	.LFB70:
 227:Core/Src/main.c ****   RCC_OscInitTypeDef RCC_OscInitStruct = {0};
 442              		.loc 1 227 1 view -0
 443              		.cfi_startproc
 444              		@ args = 0, pretend = 0, frame = 64
 445              		@ frame_needed = 0, uses_anonymous_args = 0
 446 0000 00B5     		push	{lr}
 447              	.LCFI2:
 448              		.cfi_def_cfa_offset 4
 449              		.cfi_offset 14, -4
 450 0002 91B0     		sub	sp, sp, #68
 451              	.LCFI3:
 452              		.cfi_def_cfa_offset 72
 228:Core/Src/main.c ****   RCC_ClkInitTypeDef RCC_ClkInitStruct = {0};
 453              		.loc 1 228 3 view .LVU98
 228:Core/Src/main.c ****   RCC_ClkInitTypeDef RCC_ClkInitStruct = {0};
 454              		.loc 1 228 22 is_stmt 0 view .LVU99
 455 0004 0023     		movs	r3, #0
 456 0006 0893     		str	r3, [sp, #32]
 457 0008 0993     		str	r3, [sp, #36]
 458 000a 0B93     		str	r3, [sp, #44]
 459 000c 0C93     		str	r3, [sp, #48]
 229:Core/Src/main.c **** 
 460              		.loc 1 229 3 is_stmt 1 view .LVU100
 229:Core/Src/main.c **** 
 461              		.loc 1 229 22 is_stmt 0 view .LVU101
 462 000e 0193     		str	r3, [sp, #4]
 463 0010 0293     		str	r3, [sp, #8]
 464 0012 0393     		str	r3, [sp, #12]
 465 0014 0493     		str	r3, [sp, #16]
 466 0016 0593     		str	r3, [sp, #20]
 234:Core/Src/main.c ****   RCC_OscInitStruct.HSEState = RCC_HSE_ON;
ARM GAS  C:\Users\HOJINY~1\AppData\Local\Temp\ccyXr2YS.s 			page 17


 467              		.loc 1 234 3 is_stmt 1 view .LVU102
 234:Core/Src/main.c ****   RCC_OscInitStruct.HSEState = RCC_HSE_ON;
 468              		.loc 1 234 36 is_stmt 0 view .LVU103
 469 0018 0122     		movs	r2, #1
 470 001a 0692     		str	r2, [sp, #24]
 235:Core/Src/main.c ****   RCC_OscInitStruct.HSEPredivValue = RCC_HSE_PREDIV_DIV1;
 471              		.loc 1 235 3 is_stmt 1 view .LVU104
 235:Core/Src/main.c ****   RCC_OscInitStruct.HSEPredivValue = RCC_HSE_PREDIV_DIV1;
 472              		.loc 1 235 30 is_stmt 0 view .LVU105
 473 001c 4FF48033 		mov	r3, #65536
 474 0020 0793     		str	r3, [sp, #28]
 236:Core/Src/main.c ****   RCC_OscInitStruct.HSIState = RCC_HSI_ON;
 475              		.loc 1 236 3 is_stmt 1 view .LVU106
 237:Core/Src/main.c ****   RCC_OscInitStruct.PLL.PLLState = RCC_PLL_ON;
 476              		.loc 1 237 3 view .LVU107
 237:Core/Src/main.c ****   RCC_OscInitStruct.PLL.PLLState = RCC_PLL_ON;
 477              		.loc 1 237 30 is_stmt 0 view .LVU108
 478 0022 0A92     		str	r2, [sp, #40]
 238:Core/Src/main.c ****   RCC_OscInitStruct.PLL.PLLSource = RCC_PLLSOURCE_HSE;
 479              		.loc 1 238 3 is_stmt 1 view .LVU109
 238:Core/Src/main.c ****   RCC_OscInitStruct.PLL.PLLSource = RCC_PLLSOURCE_HSE;
 480              		.loc 1 238 34 is_stmt 0 view .LVU110
 481 0024 0222     		movs	r2, #2
 482 0026 0D92     		str	r2, [sp, #52]
 239:Core/Src/main.c ****   RCC_OscInitStruct.PLL.PLLMUL = RCC_PLL_MUL9;
 483              		.loc 1 239 3 is_stmt 1 view .LVU111
 239:Core/Src/main.c ****   RCC_OscInitStruct.PLL.PLLMUL = RCC_PLL_MUL9;
 484              		.loc 1 239 35 is_stmt 0 view .LVU112
 485 0028 0E93     		str	r3, [sp, #56]
 240:Core/Src/main.c ****   if (HAL_RCC_OscConfig(&RCC_OscInitStruct) != HAL_OK)
 486              		.loc 1 240 3 is_stmt 1 view .LVU113
 240:Core/Src/main.c ****   if (HAL_RCC_OscConfig(&RCC_OscInitStruct) != HAL_OK)
 487              		.loc 1 240 32 is_stmt 0 view .LVU114
 488 002a 4FF4E013 		mov	r3, #1835008
 489 002e 0F93     		str	r3, [sp, #60]
 241:Core/Src/main.c ****   {
 490              		.loc 1 241 3 is_stmt 1 view .LVU115
 241:Core/Src/main.c ****   {
 491              		.loc 1 241 7 is_stmt 0 view .LVU116
 492 0030 06A8     		add	r0, sp, #24
 493 0032 FFF7FEFF 		bl	HAL_RCC_OscConfig
 494              	.LVL20:
 241:Core/Src/main.c ****   {
 495              		.loc 1 241 6 view .LVU117
 496 0036 80B9     		cbnz	r0, .L35
 247:Core/Src/main.c ****                               |RCC_CLOCKTYPE_PCLK1|RCC_CLOCKTYPE_PCLK2;
 497              		.loc 1 247 3 is_stmt 1 view .LVU118
 247:Core/Src/main.c ****                               |RCC_CLOCKTYPE_PCLK1|RCC_CLOCKTYPE_PCLK2;
 498              		.loc 1 247 31 is_stmt 0 view .LVU119
 499 0038 0F23     		movs	r3, #15
 500 003a 0193     		str	r3, [sp, #4]
 249:Core/Src/main.c ****   RCC_ClkInitStruct.AHBCLKDivider = RCC_SYSCLK_DIV1;
 501              		.loc 1 249 3 is_stmt 1 view .LVU120
 249:Core/Src/main.c ****   RCC_ClkInitStruct.AHBCLKDivider = RCC_SYSCLK_DIV1;
 502              		.loc 1 249 34 is_stmt 0 view .LVU121
 503 003c 0221     		movs	r1, #2
 504 003e 0291     		str	r1, [sp, #8]
ARM GAS  C:\Users\HOJINY~1\AppData\Local\Temp\ccyXr2YS.s 			page 18


 250:Core/Src/main.c ****   RCC_ClkInitStruct.APB1CLKDivider = RCC_HCLK_DIV2;
 505              		.loc 1 250 3 is_stmt 1 view .LVU122
 250:Core/Src/main.c ****   RCC_ClkInitStruct.APB1CLKDivider = RCC_HCLK_DIV2;
 506              		.loc 1 250 35 is_stmt 0 view .LVU123
 507 0040 0023     		movs	r3, #0
 508 0042 0393     		str	r3, [sp, #12]
 251:Core/Src/main.c ****   RCC_ClkInitStruct.APB2CLKDivider = RCC_HCLK_DIV1;
 509              		.loc 1 251 3 is_stmt 1 view .LVU124
 251:Core/Src/main.c ****   RCC_ClkInitStruct.APB2CLKDivider = RCC_HCLK_DIV1;
 510              		.loc 1 251 36 is_stmt 0 view .LVU125
 511 0044 4FF48062 		mov	r2, #1024
 512 0048 0492     		str	r2, [sp, #16]
 252:Core/Src/main.c **** 
 513              		.loc 1 252 3 is_stmt 1 view .LVU126
 252:Core/Src/main.c **** 
 514              		.loc 1 252 36 is_stmt 0 view .LVU127
 515 004a 0593     		str	r3, [sp, #20]
 254:Core/Src/main.c ****   {
 516              		.loc 1 254 3 is_stmt 1 view .LVU128
 254:Core/Src/main.c ****   {
 517              		.loc 1 254 7 is_stmt 0 view .LVU129
 518 004c 01A8     		add	r0, sp, #4
 519 004e FFF7FEFF 		bl	HAL_RCC_ClockConfig
 520              	.LVL21:
 254:Core/Src/main.c ****   {
 521              		.loc 1 254 6 view .LVU130
 522 0052 20B9     		cbnz	r0, .L36
 258:Core/Src/main.c **** 
 523              		.loc 1 258 1 view .LVU131
 524 0054 11B0     		add	sp, sp, #68
 525              	.LCFI4:
 526              		.cfi_remember_state
 527              		.cfi_def_cfa_offset 4
 528              		@ sp needed
 529 0056 5DF804FB 		ldr	pc, [sp], #4
 530              	.L35:
 531              	.LCFI5:
 532              		.cfi_restore_state
 243:Core/Src/main.c ****   }
 533              		.loc 1 243 5 is_stmt 1 view .LVU132
 534 005a FFF7FEFF 		bl	Error_Handler
 535              	.LVL22:
 536              	.L36:
 256:Core/Src/main.c ****   }
 537              		.loc 1 256 5 view .LVU133
 538 005e FFF7FEFF 		bl	Error_Handler
 539              	.LVL23:
 540              		.cfi_endproc
 541              	.LFE70:
 543              		.section	.text.main,"ax",%progbits
 544              		.align	1
 545              		.global	main
 546              		.syntax unified
 547              		.thumb
 548              		.thumb_func
 549              		.fpu softvfp
 551              	main:
ARM GAS  C:\Users\HOJINY~1\AppData\Local\Temp\ccyXr2YS.s 			page 19


 552              	.LFB69:
 155:Core/Src/main.c ****   /* USER CODE BEGIN 1 */
 553              		.loc 1 155 1 view -0
 554              		.cfi_startproc
 555              		@ args = 0, pretend = 0, frame = 0
 556              		@ frame_needed = 0, uses_anonymous_args = 0
 557 0000 F8B5     		push	{r3, r4, r5, r6, r7, lr}
 558              	.LCFI6:
 559              		.cfi_def_cfa_offset 24
 560              		.cfi_offset 3, -24
 561              		.cfi_offset 4, -20
 562              		.cfi_offset 5, -16
 563              		.cfi_offset 6, -12
 564              		.cfi_offset 7, -8
 565              		.cfi_offset 14, -4
 163:Core/Src/main.c **** 
 566              		.loc 1 163 3 view .LVU135
 567 0002 FFF7FEFF 		bl	HAL_Init
 568              	.LVL24:
 170:Core/Src/main.c **** 
 569              		.loc 1 170 3 view .LVU136
 570 0006 FFF7FEFF 		bl	SystemClock_Config
 571              	.LVL25:
 177:Core/Src/main.c ****   MX_TIM3_Init();
 572              		.loc 1 177 3 view .LVU137
 573 000a FFF7FEFF 		bl	MX_GPIO_Init
 574              	.LVL26:
 178:Core/Src/main.c ****   MX_USART2_UART_Init();
 575              		.loc 1 178 3 view .LVU138
 576 000e FFF7FEFF 		bl	MX_TIM3_Init
 577              	.LVL27:
 179:Core/Src/main.c ****   MX_TIM2_Init();
 578              		.loc 1 179 3 view .LVU139
 579 0012 FFF7FEFF 		bl	MX_USART2_UART_Init
 580              	.LVL28:
 180:Core/Src/main.c ****   /* USER CODE BEGIN 2 */
 581              		.loc 1 180 3 view .LVU140
 582 0016 FFF7FEFF 		bl	MX_TIM2_Init
 583              	.LVL29:
 182:Core/Src/main.c ****   HAL_TIM_IC_Start_IT(&htim3, TIM_CHANNEL_1);
 584              		.loc 1 182 3 view .LVU141
 183:Core/Src/main.c ****   HAL_TIM_PWM_Start(&htim2, TIM_CHANNEL_2);
 585              		.loc 1 183 3 view .LVU142
 586 001a 0021     		movs	r1, #0
 587 001c 3548     		ldr	r0, .L41
 588 001e FFF7FEFF 		bl	HAL_TIM_IC_Start_IT
 589              	.LVL30:
 184:Core/Src/main.c ****   /* USER CODE END 2 */
 590              		.loc 1 184 3 view .LVU143
 591 0022 0421     		movs	r1, #4
 592 0024 3448     		ldr	r0, .L41+4
 593 0026 FFF7FEFF 		bl	HAL_TIM_PWM_Start
 594              	.LVL31:
 182:Core/Src/main.c ****   HAL_TIM_IC_Start_IT(&htim3, TIM_CHANNEL_1);
 595              		.loc 1 182 7 is_stmt 0 view .LVU144
 596 002a 0024     		movs	r4, #0
 597 002c 12E0     		b	.L39
ARM GAS  C:\Users\HOJINY~1\AppData\Local\Temp\ccyXr2YS.s 			page 20


 598              	.LVL32:
 599              	.L38:
 600              	.LBB6:
 213:Core/Src/main.c ****     __HAL_TIM_SetCompare(&htim2, TIM_CHANNEL_2, pulse);
 601              		.loc 1 213 5 is_stmt 1 view .LVU145
 213:Core/Src/main.c ****     __HAL_TIM_SetCompare(&htim2, TIM_CHANNEL_2, pulse);
 602              		.loc 1 213 20 is_stmt 0 view .LVU146
 603 002e 04F16E03 		add	r3, r4, #110
 213:Core/Src/main.c ****     __HAL_TIM_SetCompare(&htim2, TIM_CHANNEL_2, pulse);
 604              		.loc 1 213 11 view .LVU147
 605 0032 324A     		ldr	r2, .L41+8
 606 0034 82FB0312 		smull	r1, r2, r2, r3
 607 0038 DC17     		asrs	r4, r3, #31
 608              	.LVL33:
 213:Core/Src/main.c ****     __HAL_TIM_SetCompare(&htim2, TIM_CHANNEL_2, pulse);
 609              		.loc 1 213 11 view .LVU148
 610 003a C4EBE204 		rsb	r4, r4, r2, asr #3
 611 003e 40F67412 		movw	r2, #2420
 612 0042 02FB1434 		mls	r4, r2, r4, r3
 613              	.LVL34:
 214:Core/Src/main.c ****     
 614              		.loc 1 214 5 is_stmt 1 view .LVU149
 615 0046 2C4B     		ldr	r3, .L41+4
 616              	.LVL35:
 214:Core/Src/main.c ****     
 617              		.loc 1 214 5 is_stmt 0 view .LVU150
 618 0048 1B68     		ldr	r3, [r3]
 619 004a 9C63     		str	r4, [r3, #56]
 216:Core/Src/main.c ****   
 620              		.loc 1 216 5 is_stmt 1 view .LVU151
 621 004c 4FF4C870 		mov	r0, #400
 622 0050 FFF7FEFF 		bl	HAL_Delay
 623              	.LVL36:
 624              	.L39:
 216:Core/Src/main.c ****   
 625              		.loc 1 216 5 is_stmt 0 view .LVU152
 626              	.LBE6:
 189:Core/Src/main.c ****   {
 627              		.loc 1 189 4 is_stmt 1 view .LVU153
 628              	.LBB7:
 196:Core/Src/main.c ****     if(angle >= 0 && angle <= 180){
 629              		.loc 1 196 5 view .LVU154
 196:Core/Src/main.c ****     if(angle >= 0 && angle <= 180){
 630              		.loc 1 196 23 is_stmt 0 view .LVU155
 631 0054 2A4A     		ldr	r2, .L41+12
 632 0056 82FB0432 		smull	r3, r2, r2, r4
 633 005a E317     		asrs	r3, r4, #31
 634 005c C3EBA203 		rsb	r3, r3, r2, asr #2
 196:Core/Src/main.c ****     if(angle >= 0 && angle <= 180){
 635              		.loc 1 196 27 view .LVU156
 636 0060 033B     		subs	r3, r3, #3
 196:Core/Src/main.c ****     if(angle >= 0 && angle <= 180){
 637              		.loc 1 196 9 view .LVU157
 638 0062 03EB8303 		add	r3, r3, r3, lsl #2
 639 0066 5D00     		lsls	r5, r3, #1
 640              	.LVL37:
 197:Core/Src/main.c ****       //measure distance
ARM GAS  C:\Users\HOJINY~1\AppData\Local\Temp\ccyXr2YS.s 			page 21


 641              		.loc 1 197 5 is_stmt 1 view .LVU158
 197:Core/Src/main.c ****       //measure distance
 642              		.loc 1 197 7 is_stmt 0 view .LVU159
 643 0068 B42D     		cmp	r5, #180
 644 006a E0D8     		bhi	.L38
 199:Core/Src/main.c ****       //display distance
 645              		.loc 1 199 7 is_stmt 1 view .LVU160
 646 006c FFF7FEFF 		bl	HCSR04_Read
 647              	.LVL38:
 201:Core/Src/main.c ****       convert_to_array(Distance, Distance_Display);
 648              		.loc 1 201 7 view .LVU161
 649 0070 244F     		ldr	r7, .L41+16
 650 0072 3946     		mov	r1, r7
 651 0074 05F0FE00 		and	r0, r5, #254
 652 0078 FFF7FEFF 		bl	convert_to_array
 653              	.LVL39:
 202:Core/Src/main.c ****       HAL_UART_Transmit(&huart2, angle_str, sizeof(angle_str), 1000);
 654              		.loc 1 202 7 view .LVU162
 655 007c 224E     		ldr	r6, .L41+20
 656 007e 3146     		mov	r1, r6
 657 0080 224B     		ldr	r3, .L41+24
 658 0082 1878     		ldrb	r0, [r3]	@ zero_extendqisi2
 659 0084 FFF7FEFF 		bl	convert_to_array
 660              	.LVL40:
 203:Core/Src/main.c ****       HAL_UART_Transmit(&huart2, Angle_Display, sizeof(Angle_Display), 1000);
 661              		.loc 1 203 7 view .LVU163
 662 0088 214D     		ldr	r5, .L41+28
 663              	.LVL41:
 203:Core/Src/main.c ****       HAL_UART_Transmit(&huart2, Angle_Display, sizeof(Angle_Display), 1000);
 664              		.loc 1 203 7 is_stmt 0 view .LVU164
 665 008a 4FF47A73 		mov	r3, #1000
 666 008e 0622     		movs	r2, #6
 667 0090 2049     		ldr	r1, .L41+32
 668 0092 2846     		mov	r0, r5
 669 0094 FFF7FEFF 		bl	HAL_UART_Transmit
 670              	.LVL42:
 204:Core/Src/main.c ****       HAL_UART_Transmit(&huart2, comma_str, sizeof(comma_str), 1000);
 671              		.loc 1 204 7 is_stmt 1 view .LVU165
 672 0098 4FF47A73 		mov	r3, #1000
 673 009c 0322     		movs	r2, #3
 674 009e 3946     		mov	r1, r7
 675 00a0 2846     		mov	r0, r5
 676 00a2 FFF7FEFF 		bl	HAL_UART_Transmit
 677              	.LVL43:
 205:Core/Src/main.c ****       HAL_UART_Transmit(&huart2, distance_str, sizeof(distance_str), 1000);
 678              		.loc 1 205 7 view .LVU166
 679 00a6 4FF47A73 		mov	r3, #1000
 680 00aa 0222     		movs	r2, #2
 681 00ac 1A49     		ldr	r1, .L41+36
 682 00ae 2846     		mov	r0, r5
 683 00b0 FFF7FEFF 		bl	HAL_UART_Transmit
 684              	.LVL44:
 206:Core/Src/main.c ****       HAL_UART_Transmit(&huart2, space, sizeof(space), 1000);
 685              		.loc 1 206 7 view .LVU167
 686 00b4 4FF47A73 		mov	r3, #1000
 687 00b8 0822     		movs	r2, #8
 688 00ba 1849     		ldr	r1, .L41+40
ARM GAS  C:\Users\HOJINY~1\AppData\Local\Temp\ccyXr2YS.s 			page 22


 689 00bc 2846     		mov	r0, r5
 690 00be FFF7FEFF 		bl	HAL_UART_Transmit
 691              	.LVL45:
 207:Core/Src/main.c ****       HAL_UART_Transmit(&huart2, Distance_Display, sizeof(Distance_Display), 1000);
 692              		.loc 1 207 7 view .LVU168
 693 00c2 4FF47A73 		mov	r3, #1000
 694 00c6 0122     		movs	r2, #1
 695 00c8 1549     		ldr	r1, .L41+44
 696 00ca 2846     		mov	r0, r5
 697 00cc FFF7FEFF 		bl	HAL_UART_Transmit
 698              	.LVL46:
 208:Core/Src/main.c ****       HAL_UART_Transmit(&huart2, next_line, sizeof(next_line), 1000);
 699              		.loc 1 208 7 view .LVU169
 700 00d0 4FF47A73 		mov	r3, #1000
 701 00d4 0322     		movs	r2, #3
 702 00d6 3146     		mov	r1, r6
 703 00d8 2846     		mov	r0, r5
 704 00da FFF7FEFF 		bl	HAL_UART_Transmit
 705              	.LVL47:
 209:Core/Src/main.c ****       HAL_Delay(100);
 706              		.loc 1 209 7 view .LVU170
 707 00de 4FF47A73 		mov	r3, #1000
 708 00e2 0122     		movs	r2, #1
 709 00e4 0F49     		ldr	r1, .L41+48
 710 00e6 2846     		mov	r0, r5
 711 00e8 FFF7FEFF 		bl	HAL_UART_Transmit
 712              	.LVL48:
 210:Core/Src/main.c ****     }
 713              		.loc 1 210 7 view .LVU171
 714 00ec 6420     		movs	r0, #100
 715 00ee FFF7FEFF 		bl	HAL_Delay
 716              	.LVL49:
 717 00f2 9CE7     		b	.L38
 718              	.L42:
 719              		.align	2
 720              	.L41:
 721 00f4 00000000 		.word	htim3
 722 00f8 00000000 		.word	htim2
 723 00fc DFA5D800 		.word	14198239
 724 0100 95204F09 		.word	156180629
 725 0104 00000000 		.word	Angle_Display
 726 0108 00000000 		.word	Distance_Display
 727 010c 00000000 		.word	.LANCHOR4
 728 0110 00000000 		.word	huart2
 729 0114 00000000 		.word	.LANCHOR5
 730 0118 00000000 		.word	.LANCHOR6
 731 011c 00000000 		.word	.LANCHOR7
 732 0120 00000000 		.word	.LANCHOR8
 733 0124 00000000 		.word	.LANCHOR9
 734              	.LBE7:
 735              		.cfi_endproc
 736              	.LFE69:
 738              		.global	next_line
 739              		.global	space
 740              		.global	comma_str
 741              		.global	distance_str
 742              		.global	angle_str
ARM GAS  C:\Users\HOJINY~1\AppData\Local\Temp\ccyXr2YS.s 			page 23


 743              		.comm	Angle_Display,3,4
 744              		.comm	Distance_Display,3,4
 745              		.global	Distance
 746              		.global	Is_First_Captured
 747              		.global	Difference
 748              		.global	IC_Val2
 749              		.global	IC_Val1
 750              		.section	.bss.Difference,"aw",%nobits
 751              		.align	2
 752              		.set	.LANCHOR3,. + 0
 755              	Difference:
 756 0000 00000000 		.space	4
 757              		.section	.bss.Distance,"aw",%nobits
 758              		.set	.LANCHOR4,. + 0
 761              	Distance:
 762 0000 00       		.space	1
 763              		.section	.bss.IC_Val1,"aw",%nobits
 764              		.align	2
 765              		.set	.LANCHOR1,. + 0
 768              	IC_Val1:
 769 0000 00000000 		.space	4
 770              		.section	.bss.IC_Val2,"aw",%nobits
 771              		.align	2
 772              		.set	.LANCHOR2,. + 0
 775              	IC_Val2:
 776 0000 00000000 		.space	4
 777              		.section	.bss.Is_First_Captured,"aw",%nobits
 778              		.set	.LANCHOR0,. + 0
 781              	Is_First_Captured:
 782 0000 00       		.space	1
 783              		.section	.data.angle_str,"aw"
 784              		.align	2
 785              		.set	.LANCHOR5,. + 0
 788              	angle_str:
 789 0000 61       		.byte	97
 790 0001 6E       		.byte	110
 791 0002 67       		.byte	103
 792 0003 6C       		.byte	108
 793 0004 65       		.byte	101
 794 0005 20       		.byte	32
 795              		.section	.data.comma_str,"aw"
 796              		.align	2
 797              		.set	.LANCHOR6,. + 0
 800              	comma_str:
 801 0000 2C       		.byte	44
 802 0001 20       		.byte	32
 803              		.section	.data.distance_str,"aw"
 804              		.align	2
 805              		.set	.LANCHOR7,. + 0
 808              	distance_str:
 809 0000 64       		.byte	100
 810 0001 69       		.byte	105
 811 0002 73       		.byte	115
 812 0003 74       		.byte	116
 813 0004 61       		.byte	97
 814 0005 6E       		.byte	110
 815 0006 63       		.byte	99
ARM GAS  C:\Users\HOJINY~1\AppData\Local\Temp\ccyXr2YS.s 			page 24


 816 0007 65       		.byte	101
 817              		.section	.data.next_line,"aw"
 818              		.align	2
 819              		.set	.LANCHOR9,. + 0
 822              	next_line:
 823 0000 0A       		.byte	10
 824              		.section	.data.space,"aw"
 825              		.align	2
 826              		.set	.LANCHOR8,. + 0
 829              	space:
 830 0000 20       		.byte	32
 831              		.text
 832              	.Letext0:
 833              		.file 3 "c:\\program files (x86)\\gnu tools arm embedded\\8 2019-q3-update\\arm-none-eabi\\include
 834              		.file 4 "c:\\program files (x86)\\gnu tools arm embedded\\8 2019-q3-update\\arm-none-eabi\\include
 835              		.file 5 "Drivers/CMSIS/Include/core_cm3.h"
 836              		.file 6 "Drivers/CMSIS/Device/ST/STM32F1xx/Include/system_stm32f1xx.h"
 837              		.file 7 "Drivers/CMSIS/Device/ST/STM32F1xx/Include/stm32f103xb.h"
 838              		.file 8 "Drivers/STM32F1xx_HAL_Driver/Inc/stm32f1xx_hal_def.h"
 839              		.file 9 "Drivers/STM32F1xx_HAL_Driver/Inc/stm32f1xx_hal_rcc.h"
 840              		.file 10 "Drivers/STM32F1xx_HAL_Driver/Inc/stm32f1xx_hal_rcc_ex.h"
 841              		.file 11 "Drivers/STM32F1xx_HAL_Driver/Inc/stm32f1xx_hal_gpio.h"
 842              		.file 12 "Drivers/STM32F1xx_HAL_Driver/Inc/stm32f1xx_hal_dma.h"
 843              		.file 13 "Drivers/STM32F1xx_HAL_Driver/Inc/stm32f1xx_hal_tim.h"
 844              		.file 14 "Drivers/STM32F1xx_HAL_Driver/Inc/stm32f1xx_hal_uart.h"
 845              		.file 15 "Drivers/STM32F1xx_HAL_Driver/Inc/stm32f1xx_hal.h"
 846              		.file 16 "Core/Inc/tim.h"
 847              		.file 17 "Core/Inc/usart.h"
 848              		.file 18 "Core/Inc/gpio.h"
ARM GAS  C:\Users\HOJINY~1\AppData\Local\Temp\ccyXr2YS.s 			page 25


DEFINED SYMBOLS
                            *ABS*:00000000 main.c
C:\Users\HOJINY~1\AppData\Local\Temp\ccyXr2YS.s:16     .text.delay:00000000 $t
C:\Users\HOJINY~1\AppData\Local\Temp\ccyXr2YS.s:24     .text.delay:00000000 delay
C:\Users\HOJINY~1\AppData\Local\Temp\ccyXr2YS.s:51     .text.delay:00000010 $d
C:\Users\HOJINY~1\AppData\Local\Temp\ccyXr2YS.s:59     .text.HAL_TIM_IC_CaptureCallback:00000000 $t
C:\Users\HOJINY~1\AppData\Local\Temp\ccyXr2YS.s:66     .text.HAL_TIM_IC_CaptureCallback:00000000 HAL_TIM_IC_CaptureCallback
C:\Users\HOJINY~1\AppData\Local\Temp\ccyXr2YS.s:217    .text.HAL_TIM_IC_CaptureCallback:000000b8 $d
C:\Users\HOJINY~1\AppData\Local\Temp\ccyXr2YS.s:230    .text.HCSR04_Read:00000000 $t
C:\Users\HOJINY~1\AppData\Local\Temp\ccyXr2YS.s:237    .text.HCSR04_Read:00000000 HCSR04_Read
C:\Users\HOJINY~1\AppData\Local\Temp\ccyXr2YS.s:276    .text.HCSR04_Read:0000002c $d
C:\Users\HOJINY~1\AppData\Local\Temp\ccyXr2YS.s:282    .text.convert_to_array:00000000 $t
C:\Users\HOJINY~1\AppData\Local\Temp\ccyXr2YS.s:289    .text.convert_to_array:00000000 convert_to_array
C:\Users\HOJINY~1\AppData\Local\Temp\ccyXr2YS.s:389    .text.convert_to_array:0000007c $d
C:\Users\HOJINY~1\AppData\Local\Temp\ccyXr2YS.s:395    .text.Error_Handler:00000000 $t
C:\Users\HOJINY~1\AppData\Local\Temp\ccyXr2YS.s:402    .text.Error_Handler:00000000 Error_Handler
C:\Users\HOJINY~1\AppData\Local\Temp\ccyXr2YS.s:433    .text.SystemClock_Config:00000000 $t
C:\Users\HOJINY~1\AppData\Local\Temp\ccyXr2YS.s:440    .text.SystemClock_Config:00000000 SystemClock_Config
C:\Users\HOJINY~1\AppData\Local\Temp\ccyXr2YS.s:544    .text.main:00000000 $t
C:\Users\HOJINY~1\AppData\Local\Temp\ccyXr2YS.s:551    .text.main:00000000 main
C:\Users\HOJINY~1\AppData\Local\Temp\ccyXr2YS.s:721    .text.main:000000f4 $d
                            *COM*:00000003 Angle_Display
                            *COM*:00000003 Distance_Display
C:\Users\HOJINY~1\AppData\Local\Temp\ccyXr2YS.s:822    .data.next_line:00000000 next_line
C:\Users\HOJINY~1\AppData\Local\Temp\ccyXr2YS.s:829    .data.space:00000000 space
C:\Users\HOJINY~1\AppData\Local\Temp\ccyXr2YS.s:800    .data.comma_str:00000000 comma_str
C:\Users\HOJINY~1\AppData\Local\Temp\ccyXr2YS.s:808    .data.distance_str:00000000 distance_str
C:\Users\HOJINY~1\AppData\Local\Temp\ccyXr2YS.s:788    .data.angle_str:00000000 angle_str
C:\Users\HOJINY~1\AppData\Local\Temp\ccyXr2YS.s:761    .bss.Distance:00000000 Distance
C:\Users\HOJINY~1\AppData\Local\Temp\ccyXr2YS.s:781    .bss.Is_First_Captured:00000000 Is_First_Captured
C:\Users\HOJINY~1\AppData\Local\Temp\ccyXr2YS.s:755    .bss.Difference:00000000 Difference
C:\Users\HOJINY~1\AppData\Local\Temp\ccyXr2YS.s:775    .bss.IC_Val2:00000000 IC_Val2
C:\Users\HOJINY~1\AppData\Local\Temp\ccyXr2YS.s:768    .bss.IC_Val1:00000000 IC_Val1
C:\Users\HOJINY~1\AppData\Local\Temp\ccyXr2YS.s:751    .bss.Difference:00000000 $d
C:\Users\HOJINY~1\AppData\Local\Temp\ccyXr2YS.s:762    .bss.Distance:00000000 $d
C:\Users\HOJINY~1\AppData\Local\Temp\ccyXr2YS.s:764    .bss.IC_Val1:00000000 $d
C:\Users\HOJINY~1\AppData\Local\Temp\ccyXr2YS.s:771    .bss.IC_Val2:00000000 $d
C:\Users\HOJINY~1\AppData\Local\Temp\ccyXr2YS.s:782    .bss.Is_First_Captured:00000000 $d
C:\Users\HOJINY~1\AppData\Local\Temp\ccyXr2YS.s:784    .data.angle_str:00000000 $d
C:\Users\HOJINY~1\AppData\Local\Temp\ccyXr2YS.s:796    .data.comma_str:00000000 $d
C:\Users\HOJINY~1\AppData\Local\Temp\ccyXr2YS.s:804    .data.distance_str:00000000 $d
C:\Users\HOJINY~1\AppData\Local\Temp\ccyXr2YS.s:818    .data.next_line:00000000 $d
C:\Users\HOJINY~1\AppData\Local\Temp\ccyXr2YS.s:825    .data.space:00000000 $d

UNDEFINED SYMBOLS
htim3
__aeabi_ui2d
__aeabi_dmul
__aeabi_d2uiz
HAL_TIM_ReadCapturedValue
HAL_GPIO_WritePin
HAL_RCC_OscConfig
HAL_RCC_ClockConfig
HAL_Init
MX_GPIO_Init
MX_TIM3_Init
MX_USART2_UART_Init
ARM GAS  C:\Users\HOJINY~1\AppData\Local\Temp\ccyXr2YS.s 			page 26


MX_TIM2_Init
HAL_TIM_IC_Start_IT
HAL_TIM_PWM_Start
HAL_Delay
HAL_UART_Transmit
htim2
huart2
