ARM GAS  C:\Users\HOJINY~1\AppData\Local\Temp\ccvoEk5d.s 			page 1


   1              		.cpu cortex-m3
   2              		.eabi_attribute 20, 1
   3              		.eabi_attribute 21, 1
   4              		.eabi_attribute 23, 3
   5              		.eabi_attribute 24, 1
   6              		.eabi_attribute 25, 1
   7              		.eabi_attribute 26, 1
   8              		.eabi_attribute 30, 1
   9              		.eabi_attribute 34, 1
  10              		.eabi_attribute 18, 4
  11              		.file	"stm32f1xx_hal_exti.c"
  12              		.text
  13              	.Ltext0:
  14              		.cfi_sections	.debug_frame
  15              		.section	.text.HAL_EXTI_SetConfigLine,"ax",%progbits
  16              		.align	1
  17              		.global	HAL_EXTI_SetConfigLine
  18              		.arch armv7-m
  19              		.syntax unified
  20              		.thumb
  21              		.thumb_func
  22              		.fpu softvfp
  24              	HAL_EXTI_SetConfigLine:
  25              	.LVL0:
  26              	.LFB65:
  27              		.file 1 "Drivers/STM32F1xx_HAL_Driver/Src/stm32f1xx_hal_exti.c"
   1:Drivers/STM32F1xx_HAL_Driver/Src/stm32f1xx_hal_exti.c **** /**
   2:Drivers/STM32F1xx_HAL_Driver/Src/stm32f1xx_hal_exti.c ****   ******************************************************************************
   3:Drivers/STM32F1xx_HAL_Driver/Src/stm32f1xx_hal_exti.c ****   * @file    stm32f1xx_hal_exti.c
   4:Drivers/STM32F1xx_HAL_Driver/Src/stm32f1xx_hal_exti.c ****   * @author  MCD Application Team
   5:Drivers/STM32F1xx_HAL_Driver/Src/stm32f1xx_hal_exti.c ****   * @brief   EXTI HAL module driver.
   6:Drivers/STM32F1xx_HAL_Driver/Src/stm32f1xx_hal_exti.c ****   *          This file provides firmware functions to manage the following
   7:Drivers/STM32F1xx_HAL_Driver/Src/stm32f1xx_hal_exti.c ****   *          functionalities of the Extended Interrupts and events controller (EXTI) peripheral:
   8:Drivers/STM32F1xx_HAL_Driver/Src/stm32f1xx_hal_exti.c ****   *           + Initialization and de-initialization functions
   9:Drivers/STM32F1xx_HAL_Driver/Src/stm32f1xx_hal_exti.c ****   *           + IO operation functions
  10:Drivers/STM32F1xx_HAL_Driver/Src/stm32f1xx_hal_exti.c ****   *
  11:Drivers/STM32F1xx_HAL_Driver/Src/stm32f1xx_hal_exti.c ****   @verbatim
  12:Drivers/STM32F1xx_HAL_Driver/Src/stm32f1xx_hal_exti.c ****   ==============================================================================
  13:Drivers/STM32F1xx_HAL_Driver/Src/stm32f1xx_hal_exti.c ****                     ##### EXTI Peripheral features #####
  14:Drivers/STM32F1xx_HAL_Driver/Src/stm32f1xx_hal_exti.c ****   ==============================================================================
  15:Drivers/STM32F1xx_HAL_Driver/Src/stm32f1xx_hal_exti.c ****   [..]
  16:Drivers/STM32F1xx_HAL_Driver/Src/stm32f1xx_hal_exti.c ****     (+) Each Exti line can be configured within this driver.
  17:Drivers/STM32F1xx_HAL_Driver/Src/stm32f1xx_hal_exti.c **** 
  18:Drivers/STM32F1xx_HAL_Driver/Src/stm32f1xx_hal_exti.c ****     (+) Exti line can be configured in 3 different modes
  19:Drivers/STM32F1xx_HAL_Driver/Src/stm32f1xx_hal_exti.c ****         (++) Interrupt
  20:Drivers/STM32F1xx_HAL_Driver/Src/stm32f1xx_hal_exti.c ****         (++) Event
  21:Drivers/STM32F1xx_HAL_Driver/Src/stm32f1xx_hal_exti.c ****         (++) Both of them
  22:Drivers/STM32F1xx_HAL_Driver/Src/stm32f1xx_hal_exti.c **** 
  23:Drivers/STM32F1xx_HAL_Driver/Src/stm32f1xx_hal_exti.c ****     (+) Configurable Exti lines can be configured with 3 different triggers
  24:Drivers/STM32F1xx_HAL_Driver/Src/stm32f1xx_hal_exti.c ****         (++) Rising
  25:Drivers/STM32F1xx_HAL_Driver/Src/stm32f1xx_hal_exti.c ****         (++) Falling
  26:Drivers/STM32F1xx_HAL_Driver/Src/stm32f1xx_hal_exti.c ****         (++) Both of them
  27:Drivers/STM32F1xx_HAL_Driver/Src/stm32f1xx_hal_exti.c **** 
  28:Drivers/STM32F1xx_HAL_Driver/Src/stm32f1xx_hal_exti.c ****     (+) When set in interrupt mode, configurable Exti lines have two different
  29:Drivers/STM32F1xx_HAL_Driver/Src/stm32f1xx_hal_exti.c ****         interrupts pending registers which allow to distinguish which transition
  30:Drivers/STM32F1xx_HAL_Driver/Src/stm32f1xx_hal_exti.c ****         occurs:
  31:Drivers/STM32F1xx_HAL_Driver/Src/stm32f1xx_hal_exti.c ****         (++) Rising edge pending interrupt
ARM GAS  C:\Users\HOJINY~1\AppData\Local\Temp\ccvoEk5d.s 			page 2


  32:Drivers/STM32F1xx_HAL_Driver/Src/stm32f1xx_hal_exti.c ****         (++) Falling
  33:Drivers/STM32F1xx_HAL_Driver/Src/stm32f1xx_hal_exti.c **** 
  34:Drivers/STM32F1xx_HAL_Driver/Src/stm32f1xx_hal_exti.c ****     (+) Exti lines 0 to 15 are linked to gpio pin number 0 to 15. Gpio port can
  35:Drivers/STM32F1xx_HAL_Driver/Src/stm32f1xx_hal_exti.c ****         be selected through multiplexer.
  36:Drivers/STM32F1xx_HAL_Driver/Src/stm32f1xx_hal_exti.c **** 
  37:Drivers/STM32F1xx_HAL_Driver/Src/stm32f1xx_hal_exti.c ****                      ##### How to use this driver #####
  38:Drivers/STM32F1xx_HAL_Driver/Src/stm32f1xx_hal_exti.c ****   ==============================================================================
  39:Drivers/STM32F1xx_HAL_Driver/Src/stm32f1xx_hal_exti.c ****   [..]
  40:Drivers/STM32F1xx_HAL_Driver/Src/stm32f1xx_hal_exti.c **** 
  41:Drivers/STM32F1xx_HAL_Driver/Src/stm32f1xx_hal_exti.c ****     (#) Configure the EXTI line using HAL_EXTI_SetConfigLine().
  42:Drivers/STM32F1xx_HAL_Driver/Src/stm32f1xx_hal_exti.c ****         (++) Choose the interrupt line number by setting "Line" member from
  43:Drivers/STM32F1xx_HAL_Driver/Src/stm32f1xx_hal_exti.c ****              EXTI_ConfigTypeDef structure.
  44:Drivers/STM32F1xx_HAL_Driver/Src/stm32f1xx_hal_exti.c ****         (++) Configure the interrupt and/or event mode using "Mode" member from
  45:Drivers/STM32F1xx_HAL_Driver/Src/stm32f1xx_hal_exti.c ****              EXTI_ConfigTypeDef structure.
  46:Drivers/STM32F1xx_HAL_Driver/Src/stm32f1xx_hal_exti.c ****         (++) For configurable lines, configure rising and/or falling trigger
  47:Drivers/STM32F1xx_HAL_Driver/Src/stm32f1xx_hal_exti.c ****              "Trigger" member from EXTI_ConfigTypeDef structure.
  48:Drivers/STM32F1xx_HAL_Driver/Src/stm32f1xx_hal_exti.c ****         (++) For Exti lines linked to gpio, choose gpio port using "GPIOSel"
  49:Drivers/STM32F1xx_HAL_Driver/Src/stm32f1xx_hal_exti.c ****              member from GPIO_InitTypeDef structure.
  50:Drivers/STM32F1xx_HAL_Driver/Src/stm32f1xx_hal_exti.c **** 
  51:Drivers/STM32F1xx_HAL_Driver/Src/stm32f1xx_hal_exti.c ****     (#) Get current Exti configuration of a dedicated line using
  52:Drivers/STM32F1xx_HAL_Driver/Src/stm32f1xx_hal_exti.c ****         HAL_EXTI_GetConfigLine().
  53:Drivers/STM32F1xx_HAL_Driver/Src/stm32f1xx_hal_exti.c ****         (++) Provide exiting handle as parameter.
  54:Drivers/STM32F1xx_HAL_Driver/Src/stm32f1xx_hal_exti.c ****         (++) Provide pointer on EXTI_ConfigTypeDef structure as second parameter.
  55:Drivers/STM32F1xx_HAL_Driver/Src/stm32f1xx_hal_exti.c **** 
  56:Drivers/STM32F1xx_HAL_Driver/Src/stm32f1xx_hal_exti.c ****     (#) Clear Exti configuration of a dedicated line using HAL_EXTI_GetConfigLine().
  57:Drivers/STM32F1xx_HAL_Driver/Src/stm32f1xx_hal_exti.c ****         (++) Provide exiting handle as parameter.
  58:Drivers/STM32F1xx_HAL_Driver/Src/stm32f1xx_hal_exti.c **** 
  59:Drivers/STM32F1xx_HAL_Driver/Src/stm32f1xx_hal_exti.c ****     (#) Register callback to treat Exti interrupts using HAL_EXTI_RegisterCallback().
  60:Drivers/STM32F1xx_HAL_Driver/Src/stm32f1xx_hal_exti.c ****         (++) Provide exiting handle as first parameter.
  61:Drivers/STM32F1xx_HAL_Driver/Src/stm32f1xx_hal_exti.c ****         (++) Provide which callback will be registered using one value from
  62:Drivers/STM32F1xx_HAL_Driver/Src/stm32f1xx_hal_exti.c ****              EXTI_CallbackIDTypeDef.
  63:Drivers/STM32F1xx_HAL_Driver/Src/stm32f1xx_hal_exti.c ****         (++) Provide callback function pointer.
  64:Drivers/STM32F1xx_HAL_Driver/Src/stm32f1xx_hal_exti.c **** 
  65:Drivers/STM32F1xx_HAL_Driver/Src/stm32f1xx_hal_exti.c ****     (#) Get interrupt pending bit using HAL_EXTI_GetPending().
  66:Drivers/STM32F1xx_HAL_Driver/Src/stm32f1xx_hal_exti.c **** 
  67:Drivers/STM32F1xx_HAL_Driver/Src/stm32f1xx_hal_exti.c ****     (#) Clear interrupt pending bit using HAL_EXTI_GetPending().
  68:Drivers/STM32F1xx_HAL_Driver/Src/stm32f1xx_hal_exti.c **** 
  69:Drivers/STM32F1xx_HAL_Driver/Src/stm32f1xx_hal_exti.c ****     (#) Generate software interrupt using HAL_EXTI_GenerateSWI().
  70:Drivers/STM32F1xx_HAL_Driver/Src/stm32f1xx_hal_exti.c **** 
  71:Drivers/STM32F1xx_HAL_Driver/Src/stm32f1xx_hal_exti.c ****   @endverbatim
  72:Drivers/STM32F1xx_HAL_Driver/Src/stm32f1xx_hal_exti.c ****   ******************************************************************************
  73:Drivers/STM32F1xx_HAL_Driver/Src/stm32f1xx_hal_exti.c ****   * @attention
  74:Drivers/STM32F1xx_HAL_Driver/Src/stm32f1xx_hal_exti.c ****   *
  75:Drivers/STM32F1xx_HAL_Driver/Src/stm32f1xx_hal_exti.c ****   * <h2><center>&copy; Copyright (c) 2019 STMicroelectronics.
  76:Drivers/STM32F1xx_HAL_Driver/Src/stm32f1xx_hal_exti.c ****   * All rights reserved.</center></h2>
  77:Drivers/STM32F1xx_HAL_Driver/Src/stm32f1xx_hal_exti.c ****   *
  78:Drivers/STM32F1xx_HAL_Driver/Src/stm32f1xx_hal_exti.c ****   * This software component is licensed by ST under BSD 3-Clause license,
  79:Drivers/STM32F1xx_HAL_Driver/Src/stm32f1xx_hal_exti.c ****   * the "License"; You may not use this file except in compliance with the
  80:Drivers/STM32F1xx_HAL_Driver/Src/stm32f1xx_hal_exti.c ****   * License. You may obtain a copy of the License at:
  81:Drivers/STM32F1xx_HAL_Driver/Src/stm32f1xx_hal_exti.c ****   *                        opensource.org/licenses/BSD-3-Clause
  82:Drivers/STM32F1xx_HAL_Driver/Src/stm32f1xx_hal_exti.c ****   *
  83:Drivers/STM32F1xx_HAL_Driver/Src/stm32f1xx_hal_exti.c ****   ******************************************************************************
  84:Drivers/STM32F1xx_HAL_Driver/Src/stm32f1xx_hal_exti.c ****   */
  85:Drivers/STM32F1xx_HAL_Driver/Src/stm32f1xx_hal_exti.c **** 
  86:Drivers/STM32F1xx_HAL_Driver/Src/stm32f1xx_hal_exti.c **** /* Includes ------------------------------------------------------------------*/
  87:Drivers/STM32F1xx_HAL_Driver/Src/stm32f1xx_hal_exti.c **** #include "stm32f1xx_hal.h"
  88:Drivers/STM32F1xx_HAL_Driver/Src/stm32f1xx_hal_exti.c **** 
ARM GAS  C:\Users\HOJINY~1\AppData\Local\Temp\ccvoEk5d.s 			page 3


  89:Drivers/STM32F1xx_HAL_Driver/Src/stm32f1xx_hal_exti.c **** /** @addtogroup STM32F1xx_HAL_Driver
  90:Drivers/STM32F1xx_HAL_Driver/Src/stm32f1xx_hal_exti.c ****   * @{
  91:Drivers/STM32F1xx_HAL_Driver/Src/stm32f1xx_hal_exti.c ****   */
  92:Drivers/STM32F1xx_HAL_Driver/Src/stm32f1xx_hal_exti.c **** 
  93:Drivers/STM32F1xx_HAL_Driver/Src/stm32f1xx_hal_exti.c **** /** @addtogroup EXTI
  94:Drivers/STM32F1xx_HAL_Driver/Src/stm32f1xx_hal_exti.c ****   * @{
  95:Drivers/STM32F1xx_HAL_Driver/Src/stm32f1xx_hal_exti.c ****   */
  96:Drivers/STM32F1xx_HAL_Driver/Src/stm32f1xx_hal_exti.c **** /** MISRA C:2012 deviation rule has been granted for following rule:
  97:Drivers/STM32F1xx_HAL_Driver/Src/stm32f1xx_hal_exti.c ****   * Rule-18.1_b - Medium: Array `EXTICR' 1st subscript interval [0,7] may be out
  98:Drivers/STM32F1xx_HAL_Driver/Src/stm32f1xx_hal_exti.c ****   * of bounds [0,3] in following API :
  99:Drivers/STM32F1xx_HAL_Driver/Src/stm32f1xx_hal_exti.c ****   * HAL_EXTI_SetConfigLine
 100:Drivers/STM32F1xx_HAL_Driver/Src/stm32f1xx_hal_exti.c ****   * HAL_EXTI_GetConfigLine
 101:Drivers/STM32F1xx_HAL_Driver/Src/stm32f1xx_hal_exti.c ****   * HAL_EXTI_ClearConfigLine
 102:Drivers/STM32F1xx_HAL_Driver/Src/stm32f1xx_hal_exti.c ****   */
 103:Drivers/STM32F1xx_HAL_Driver/Src/stm32f1xx_hal_exti.c **** 
 104:Drivers/STM32F1xx_HAL_Driver/Src/stm32f1xx_hal_exti.c **** #ifdef HAL_EXTI_MODULE_ENABLED
 105:Drivers/STM32F1xx_HAL_Driver/Src/stm32f1xx_hal_exti.c **** 
 106:Drivers/STM32F1xx_HAL_Driver/Src/stm32f1xx_hal_exti.c **** /* Private typedef -----------------------------------------------------------*/
 107:Drivers/STM32F1xx_HAL_Driver/Src/stm32f1xx_hal_exti.c **** /* Private defines -----------------------------------------------------------*/
 108:Drivers/STM32F1xx_HAL_Driver/Src/stm32f1xx_hal_exti.c **** /** @defgroup EXTI_Private_Constants EXTI Private Constants
 109:Drivers/STM32F1xx_HAL_Driver/Src/stm32f1xx_hal_exti.c ****   * @{
 110:Drivers/STM32F1xx_HAL_Driver/Src/stm32f1xx_hal_exti.c ****   */
 111:Drivers/STM32F1xx_HAL_Driver/Src/stm32f1xx_hal_exti.c **** 
 112:Drivers/STM32F1xx_HAL_Driver/Src/stm32f1xx_hal_exti.c **** /**
 113:Drivers/STM32F1xx_HAL_Driver/Src/stm32f1xx_hal_exti.c ****   * @}
 114:Drivers/STM32F1xx_HAL_Driver/Src/stm32f1xx_hal_exti.c ****   */
 115:Drivers/STM32F1xx_HAL_Driver/Src/stm32f1xx_hal_exti.c **** 
 116:Drivers/STM32F1xx_HAL_Driver/Src/stm32f1xx_hal_exti.c **** /* Private macros ------------------------------------------------------------*/
 117:Drivers/STM32F1xx_HAL_Driver/Src/stm32f1xx_hal_exti.c **** /* Private variables ---------------------------------------------------------*/
 118:Drivers/STM32F1xx_HAL_Driver/Src/stm32f1xx_hal_exti.c **** /* Private function prototypes -----------------------------------------------*/
 119:Drivers/STM32F1xx_HAL_Driver/Src/stm32f1xx_hal_exti.c **** /* Exported functions --------------------------------------------------------*/
 120:Drivers/STM32F1xx_HAL_Driver/Src/stm32f1xx_hal_exti.c **** 
 121:Drivers/STM32F1xx_HAL_Driver/Src/stm32f1xx_hal_exti.c **** /** @addtogroup EXTI_Exported_Functions
 122:Drivers/STM32F1xx_HAL_Driver/Src/stm32f1xx_hal_exti.c ****   * @{
 123:Drivers/STM32F1xx_HAL_Driver/Src/stm32f1xx_hal_exti.c ****   */
 124:Drivers/STM32F1xx_HAL_Driver/Src/stm32f1xx_hal_exti.c **** 
 125:Drivers/STM32F1xx_HAL_Driver/Src/stm32f1xx_hal_exti.c **** /** @addtogroup EXTI_Exported_Functions_Group1
 126:Drivers/STM32F1xx_HAL_Driver/Src/stm32f1xx_hal_exti.c ****   *  @brief    Configuration functions
 127:Drivers/STM32F1xx_HAL_Driver/Src/stm32f1xx_hal_exti.c ****   *
 128:Drivers/STM32F1xx_HAL_Driver/Src/stm32f1xx_hal_exti.c **** @verbatim
 129:Drivers/STM32F1xx_HAL_Driver/Src/stm32f1xx_hal_exti.c ****  ===============================================================================
 130:Drivers/STM32F1xx_HAL_Driver/Src/stm32f1xx_hal_exti.c ****               ##### Configuration functions #####
 131:Drivers/STM32F1xx_HAL_Driver/Src/stm32f1xx_hal_exti.c ****  ===============================================================================
 132:Drivers/STM32F1xx_HAL_Driver/Src/stm32f1xx_hal_exti.c **** 
 133:Drivers/STM32F1xx_HAL_Driver/Src/stm32f1xx_hal_exti.c **** @endverbatim
 134:Drivers/STM32F1xx_HAL_Driver/Src/stm32f1xx_hal_exti.c ****   * @{
 135:Drivers/STM32F1xx_HAL_Driver/Src/stm32f1xx_hal_exti.c ****   */
 136:Drivers/STM32F1xx_HAL_Driver/Src/stm32f1xx_hal_exti.c **** 
 137:Drivers/STM32F1xx_HAL_Driver/Src/stm32f1xx_hal_exti.c **** /**
 138:Drivers/STM32F1xx_HAL_Driver/Src/stm32f1xx_hal_exti.c ****   * @brief  Set configuration of a dedicated Exti line.
 139:Drivers/STM32F1xx_HAL_Driver/Src/stm32f1xx_hal_exti.c ****   * @param  hexti Exti handle.
 140:Drivers/STM32F1xx_HAL_Driver/Src/stm32f1xx_hal_exti.c ****   * @param  pExtiConfig Pointer on EXTI configuration to be set.
 141:Drivers/STM32F1xx_HAL_Driver/Src/stm32f1xx_hal_exti.c ****   * @retval HAL Status.
 142:Drivers/STM32F1xx_HAL_Driver/Src/stm32f1xx_hal_exti.c ****   */
 143:Drivers/STM32F1xx_HAL_Driver/Src/stm32f1xx_hal_exti.c **** HAL_StatusTypeDef HAL_EXTI_SetConfigLine(EXTI_HandleTypeDef *hexti, EXTI_ConfigTypeDef *pExtiConfig
 144:Drivers/STM32F1xx_HAL_Driver/Src/stm32f1xx_hal_exti.c **** {
  28              		.loc 1 144 1 view -0
ARM GAS  C:\Users\HOJINY~1\AppData\Local\Temp\ccvoEk5d.s 			page 4


  29              		.cfi_startproc
  30              		@ args = 0, pretend = 0, frame = 0
  31              		@ frame_needed = 0, uses_anonymous_args = 0
  32              		@ link register save eliminated.
 145:Drivers/STM32F1xx_HAL_Driver/Src/stm32f1xx_hal_exti.c ****   uint32_t regval;
  33              		.loc 1 145 3 view .LVU1
 146:Drivers/STM32F1xx_HAL_Driver/Src/stm32f1xx_hal_exti.c ****   uint32_t linepos;
  34              		.loc 1 146 3 view .LVU2
 147:Drivers/STM32F1xx_HAL_Driver/Src/stm32f1xx_hal_exti.c ****   uint32_t maskline;
  35              		.loc 1 147 3 view .LVU3
 148:Drivers/STM32F1xx_HAL_Driver/Src/stm32f1xx_hal_exti.c **** 
 149:Drivers/STM32F1xx_HAL_Driver/Src/stm32f1xx_hal_exti.c ****   /* Check null pointer */
 150:Drivers/STM32F1xx_HAL_Driver/Src/stm32f1xx_hal_exti.c ****   if ((hexti == NULL) || (pExtiConfig == NULL))
  36              		.loc 1 150 3 view .LVU4
  37              		.loc 1 150 6 is_stmt 0 view .LVU5
  38 0000 0028     		cmp	r0, #0
  39 0002 60D0     		beq	.L11
  40              		.loc 1 150 23 discriminator 1 view .LVU6
  41 0004 0029     		cmp	r1, #0
  42 0006 60D0     		beq	.L12
 144:Drivers/STM32F1xx_HAL_Driver/Src/stm32f1xx_hal_exti.c ****   uint32_t regval;
  43              		.loc 1 144 1 view .LVU7
  44 0008 70B4     		push	{r4, r5, r6}
  45              	.LCFI0:
  46              		.cfi_def_cfa_offset 12
  47              		.cfi_offset 4, -12
  48              		.cfi_offset 5, -8
  49              		.cfi_offset 6, -4
 151:Drivers/STM32F1xx_HAL_Driver/Src/stm32f1xx_hal_exti.c ****   {
 152:Drivers/STM32F1xx_HAL_Driver/Src/stm32f1xx_hal_exti.c ****     return HAL_ERROR;
 153:Drivers/STM32F1xx_HAL_Driver/Src/stm32f1xx_hal_exti.c ****   }
 154:Drivers/STM32F1xx_HAL_Driver/Src/stm32f1xx_hal_exti.c **** 
 155:Drivers/STM32F1xx_HAL_Driver/Src/stm32f1xx_hal_exti.c ****   /* Check parameters */
 156:Drivers/STM32F1xx_HAL_Driver/Src/stm32f1xx_hal_exti.c ****   assert_param(IS_EXTI_LINE(pExtiConfig->Line));
  50              		.loc 1 156 3 is_stmt 1 view .LVU8
 157:Drivers/STM32F1xx_HAL_Driver/Src/stm32f1xx_hal_exti.c ****   assert_param(IS_EXTI_MODE(pExtiConfig->Mode));
  51              		.loc 1 157 3 view .LVU9
 158:Drivers/STM32F1xx_HAL_Driver/Src/stm32f1xx_hal_exti.c **** 
 159:Drivers/STM32F1xx_HAL_Driver/Src/stm32f1xx_hal_exti.c ****   /* Assign line number to handle */
 160:Drivers/STM32F1xx_HAL_Driver/Src/stm32f1xx_hal_exti.c ****   hexti->Line = pExtiConfig->Line;
  52              		.loc 1 160 3 view .LVU10
  53              		.loc 1 160 28 is_stmt 0 view .LVU11
  54 000a 0A68     		ldr	r2, [r1]
  55              		.loc 1 160 15 view .LVU12
  56 000c 0260     		str	r2, [r0]
 161:Drivers/STM32F1xx_HAL_Driver/Src/stm32f1xx_hal_exti.c **** 
 162:Drivers/STM32F1xx_HAL_Driver/Src/stm32f1xx_hal_exti.c ****   /* Compute line mask */
 163:Drivers/STM32F1xx_HAL_Driver/Src/stm32f1xx_hal_exti.c ****   linepos = (pExtiConfig->Line & EXTI_PIN_MASK);
  57              		.loc 1 163 3 is_stmt 1 view .LVU13
  58              		.loc 1 163 11 is_stmt 0 view .LVU14
  59 000e 02F01F00 		and	r0, r2, #31
  60              	.LVL1:
 164:Drivers/STM32F1xx_HAL_Driver/Src/stm32f1xx_hal_exti.c ****   maskline = (1uL << linepos);
  61              		.loc 1 164 3 is_stmt 1 view .LVU15
  62              		.loc 1 164 12 is_stmt 0 view .LVU16
  63 0012 0123     		movs	r3, #1
  64 0014 8340     		lsls	r3, r3, r0
ARM GAS  C:\Users\HOJINY~1\AppData\Local\Temp\ccvoEk5d.s 			page 5


  65              	.LVL2:
 165:Drivers/STM32F1xx_HAL_Driver/Src/stm32f1xx_hal_exti.c **** 
 166:Drivers/STM32F1xx_HAL_Driver/Src/stm32f1xx_hal_exti.c ****   /* Configure triggers for configurable lines */
 167:Drivers/STM32F1xx_HAL_Driver/Src/stm32f1xx_hal_exti.c ****   if ((pExtiConfig->Line & EXTI_CONFIG) != 0x00u)
  66              		.loc 1 167 3 is_stmt 1 view .LVU17
  67              		.loc 1 167 6 is_stmt 0 view .LVU18
  68 0016 12F0007F 		tst	r2, #33554432
  69 001a 15D0     		beq	.L3
 168:Drivers/STM32F1xx_HAL_Driver/Src/stm32f1xx_hal_exti.c ****   {
 169:Drivers/STM32F1xx_HAL_Driver/Src/stm32f1xx_hal_exti.c ****     assert_param(IS_EXTI_TRIGGER(pExtiConfig->Trigger));
  70              		.loc 1 169 5 is_stmt 1 view .LVU19
 170:Drivers/STM32F1xx_HAL_Driver/Src/stm32f1xx_hal_exti.c **** 
 171:Drivers/STM32F1xx_HAL_Driver/Src/stm32f1xx_hal_exti.c ****     /* Configure rising trigger */
 172:Drivers/STM32F1xx_HAL_Driver/Src/stm32f1xx_hal_exti.c ****     /* Mask or set line */
 173:Drivers/STM32F1xx_HAL_Driver/Src/stm32f1xx_hal_exti.c ****     if ((pExtiConfig->Trigger & EXTI_TRIGGER_RISING) != 0x00u)
  71              		.loc 1 173 5 view .LVU20
  72              		.loc 1 173 21 is_stmt 0 view .LVU21
  73 001c 8C68     		ldr	r4, [r1, #8]
  74              		.loc 1 173 8 view .LVU22
  75 001e 14F0010F 		tst	r4, #1
  76 0022 24D0     		beq	.L4
 174:Drivers/STM32F1xx_HAL_Driver/Src/stm32f1xx_hal_exti.c ****     {
 175:Drivers/STM32F1xx_HAL_Driver/Src/stm32f1xx_hal_exti.c ****       EXTI->RTSR |= maskline;
  77              		.loc 1 175 7 is_stmt 1 view .LVU23
  78              		.loc 1 175 18 is_stmt 0 view .LVU24
  79 0024 2A4D     		ldr	r5, .L18
  80 0026 AC68     		ldr	r4, [r5, #8]
  81 0028 1C43     		orrs	r4, r4, r3
  82 002a AC60     		str	r4, [r5, #8]
  83              	.L5:
 176:Drivers/STM32F1xx_HAL_Driver/Src/stm32f1xx_hal_exti.c ****     }
 177:Drivers/STM32F1xx_HAL_Driver/Src/stm32f1xx_hal_exti.c ****     else
 178:Drivers/STM32F1xx_HAL_Driver/Src/stm32f1xx_hal_exti.c ****     {
 179:Drivers/STM32F1xx_HAL_Driver/Src/stm32f1xx_hal_exti.c ****       EXTI->RTSR &= ~maskline;
 180:Drivers/STM32F1xx_HAL_Driver/Src/stm32f1xx_hal_exti.c ****     }
 181:Drivers/STM32F1xx_HAL_Driver/Src/stm32f1xx_hal_exti.c **** 
 182:Drivers/STM32F1xx_HAL_Driver/Src/stm32f1xx_hal_exti.c ****     /* Configure falling trigger */
 183:Drivers/STM32F1xx_HAL_Driver/Src/stm32f1xx_hal_exti.c ****     /* Mask or set line */
 184:Drivers/STM32F1xx_HAL_Driver/Src/stm32f1xx_hal_exti.c ****     if ((pExtiConfig->Trigger & EXTI_TRIGGER_FALLING) != 0x00u)
  84              		.loc 1 184 5 is_stmt 1 view .LVU25
  85              		.loc 1 184 21 is_stmt 0 view .LVU26
  86 002c 8C68     		ldr	r4, [r1, #8]
  87              		.loc 1 184 8 view .LVU27
  88 002e 14F0020F 		tst	r4, #2
  89 0032 22D0     		beq	.L6
 185:Drivers/STM32F1xx_HAL_Driver/Src/stm32f1xx_hal_exti.c ****     {
 186:Drivers/STM32F1xx_HAL_Driver/Src/stm32f1xx_hal_exti.c ****       EXTI->FTSR |= maskline;
  90              		.loc 1 186 7 is_stmt 1 view .LVU28
  91              		.loc 1 186 18 is_stmt 0 view .LVU29
  92 0034 264D     		ldr	r5, .L18
  93 0036 EC68     		ldr	r4, [r5, #12]
  94 0038 1C43     		orrs	r4, r4, r3
  95 003a EC60     		str	r4, [r5, #12]
  96              	.L7:
 187:Drivers/STM32F1xx_HAL_Driver/Src/stm32f1xx_hal_exti.c ****     }
 188:Drivers/STM32F1xx_HAL_Driver/Src/stm32f1xx_hal_exti.c ****     else
 189:Drivers/STM32F1xx_HAL_Driver/Src/stm32f1xx_hal_exti.c ****     {
ARM GAS  C:\Users\HOJINY~1\AppData\Local\Temp\ccvoEk5d.s 			page 6


 190:Drivers/STM32F1xx_HAL_Driver/Src/stm32f1xx_hal_exti.c ****       EXTI->FTSR &= ~maskline;
 191:Drivers/STM32F1xx_HAL_Driver/Src/stm32f1xx_hal_exti.c ****     }
 192:Drivers/STM32F1xx_HAL_Driver/Src/stm32f1xx_hal_exti.c **** 
 193:Drivers/STM32F1xx_HAL_Driver/Src/stm32f1xx_hal_exti.c **** 
 194:Drivers/STM32F1xx_HAL_Driver/Src/stm32f1xx_hal_exti.c ****     /* Configure gpio port selection in case of gpio exti line */
 195:Drivers/STM32F1xx_HAL_Driver/Src/stm32f1xx_hal_exti.c ****     if ((pExtiConfig->Line & EXTI_GPIO) == EXTI_GPIO)
  97              		.loc 1 195 5 is_stmt 1 view .LVU30
  98              		.loc 1 195 21 is_stmt 0 view .LVU31
  99 003c 0C68     		ldr	r4, [r1]
 100              		.loc 1 195 28 view .LVU32
 101 003e 04F0C064 		and	r4, r4, #100663296
 102              		.loc 1 195 8 view .LVU33
 103 0042 B4F1C06F 		cmp	r4, #100663296
 104 0046 1ED0     		beq	.L17
 105              	.LVL3:
 106              	.L3:
 196:Drivers/STM32F1xx_HAL_Driver/Src/stm32f1xx_hal_exti.c ****     {
 197:Drivers/STM32F1xx_HAL_Driver/Src/stm32f1xx_hal_exti.c ****       assert_param(IS_EXTI_GPIO_PORT(pExtiConfig->GPIOSel));
 198:Drivers/STM32F1xx_HAL_Driver/Src/stm32f1xx_hal_exti.c ****       assert_param(IS_EXTI_GPIO_PIN(linepos));
 199:Drivers/STM32F1xx_HAL_Driver/Src/stm32f1xx_hal_exti.c ****       
 200:Drivers/STM32F1xx_HAL_Driver/Src/stm32f1xx_hal_exti.c ****       regval = AFIO->EXTICR[linepos >> 2u];
 201:Drivers/STM32F1xx_HAL_Driver/Src/stm32f1xx_hal_exti.c ****       regval &= ~(AFIO_EXTICR1_EXTI0 << (AFIO_EXTICR1_EXTI1_Pos * (linepos & 0x03u)));
 202:Drivers/STM32F1xx_HAL_Driver/Src/stm32f1xx_hal_exti.c ****       regval |= (pExtiConfig->GPIOSel << (AFIO_EXTICR1_EXTI1_Pos * (linepos & 0x03u)));
 203:Drivers/STM32F1xx_HAL_Driver/Src/stm32f1xx_hal_exti.c ****       AFIO->EXTICR[linepos >> 2u] = regval;
 204:Drivers/STM32F1xx_HAL_Driver/Src/stm32f1xx_hal_exti.c ****     }
 205:Drivers/STM32F1xx_HAL_Driver/Src/stm32f1xx_hal_exti.c ****   }
 206:Drivers/STM32F1xx_HAL_Driver/Src/stm32f1xx_hal_exti.c **** 
 207:Drivers/STM32F1xx_HAL_Driver/Src/stm32f1xx_hal_exti.c ****   /* Configure interrupt mode : read current mode */
 208:Drivers/STM32F1xx_HAL_Driver/Src/stm32f1xx_hal_exti.c ****   /* Mask or set line */
 209:Drivers/STM32F1xx_HAL_Driver/Src/stm32f1xx_hal_exti.c ****   if ((pExtiConfig->Mode & EXTI_MODE_INTERRUPT) != 0x00u)
 107              		.loc 1 209 3 is_stmt 1 view .LVU34
 108              		.loc 1 209 19 is_stmt 0 view .LVU35
 109 0048 4A68     		ldr	r2, [r1, #4]
 110              		.loc 1 209 6 view .LVU36
 111 004a 12F0010F 		tst	r2, #1
 112 004e 2DD0     		beq	.L8
 210:Drivers/STM32F1xx_HAL_Driver/Src/stm32f1xx_hal_exti.c ****   {
 211:Drivers/STM32F1xx_HAL_Driver/Src/stm32f1xx_hal_exti.c ****     EXTI->IMR |= maskline;
 113              		.loc 1 211 5 is_stmt 1 view .LVU37
 114              		.loc 1 211 15 is_stmt 0 view .LVU38
 115 0050 1F48     		ldr	r0, .L18
 116 0052 0268     		ldr	r2, [r0]
 117 0054 1A43     		orrs	r2, r2, r3
 118 0056 0260     		str	r2, [r0]
 119              	.L9:
 212:Drivers/STM32F1xx_HAL_Driver/Src/stm32f1xx_hal_exti.c ****   }
 213:Drivers/STM32F1xx_HAL_Driver/Src/stm32f1xx_hal_exti.c ****   else
 214:Drivers/STM32F1xx_HAL_Driver/Src/stm32f1xx_hal_exti.c ****   {
 215:Drivers/STM32F1xx_HAL_Driver/Src/stm32f1xx_hal_exti.c ****     EXTI->IMR &= ~maskline;
 216:Drivers/STM32F1xx_HAL_Driver/Src/stm32f1xx_hal_exti.c ****   }
 217:Drivers/STM32F1xx_HAL_Driver/Src/stm32f1xx_hal_exti.c **** 
 218:Drivers/STM32F1xx_HAL_Driver/Src/stm32f1xx_hal_exti.c ****   /* Configure event mode : read current mode */
 219:Drivers/STM32F1xx_HAL_Driver/Src/stm32f1xx_hal_exti.c ****   /* Mask or set line */
 220:Drivers/STM32F1xx_HAL_Driver/Src/stm32f1xx_hal_exti.c ****   if ((pExtiConfig->Mode & EXTI_MODE_EVENT) != 0x00u)
 120              		.loc 1 220 3 is_stmt 1 view .LVU39
 121              		.loc 1 220 19 is_stmt 0 view .LVU40
 122 0058 4A68     		ldr	r2, [r1, #4]
ARM GAS  C:\Users\HOJINY~1\AppData\Local\Temp\ccvoEk5d.s 			page 7


 123              		.loc 1 220 6 view .LVU41
 124 005a 12F0020F 		tst	r2, #2
 125 005e 2BD0     		beq	.L10
 221:Drivers/STM32F1xx_HAL_Driver/Src/stm32f1xx_hal_exti.c ****   {
 222:Drivers/STM32F1xx_HAL_Driver/Src/stm32f1xx_hal_exti.c ****     EXTI->EMR |= maskline;
 126              		.loc 1 222 5 is_stmt 1 view .LVU42
 127              		.loc 1 222 15 is_stmt 0 view .LVU43
 128 0060 1B49     		ldr	r1, .L18
 129              	.LVL4:
 130              		.loc 1 222 15 view .LVU44
 131 0062 4A68     		ldr	r2, [r1, #4]
 132 0064 1343     		orrs	r3, r3, r2
 133              	.LVL5:
 134              		.loc 1 222 15 view .LVU45
 135 0066 4B60     		str	r3, [r1, #4]
 223:Drivers/STM32F1xx_HAL_Driver/Src/stm32f1xx_hal_exti.c ****   }
 224:Drivers/STM32F1xx_HAL_Driver/Src/stm32f1xx_hal_exti.c ****   else
 225:Drivers/STM32F1xx_HAL_Driver/Src/stm32f1xx_hal_exti.c ****   {
 226:Drivers/STM32F1xx_HAL_Driver/Src/stm32f1xx_hal_exti.c ****     EXTI->EMR &= ~maskline;
 227:Drivers/STM32F1xx_HAL_Driver/Src/stm32f1xx_hal_exti.c ****   }
 228:Drivers/STM32F1xx_HAL_Driver/Src/stm32f1xx_hal_exti.c **** 
 229:Drivers/STM32F1xx_HAL_Driver/Src/stm32f1xx_hal_exti.c ****   return HAL_OK;
 136              		.loc 1 229 10 view .LVU46
 137 0068 0020     		movs	r0, #0
 138              	.L2:
 230:Drivers/STM32F1xx_HAL_Driver/Src/stm32f1xx_hal_exti.c **** }
 139              		.loc 1 230 1 view .LVU47
 140 006a 70BC     		pop	{r4, r5, r6}
 141              	.LCFI1:
 142              		.cfi_remember_state
 143              		.cfi_restore 6
 144              		.cfi_restore 5
 145              		.cfi_restore 4
 146              		.cfi_def_cfa_offset 0
 147 006c 7047     		bx	lr
 148              	.LVL6:
 149              	.L4:
 150              	.LCFI2:
 151              		.cfi_restore_state
 179:Drivers/STM32F1xx_HAL_Driver/Src/stm32f1xx_hal_exti.c ****     }
 152              		.loc 1 179 7 is_stmt 1 view .LVU48
 179:Drivers/STM32F1xx_HAL_Driver/Src/stm32f1xx_hal_exti.c ****     }
 153              		.loc 1 179 18 is_stmt 0 view .LVU49
 154 006e 184D     		ldr	r5, .L18
 155 0070 AC68     		ldr	r4, [r5, #8]
 156 0072 24EA0304 		bic	r4, r4, r3
 157 0076 AC60     		str	r4, [r5, #8]
 158 0078 D8E7     		b	.L5
 159              	.L6:
 190:Drivers/STM32F1xx_HAL_Driver/Src/stm32f1xx_hal_exti.c ****     }
 160              		.loc 1 190 7 is_stmt 1 view .LVU50
 190:Drivers/STM32F1xx_HAL_Driver/Src/stm32f1xx_hal_exti.c ****     }
 161              		.loc 1 190 18 is_stmt 0 view .LVU51
 162 007a 154D     		ldr	r5, .L18
 163 007c EC68     		ldr	r4, [r5, #12]
 164 007e 24EA0304 		bic	r4, r4, r3
 165 0082 EC60     		str	r4, [r5, #12]
ARM GAS  C:\Users\HOJINY~1\AppData\Local\Temp\ccvoEk5d.s 			page 8


 166 0084 DAE7     		b	.L7
 167              	.L17:
 197:Drivers/STM32F1xx_HAL_Driver/Src/stm32f1xx_hal_exti.c ****       assert_param(IS_EXTI_GPIO_PIN(linepos));
 168              		.loc 1 197 7 is_stmt 1 view .LVU52
 198:Drivers/STM32F1xx_HAL_Driver/Src/stm32f1xx_hal_exti.c ****       
 169              		.loc 1 198 7 view .LVU53
 200:Drivers/STM32F1xx_HAL_Driver/Src/stm32f1xx_hal_exti.c ****       regval &= ~(AFIO_EXTICR1_EXTI0 << (AFIO_EXTICR1_EXTI1_Pos * (linepos & 0x03u)));
 170              		.loc 1 200 7 view .LVU54
 200:Drivers/STM32F1xx_HAL_Driver/Src/stm32f1xx_hal_exti.c ****       regval &= ~(AFIO_EXTICR1_EXTI0 << (AFIO_EXTICR1_EXTI1_Pos * (linepos & 0x03u)));
 171              		.loc 1 200 37 is_stmt 0 view .LVU55
 172 0086 8008     		lsrs	r0, r0, #2
 173              	.LVL7:
 200:Drivers/STM32F1xx_HAL_Driver/Src/stm32f1xx_hal_exti.c ****       regval &= ~(AFIO_EXTICR1_EXTI0 << (AFIO_EXTICR1_EXTI1_Pos * (linepos & 0x03u)));
 174              		.loc 1 200 14 view .LVU56
 175 0088 124E     		ldr	r6, .L18+4
 176 008a 0230     		adds	r0, r0, #2
 177 008c 56F82050 		ldr	r5, [r6, r0, lsl #2]
 178              	.LVL8:
 201:Drivers/STM32F1xx_HAL_Driver/Src/stm32f1xx_hal_exti.c ****       regval |= (pExtiConfig->GPIOSel << (AFIO_EXTICR1_EXTI1_Pos * (linepos & 0x03u)));
 179              		.loc 1 201 7 is_stmt 1 view .LVU57
 201:Drivers/STM32F1xx_HAL_Driver/Src/stm32f1xx_hal_exti.c ****       regval |= (pExtiConfig->GPIOSel << (AFIO_EXTICR1_EXTI1_Pos * (linepos & 0x03u)));
 180              		.loc 1 201 76 is_stmt 0 view .LVU58
 181 0090 02F00302 		and	r2, r2, #3
 182              	.LVL9:
 201:Drivers/STM32F1xx_HAL_Driver/Src/stm32f1xx_hal_exti.c ****       regval |= (pExtiConfig->GPIOSel << (AFIO_EXTICR1_EXTI1_Pos * (linepos & 0x03u)));
 183              		.loc 1 201 65 view .LVU59
 184 0094 9200     		lsls	r2, r2, #2
 201:Drivers/STM32F1xx_HAL_Driver/Src/stm32f1xx_hal_exti.c ****       regval |= (pExtiConfig->GPIOSel << (AFIO_EXTICR1_EXTI1_Pos * (linepos & 0x03u)));
 185              		.loc 1 201 38 view .LVU60
 186 0096 0F24     		movs	r4, #15
 187 0098 9440     		lsls	r4, r4, r2
 201:Drivers/STM32F1xx_HAL_Driver/Src/stm32f1xx_hal_exti.c ****       regval |= (pExtiConfig->GPIOSel << (AFIO_EXTICR1_EXTI1_Pos * (linepos & 0x03u)));
 188              		.loc 1 201 14 view .LVU61
 189 009a 25EA0405 		bic	r5, r5, r4
 190              	.LVL10:
 202:Drivers/STM32F1xx_HAL_Driver/Src/stm32f1xx_hal_exti.c ****       AFIO->EXTICR[linepos >> 2u] = regval;
 191              		.loc 1 202 7 is_stmt 1 view .LVU62
 202:Drivers/STM32F1xx_HAL_Driver/Src/stm32f1xx_hal_exti.c ****       AFIO->EXTICR[linepos >> 2u] = regval;
 192              		.loc 1 202 29 is_stmt 0 view .LVU63
 193 009e CC68     		ldr	r4, [r1, #12]
 202:Drivers/STM32F1xx_HAL_Driver/Src/stm32f1xx_hal_exti.c ****       AFIO->EXTICR[linepos >> 2u] = regval;
 194              		.loc 1 202 39 view .LVU64
 195 00a0 04FA02F2 		lsl	r2, r4, r2
 202:Drivers/STM32F1xx_HAL_Driver/Src/stm32f1xx_hal_exti.c ****       AFIO->EXTICR[linepos >> 2u] = regval;
 196              		.loc 1 202 14 view .LVU65
 197 00a4 2A43     		orrs	r2, r2, r5
 198              	.LVL11:
 203:Drivers/STM32F1xx_HAL_Driver/Src/stm32f1xx_hal_exti.c ****     }
 199              		.loc 1 203 7 is_stmt 1 view .LVU66
 203:Drivers/STM32F1xx_HAL_Driver/Src/stm32f1xx_hal_exti.c ****     }
 200              		.loc 1 203 35 is_stmt 0 view .LVU67
 201 00a6 46F82020 		str	r2, [r6, r0, lsl #2]
 202 00aa CDE7     		b	.L3
 203              	.LVL12:
 204              	.L8:
 215:Drivers/STM32F1xx_HAL_Driver/Src/stm32f1xx_hal_exti.c ****   }
 205              		.loc 1 215 5 is_stmt 1 view .LVU68
ARM GAS  C:\Users\HOJINY~1\AppData\Local\Temp\ccvoEk5d.s 			page 9


 215:Drivers/STM32F1xx_HAL_Driver/Src/stm32f1xx_hal_exti.c ****   }
 206              		.loc 1 215 15 is_stmt 0 view .LVU69
 207 00ac 0848     		ldr	r0, .L18
 208 00ae 0268     		ldr	r2, [r0]
 209 00b0 22EA0302 		bic	r2, r2, r3
 210 00b4 0260     		str	r2, [r0]
 211 00b6 CFE7     		b	.L9
 212              	.L10:
 226:Drivers/STM32F1xx_HAL_Driver/Src/stm32f1xx_hal_exti.c ****   }
 213              		.loc 1 226 5 is_stmt 1 view .LVU70
 226:Drivers/STM32F1xx_HAL_Driver/Src/stm32f1xx_hal_exti.c ****   }
 214              		.loc 1 226 15 is_stmt 0 view .LVU71
 215 00b8 0549     		ldr	r1, .L18
 216              	.LVL13:
 226:Drivers/STM32F1xx_HAL_Driver/Src/stm32f1xx_hal_exti.c ****   }
 217              		.loc 1 226 15 view .LVU72
 218 00ba 4A68     		ldr	r2, [r1, #4]
 219 00bc 22EA0303 		bic	r3, r2, r3
 220              	.LVL14:
 226:Drivers/STM32F1xx_HAL_Driver/Src/stm32f1xx_hal_exti.c ****   }
 221              		.loc 1 226 15 view .LVU73
 222 00c0 4B60     		str	r3, [r1, #4]
 229:Drivers/STM32F1xx_HAL_Driver/Src/stm32f1xx_hal_exti.c **** }
 223              		.loc 1 229 10 view .LVU74
 224 00c2 0020     		movs	r0, #0
 225 00c4 D1E7     		b	.L2
 226              	.LVL15:
 227              	.L11:
 228              	.LCFI3:
 229              		.cfi_def_cfa_offset 0
 230              		.cfi_restore 4
 231              		.cfi_restore 5
 232              		.cfi_restore 6
 152:Drivers/STM32F1xx_HAL_Driver/Src/stm32f1xx_hal_exti.c ****   }
 233              		.loc 1 152 12 view .LVU75
 234 00c6 0120     		movs	r0, #1
 235              	.LVL16:
 152:Drivers/STM32F1xx_HAL_Driver/Src/stm32f1xx_hal_exti.c ****   }
 236              		.loc 1 152 12 view .LVU76
 237 00c8 7047     		bx	lr
 238              	.LVL17:
 239              	.L12:
 152:Drivers/STM32F1xx_HAL_Driver/Src/stm32f1xx_hal_exti.c ****   }
 240              		.loc 1 152 12 view .LVU77
 241 00ca 0120     		movs	r0, #1
 242              	.LVL18:
 243              		.loc 1 230 1 view .LVU78
 244 00cc 7047     		bx	lr
 245              	.L19:
 246 00ce 00BF     		.align	2
 247              	.L18:
 248 00d0 00040140 		.word	1073808384
 249 00d4 00000140 		.word	1073807360
 250              		.cfi_endproc
 251              	.LFE65:
 253              		.section	.text.HAL_EXTI_GetConfigLine,"ax",%progbits
 254              		.align	1
ARM GAS  C:\Users\HOJINY~1\AppData\Local\Temp\ccvoEk5d.s 			page 10


 255              		.global	HAL_EXTI_GetConfigLine
 256              		.syntax unified
 257              		.thumb
 258              		.thumb_func
 259              		.fpu softvfp
 261              	HAL_EXTI_GetConfigLine:
 262              	.LVL19:
 263              	.LFB66:
 231:Drivers/STM32F1xx_HAL_Driver/Src/stm32f1xx_hal_exti.c **** 
 232:Drivers/STM32F1xx_HAL_Driver/Src/stm32f1xx_hal_exti.c **** /**
 233:Drivers/STM32F1xx_HAL_Driver/Src/stm32f1xx_hal_exti.c ****   * @brief  Get configuration of a dedicated Exti line.
 234:Drivers/STM32F1xx_HAL_Driver/Src/stm32f1xx_hal_exti.c ****   * @param  hexti Exti handle.
 235:Drivers/STM32F1xx_HAL_Driver/Src/stm32f1xx_hal_exti.c ****   * @param  pExtiConfig Pointer on structure to store Exti configuration.
 236:Drivers/STM32F1xx_HAL_Driver/Src/stm32f1xx_hal_exti.c ****   * @retval HAL Status.
 237:Drivers/STM32F1xx_HAL_Driver/Src/stm32f1xx_hal_exti.c ****   */
 238:Drivers/STM32F1xx_HAL_Driver/Src/stm32f1xx_hal_exti.c **** HAL_StatusTypeDef HAL_EXTI_GetConfigLine(EXTI_HandleTypeDef *hexti, EXTI_ConfigTypeDef *pExtiConfig
 239:Drivers/STM32F1xx_HAL_Driver/Src/stm32f1xx_hal_exti.c **** {
 264              		.loc 1 239 1 is_stmt 1 view -0
 265              		.cfi_startproc
 266              		@ args = 0, pretend = 0, frame = 0
 267              		@ frame_needed = 0, uses_anonymous_args = 0
 268              		@ link register save eliminated.
 240:Drivers/STM32F1xx_HAL_Driver/Src/stm32f1xx_hal_exti.c ****   uint32_t regval;
 269              		.loc 1 240 3 view .LVU80
 241:Drivers/STM32F1xx_HAL_Driver/Src/stm32f1xx_hal_exti.c ****   uint32_t linepos;
 270              		.loc 1 241 3 view .LVU81
 242:Drivers/STM32F1xx_HAL_Driver/Src/stm32f1xx_hal_exti.c ****   uint32_t maskline;
 271              		.loc 1 242 3 view .LVU82
 243:Drivers/STM32F1xx_HAL_Driver/Src/stm32f1xx_hal_exti.c **** 
 244:Drivers/STM32F1xx_HAL_Driver/Src/stm32f1xx_hal_exti.c ****   /* Check null pointer */
 245:Drivers/STM32F1xx_HAL_Driver/Src/stm32f1xx_hal_exti.c ****   if ((hexti == NULL) || (pExtiConfig == NULL))
 272              		.loc 1 245 3 view .LVU83
 273              		.loc 1 245 6 is_stmt 0 view .LVU84
 274 0000 0028     		cmp	r0, #0
 275 0002 46D0     		beq	.L27
 276              		.loc 1 245 23 discriminator 1 view .LVU85
 277 0004 0029     		cmp	r1, #0
 278 0006 46D0     		beq	.L28
 239:Drivers/STM32F1xx_HAL_Driver/Src/stm32f1xx_hal_exti.c ****   uint32_t regval;
 279              		.loc 1 239 1 view .LVU86
 280 0008 10B4     		push	{r4}
 281              	.LCFI4:
 282              		.cfi_def_cfa_offset 4
 283              		.cfi_offset 4, -4
 246:Drivers/STM32F1xx_HAL_Driver/Src/stm32f1xx_hal_exti.c ****   {
 247:Drivers/STM32F1xx_HAL_Driver/Src/stm32f1xx_hal_exti.c ****     return HAL_ERROR;
 248:Drivers/STM32F1xx_HAL_Driver/Src/stm32f1xx_hal_exti.c ****   }
 249:Drivers/STM32F1xx_HAL_Driver/Src/stm32f1xx_hal_exti.c **** 
 250:Drivers/STM32F1xx_HAL_Driver/Src/stm32f1xx_hal_exti.c ****   /* Check the parameter */
 251:Drivers/STM32F1xx_HAL_Driver/Src/stm32f1xx_hal_exti.c ****   assert_param(IS_EXTI_LINE(hexti->Line));
 284              		.loc 1 251 3 is_stmt 1 view .LVU87
 252:Drivers/STM32F1xx_HAL_Driver/Src/stm32f1xx_hal_exti.c **** 
 253:Drivers/STM32F1xx_HAL_Driver/Src/stm32f1xx_hal_exti.c ****   /* Store handle line number to configuration structure */
 254:Drivers/STM32F1xx_HAL_Driver/Src/stm32f1xx_hal_exti.c ****   pExtiConfig->Line = hexti->Line;
 285              		.loc 1 254 3 view .LVU88
 286              		.loc 1 254 28 is_stmt 0 view .LVU89
 287 000a 0068     		ldr	r0, [r0]
ARM GAS  C:\Users\HOJINY~1\AppData\Local\Temp\ccvoEk5d.s 			page 11


 288              	.LVL20:
 289              		.loc 1 254 21 view .LVU90
 290 000c 0860     		str	r0, [r1]
 255:Drivers/STM32F1xx_HAL_Driver/Src/stm32f1xx_hal_exti.c **** 
 256:Drivers/STM32F1xx_HAL_Driver/Src/stm32f1xx_hal_exti.c ****   /* Compute line mask */
 257:Drivers/STM32F1xx_HAL_Driver/Src/stm32f1xx_hal_exti.c ****   linepos = (pExtiConfig->Line & EXTI_PIN_MASK);
 291              		.loc 1 257 3 is_stmt 1 view .LVU91
 292              		.loc 1 257 11 is_stmt 0 view .LVU92
 293 000e 00F01F04 		and	r4, r0, #31
 294              	.LVL21:
 258:Drivers/STM32F1xx_HAL_Driver/Src/stm32f1xx_hal_exti.c ****   maskline = (1uL << linepos);
 295              		.loc 1 258 3 is_stmt 1 view .LVU93
 296              		.loc 1 258 12 is_stmt 0 view .LVU94
 297 0012 0123     		movs	r3, #1
 298 0014 A340     		lsls	r3, r3, r4
 299              	.LVL22:
 259:Drivers/STM32F1xx_HAL_Driver/Src/stm32f1xx_hal_exti.c **** 
 260:Drivers/STM32F1xx_HAL_Driver/Src/stm32f1xx_hal_exti.c ****   /* 1] Get core mode : interrupt */
 261:Drivers/STM32F1xx_HAL_Driver/Src/stm32f1xx_hal_exti.c **** 
 262:Drivers/STM32F1xx_HAL_Driver/Src/stm32f1xx_hal_exti.c ****   /* Check if selected line is enable */
 263:Drivers/STM32F1xx_HAL_Driver/Src/stm32f1xx_hal_exti.c ****   if ((EXTI->IMR & maskline) != 0x00u)
 300              		.loc 1 263 3 is_stmt 1 view .LVU95
 301              		.loc 1 263 12 is_stmt 0 view .LVU96
 302 0016 224A     		ldr	r2, .L36
 303 0018 1268     		ldr	r2, [r2]
 304              		.loc 1 263 6 view .LVU97
 305 001a 1A42     		tst	r2, r3
 306 001c 27D0     		beq	.L22
 264:Drivers/STM32F1xx_HAL_Driver/Src/stm32f1xx_hal_exti.c ****   {
 265:Drivers/STM32F1xx_HAL_Driver/Src/stm32f1xx_hal_exti.c ****     pExtiConfig->Mode = EXTI_MODE_INTERRUPT;
 307              		.loc 1 265 5 is_stmt 1 view .LVU98
 308              		.loc 1 265 23 is_stmt 0 view .LVU99
 309 001e 0122     		movs	r2, #1
 310 0020 4A60     		str	r2, [r1, #4]
 311              	.L23:
 266:Drivers/STM32F1xx_HAL_Driver/Src/stm32f1xx_hal_exti.c ****   }
 267:Drivers/STM32F1xx_HAL_Driver/Src/stm32f1xx_hal_exti.c ****   else
 268:Drivers/STM32F1xx_HAL_Driver/Src/stm32f1xx_hal_exti.c ****   {
 269:Drivers/STM32F1xx_HAL_Driver/Src/stm32f1xx_hal_exti.c ****     pExtiConfig->Mode = EXTI_MODE_NONE;
 270:Drivers/STM32F1xx_HAL_Driver/Src/stm32f1xx_hal_exti.c ****   }
 271:Drivers/STM32F1xx_HAL_Driver/Src/stm32f1xx_hal_exti.c **** 
 272:Drivers/STM32F1xx_HAL_Driver/Src/stm32f1xx_hal_exti.c ****   /* Get event mode */
 273:Drivers/STM32F1xx_HAL_Driver/Src/stm32f1xx_hal_exti.c ****   /* Check if selected line is enable */
 274:Drivers/STM32F1xx_HAL_Driver/Src/stm32f1xx_hal_exti.c ****   if ((EXTI->EMR & maskline) != 0x00u)
 312              		.loc 1 274 3 is_stmt 1 view .LVU100
 313              		.loc 1 274 12 is_stmt 0 view .LVU101
 314 0022 1F4A     		ldr	r2, .L36
 315 0024 5268     		ldr	r2, [r2, #4]
 316              		.loc 1 274 6 view .LVU102
 317 0026 1A42     		tst	r2, r3
 318 0028 03D0     		beq	.L24
 275:Drivers/STM32F1xx_HAL_Driver/Src/stm32f1xx_hal_exti.c ****   {
 276:Drivers/STM32F1xx_HAL_Driver/Src/stm32f1xx_hal_exti.c ****     pExtiConfig->Mode |= EXTI_MODE_EVENT;
 319              		.loc 1 276 5 is_stmt 1 view .LVU103
 320              		.loc 1 276 23 is_stmt 0 view .LVU104
 321 002a 4A68     		ldr	r2, [r1, #4]
 322 002c 42F00202 		orr	r2, r2, #2
ARM GAS  C:\Users\HOJINY~1\AppData\Local\Temp\ccvoEk5d.s 			page 12


 323 0030 4A60     		str	r2, [r1, #4]
 324              	.L24:
 277:Drivers/STM32F1xx_HAL_Driver/Src/stm32f1xx_hal_exti.c ****   }
 278:Drivers/STM32F1xx_HAL_Driver/Src/stm32f1xx_hal_exti.c **** 
 279:Drivers/STM32F1xx_HAL_Driver/Src/stm32f1xx_hal_exti.c ****   /* Get default Trigger and GPIOSel configuration */
 280:Drivers/STM32F1xx_HAL_Driver/Src/stm32f1xx_hal_exti.c ****   pExtiConfig->Trigger = EXTI_TRIGGER_NONE;
 325              		.loc 1 280 3 is_stmt 1 view .LVU105
 326              		.loc 1 280 24 is_stmt 0 view .LVU106
 327 0032 0022     		movs	r2, #0
 328 0034 8A60     		str	r2, [r1, #8]
 281:Drivers/STM32F1xx_HAL_Driver/Src/stm32f1xx_hal_exti.c ****   pExtiConfig->GPIOSel = 0x00u;
 329              		.loc 1 281 3 is_stmt 1 view .LVU107
 330              		.loc 1 281 24 is_stmt 0 view .LVU108
 331 0036 CA60     		str	r2, [r1, #12]
 282:Drivers/STM32F1xx_HAL_Driver/Src/stm32f1xx_hal_exti.c **** 
 283:Drivers/STM32F1xx_HAL_Driver/Src/stm32f1xx_hal_exti.c ****   /* 2] Get trigger for configurable lines : rising */
 284:Drivers/STM32F1xx_HAL_Driver/Src/stm32f1xx_hal_exti.c ****   if ((pExtiConfig->Line & EXTI_CONFIG) != 0x00u)
 332              		.loc 1 284 3 is_stmt 1 view .LVU109
 333              		.loc 1 284 6 is_stmt 0 view .LVU110
 334 0038 10F0007F 		tst	r0, #33554432
 335 003c 2DD0     		beq	.L29
 285:Drivers/STM32F1xx_HAL_Driver/Src/stm32f1xx_hal_exti.c ****   {
 286:Drivers/STM32F1xx_HAL_Driver/Src/stm32f1xx_hal_exti.c ****     /* Check if configuration of selected line is enable */
 287:Drivers/STM32F1xx_HAL_Driver/Src/stm32f1xx_hal_exti.c ****     if ((EXTI->RTSR & maskline) != 0x00u)
 336              		.loc 1 287 5 is_stmt 1 view .LVU111
 337              		.loc 1 287 14 is_stmt 0 view .LVU112
 338 003e 02F18042 		add	r2, r2, #1073741824
 339 0042 02F58232 		add	r2, r2, #66560
 340 0046 9268     		ldr	r2, [r2, #8]
 341              		.loc 1 287 8 view .LVU113
 342 0048 1A42     		tst	r2, r3
 343 004a 01D0     		beq	.L25
 288:Drivers/STM32F1xx_HAL_Driver/Src/stm32f1xx_hal_exti.c ****     {
 289:Drivers/STM32F1xx_HAL_Driver/Src/stm32f1xx_hal_exti.c ****       pExtiConfig->Trigger = EXTI_TRIGGER_RISING;
 344              		.loc 1 289 7 is_stmt 1 view .LVU114
 345              		.loc 1 289 28 is_stmt 0 view .LVU115
 346 004c 0122     		movs	r2, #1
 347 004e 8A60     		str	r2, [r1, #8]
 348              	.L25:
 290:Drivers/STM32F1xx_HAL_Driver/Src/stm32f1xx_hal_exti.c ****     }
 291:Drivers/STM32F1xx_HAL_Driver/Src/stm32f1xx_hal_exti.c **** 
 292:Drivers/STM32F1xx_HAL_Driver/Src/stm32f1xx_hal_exti.c ****     /* Get falling configuration */
 293:Drivers/STM32F1xx_HAL_Driver/Src/stm32f1xx_hal_exti.c ****     /* Check if configuration of selected line is enable */
 294:Drivers/STM32F1xx_HAL_Driver/Src/stm32f1xx_hal_exti.c ****     if ((EXTI->FTSR & maskline) != 0x00u)
 349              		.loc 1 294 5 is_stmt 1 view .LVU116
 350              		.loc 1 294 14 is_stmt 0 view .LVU117
 351 0050 134A     		ldr	r2, .L36
 352 0052 D268     		ldr	r2, [r2, #12]
 353              		.loc 1 294 8 view .LVU118
 354 0054 1A42     		tst	r2, r3
 355 0056 03D0     		beq	.L26
 295:Drivers/STM32F1xx_HAL_Driver/Src/stm32f1xx_hal_exti.c ****     {
 296:Drivers/STM32F1xx_HAL_Driver/Src/stm32f1xx_hal_exti.c ****       pExtiConfig->Trigger |= EXTI_TRIGGER_FALLING;
 356              		.loc 1 296 7 is_stmt 1 view .LVU119
 357              		.loc 1 296 28 is_stmt 0 view .LVU120
 358 0058 8B68     		ldr	r3, [r1, #8]
 359              	.LVL23:
ARM GAS  C:\Users\HOJINY~1\AppData\Local\Temp\ccvoEk5d.s 			page 13


 360              		.loc 1 296 28 view .LVU121
 361 005a 43F00203 		orr	r3, r3, #2
 362 005e 8B60     		str	r3, [r1, #8]
 363              	.L26:
 297:Drivers/STM32F1xx_HAL_Driver/Src/stm32f1xx_hal_exti.c ****     }
 298:Drivers/STM32F1xx_HAL_Driver/Src/stm32f1xx_hal_exti.c **** 
 299:Drivers/STM32F1xx_HAL_Driver/Src/stm32f1xx_hal_exti.c ****     /* Get Gpio port selection for gpio lines */
 300:Drivers/STM32F1xx_HAL_Driver/Src/stm32f1xx_hal_exti.c ****     if ((pExtiConfig->Line & EXTI_GPIO) == EXTI_GPIO)
 364              		.loc 1 300 5 is_stmt 1 view .LVU122
 365              		.loc 1 300 28 is_stmt 0 view .LVU123
 366 0060 00F0C063 		and	r3, r0, #100663296
 367              		.loc 1 300 8 view .LVU124
 368 0064 B3F1C06F 		cmp	r3, #100663296
 369 0068 04D0     		beq	.L35
 301:Drivers/STM32F1xx_HAL_Driver/Src/stm32f1xx_hal_exti.c ****     {
 302:Drivers/STM32F1xx_HAL_Driver/Src/stm32f1xx_hal_exti.c ****       assert_param(IS_EXTI_GPIO_PIN(linepos));
 303:Drivers/STM32F1xx_HAL_Driver/Src/stm32f1xx_hal_exti.c **** 
 304:Drivers/STM32F1xx_HAL_Driver/Src/stm32f1xx_hal_exti.c ****       regval = AFIO->EXTICR[linepos >> 2u];
 305:Drivers/STM32F1xx_HAL_Driver/Src/stm32f1xx_hal_exti.c ****       pExtiConfig->GPIOSel = ((regval << (AFIO_EXTICR1_EXTI1_Pos * (3uL - (linepos & 0x03u)))) >> 2
 306:Drivers/STM32F1xx_HAL_Driver/Src/stm32f1xx_hal_exti.c ****     }
 307:Drivers/STM32F1xx_HAL_Driver/Src/stm32f1xx_hal_exti.c ****   }
 308:Drivers/STM32F1xx_HAL_Driver/Src/stm32f1xx_hal_exti.c **** 
 309:Drivers/STM32F1xx_HAL_Driver/Src/stm32f1xx_hal_exti.c ****   return HAL_OK;
 370              		.loc 1 309 10 view .LVU125
 371 006a 0020     		movs	r0, #0
 372 006c 16E0     		b	.L21
 373              	.LVL24:
 374              	.L22:
 269:Drivers/STM32F1xx_HAL_Driver/Src/stm32f1xx_hal_exti.c ****   }
 375              		.loc 1 269 5 is_stmt 1 view .LVU126
 269:Drivers/STM32F1xx_HAL_Driver/Src/stm32f1xx_hal_exti.c ****   }
 376              		.loc 1 269 23 is_stmt 0 view .LVU127
 377 006e 0022     		movs	r2, #0
 378 0070 4A60     		str	r2, [r1, #4]
 379 0072 D6E7     		b	.L23
 380              	.LVL25:
 381              	.L35:
 302:Drivers/STM32F1xx_HAL_Driver/Src/stm32f1xx_hal_exti.c **** 
 382              		.loc 1 302 7 is_stmt 1 view .LVU128
 304:Drivers/STM32F1xx_HAL_Driver/Src/stm32f1xx_hal_exti.c ****       pExtiConfig->GPIOSel = ((regval << (AFIO_EXTICR1_EXTI1_Pos * (3uL - (linepos & 0x03u)))) >> 2
 383              		.loc 1 304 7 view .LVU129
 304:Drivers/STM32F1xx_HAL_Driver/Src/stm32f1xx_hal_exti.c ****       pExtiConfig->GPIOSel = ((regval << (AFIO_EXTICR1_EXTI1_Pos * (3uL - (linepos & 0x03u)))) >> 2
 384              		.loc 1 304 37 is_stmt 0 view .LVU130
 385 0074 A308     		lsrs	r3, r4, #2
 304:Drivers/STM32F1xx_HAL_Driver/Src/stm32f1xx_hal_exti.c ****       pExtiConfig->GPIOSel = ((regval << (AFIO_EXTICR1_EXTI1_Pos * (3uL - (linepos & 0x03u)))) >> 2
 386              		.loc 1 304 14 view .LVU131
 387 0076 0233     		adds	r3, r3, #2
 388 0078 0A4A     		ldr	r2, .L36+4
 389 007a 52F82320 		ldr	r2, [r2, r3, lsl #2]
 390              	.LVL26:
 305:Drivers/STM32F1xx_HAL_Driver/Src/stm32f1xx_hal_exti.c ****     }
 391              		.loc 1 305 7 is_stmt 1 view .LVU132
 305:Drivers/STM32F1xx_HAL_Driver/Src/stm32f1xx_hal_exti.c ****     }
 392              		.loc 1 305 73 is_stmt 0 view .LVU133
 393 007e E343     		mvns	r3, r4
 394 0080 03F00303 		and	r3, r3, #3
 305:Drivers/STM32F1xx_HAL_Driver/Src/stm32f1xx_hal_exti.c ****     }
ARM GAS  C:\Users\HOJINY~1\AppData\Local\Temp\ccvoEk5d.s 			page 14


 395              		.loc 1 305 66 view .LVU134
 396 0084 9B00     		lsls	r3, r3, #2
 305:Drivers/STM32F1xx_HAL_Driver/Src/stm32f1xx_hal_exti.c ****     }
 397              		.loc 1 305 39 view .LVU135
 398 0086 02FA03F3 		lsl	r3, r2, r3
 305:Drivers/STM32F1xx_HAL_Driver/Src/stm32f1xx_hal_exti.c ****     }
 399              		.loc 1 305 96 view .LVU136
 400 008a 1B0E     		lsrs	r3, r3, #24
 305:Drivers/STM32F1xx_HAL_Driver/Src/stm32f1xx_hal_exti.c ****     }
 401              		.loc 1 305 28 view .LVU137
 402 008c CB60     		str	r3, [r1, #12]
 403              		.loc 1 309 10 view .LVU138
 404 008e 0020     		movs	r0, #0
 405 0090 04E0     		b	.L21
 406              	.LVL27:
 407              	.L27:
 408              	.LCFI5:
 409              		.cfi_def_cfa_offset 0
 410              		.cfi_restore 4
 247:Drivers/STM32F1xx_HAL_Driver/Src/stm32f1xx_hal_exti.c ****   }
 411              		.loc 1 247 12 view .LVU139
 412 0092 0120     		movs	r0, #1
 413              	.LVL28:
 247:Drivers/STM32F1xx_HAL_Driver/Src/stm32f1xx_hal_exti.c ****   }
 414              		.loc 1 247 12 view .LVU140
 415 0094 7047     		bx	lr
 416              	.LVL29:
 417              	.L28:
 247:Drivers/STM32F1xx_HAL_Driver/Src/stm32f1xx_hal_exti.c ****   }
 418              		.loc 1 247 12 view .LVU141
 419 0096 0120     		movs	r0, #1
 420              	.LVL30:
 310:Drivers/STM32F1xx_HAL_Driver/Src/stm32f1xx_hal_exti.c **** }
 421              		.loc 1 310 1 view .LVU142
 422 0098 7047     		bx	lr
 423              	.LVL31:
 424              	.L29:
 425              	.LCFI6:
 426              		.cfi_def_cfa_offset 4
 427              		.cfi_offset 4, -4
 309:Drivers/STM32F1xx_HAL_Driver/Src/stm32f1xx_hal_exti.c **** }
 428              		.loc 1 309 10 view .LVU143
 429 009a 0020     		movs	r0, #0
 430              	.LVL32:
 431              	.L21:
 432              		.loc 1 310 1 view .LVU144
 433 009c 10BC     		pop	{r4}
 434              	.LCFI7:
 435              		.cfi_restore 4
 436              		.cfi_def_cfa_offset 0
 437              	.LVL33:
 438              		.loc 1 310 1 view .LVU145
 439 009e 7047     		bx	lr
 440              	.L37:
 441              		.align	2
 442              	.L36:
 443 00a0 00040140 		.word	1073808384
ARM GAS  C:\Users\HOJINY~1\AppData\Local\Temp\ccvoEk5d.s 			page 15


 444 00a4 00000140 		.word	1073807360
 445              		.cfi_endproc
 446              	.LFE66:
 448              		.section	.text.HAL_EXTI_ClearConfigLine,"ax",%progbits
 449              		.align	1
 450              		.global	HAL_EXTI_ClearConfigLine
 451              		.syntax unified
 452              		.thumb
 453              		.thumb_func
 454              		.fpu softvfp
 456              	HAL_EXTI_ClearConfigLine:
 457              	.LVL34:
 458              	.LFB67:
 311:Drivers/STM32F1xx_HAL_Driver/Src/stm32f1xx_hal_exti.c **** 
 312:Drivers/STM32F1xx_HAL_Driver/Src/stm32f1xx_hal_exti.c **** /**
 313:Drivers/STM32F1xx_HAL_Driver/Src/stm32f1xx_hal_exti.c ****   * @brief  Clear whole configuration of a dedicated Exti line.
 314:Drivers/STM32F1xx_HAL_Driver/Src/stm32f1xx_hal_exti.c ****   * @param  hexti Exti handle.
 315:Drivers/STM32F1xx_HAL_Driver/Src/stm32f1xx_hal_exti.c ****   * @retval HAL Status.
 316:Drivers/STM32F1xx_HAL_Driver/Src/stm32f1xx_hal_exti.c ****   */
 317:Drivers/STM32F1xx_HAL_Driver/Src/stm32f1xx_hal_exti.c **** HAL_StatusTypeDef HAL_EXTI_ClearConfigLine(EXTI_HandleTypeDef *hexti)
 318:Drivers/STM32F1xx_HAL_Driver/Src/stm32f1xx_hal_exti.c **** {
 459              		.loc 1 318 1 is_stmt 1 view -0
 460              		.cfi_startproc
 461              		@ args = 0, pretend = 0, frame = 0
 462              		@ frame_needed = 0, uses_anonymous_args = 0
 463              		@ link register save eliminated.
 319:Drivers/STM32F1xx_HAL_Driver/Src/stm32f1xx_hal_exti.c ****   uint32_t regval;
 464              		.loc 1 319 3 view .LVU147
 320:Drivers/STM32F1xx_HAL_Driver/Src/stm32f1xx_hal_exti.c ****   uint32_t linepos;
 465              		.loc 1 320 3 view .LVU148
 321:Drivers/STM32F1xx_HAL_Driver/Src/stm32f1xx_hal_exti.c ****   uint32_t maskline;
 466              		.loc 1 321 3 view .LVU149
 322:Drivers/STM32F1xx_HAL_Driver/Src/stm32f1xx_hal_exti.c **** 
 323:Drivers/STM32F1xx_HAL_Driver/Src/stm32f1xx_hal_exti.c ****   /* Check null pointer */
 324:Drivers/STM32F1xx_HAL_Driver/Src/stm32f1xx_hal_exti.c ****   if (hexti == NULL)
 467              		.loc 1 324 3 view .LVU150
 468              		.loc 1 324 6 is_stmt 0 view .LVU151
 469 0000 0028     		cmp	r0, #0
 470 0002 32D0     		beq	.L40
 318:Drivers/STM32F1xx_HAL_Driver/Src/stm32f1xx_hal_exti.c ****   uint32_t regval;
 471              		.loc 1 318 1 view .LVU152
 472 0004 30B4     		push	{r4, r5}
 473              	.LCFI8:
 474              		.cfi_def_cfa_offset 8
 475              		.cfi_offset 4, -8
 476              		.cfi_offset 5, -4
 477 0006 0446     		mov	r4, r0
 325:Drivers/STM32F1xx_HAL_Driver/Src/stm32f1xx_hal_exti.c ****   {
 326:Drivers/STM32F1xx_HAL_Driver/Src/stm32f1xx_hal_exti.c ****     return HAL_ERROR;
 327:Drivers/STM32F1xx_HAL_Driver/Src/stm32f1xx_hal_exti.c ****   }
 328:Drivers/STM32F1xx_HAL_Driver/Src/stm32f1xx_hal_exti.c **** 
 329:Drivers/STM32F1xx_HAL_Driver/Src/stm32f1xx_hal_exti.c ****   /* Check the parameter */
 330:Drivers/STM32F1xx_HAL_Driver/Src/stm32f1xx_hal_exti.c ****   assert_param(IS_EXTI_LINE(hexti->Line));
 478              		.loc 1 330 3 is_stmt 1 view .LVU153
 331:Drivers/STM32F1xx_HAL_Driver/Src/stm32f1xx_hal_exti.c **** 
 332:Drivers/STM32F1xx_HAL_Driver/Src/stm32f1xx_hal_exti.c ****   /* compute line mask */
 333:Drivers/STM32F1xx_HAL_Driver/Src/stm32f1xx_hal_exti.c ****   linepos = (hexti->Line & EXTI_PIN_MASK);
ARM GAS  C:\Users\HOJINY~1\AppData\Local\Temp\ccvoEk5d.s 			page 16


 479              		.loc 1 333 3 view .LVU154
 480              		.loc 1 333 19 is_stmt 0 view .LVU155
 481 0008 0568     		ldr	r5, [r0]
 482              		.loc 1 333 11 view .LVU156
 483 000a 05F01F00 		and	r0, r5, #31
 484              	.LVL35:
 334:Drivers/STM32F1xx_HAL_Driver/Src/stm32f1xx_hal_exti.c ****   maskline = (1uL << linepos);
 485              		.loc 1 334 3 is_stmt 1 view .LVU157
 486              		.loc 1 334 12 is_stmt 0 view .LVU158
 487 000e 0123     		movs	r3, #1
 488 0010 8340     		lsls	r3, r3, r0
 489              	.LVL36:
 335:Drivers/STM32F1xx_HAL_Driver/Src/stm32f1xx_hal_exti.c **** 
 336:Drivers/STM32F1xx_HAL_Driver/Src/stm32f1xx_hal_exti.c ****   /* 1] Clear interrupt mode */
 337:Drivers/STM32F1xx_HAL_Driver/Src/stm32f1xx_hal_exti.c ****   EXTI->IMR = (EXTI->IMR & ~maskline);
 490              		.loc 1 337 3 is_stmt 1 view .LVU159
 491              		.loc 1 337 20 is_stmt 0 view .LVU160
 492 0012 184A     		ldr	r2, .L48
 493 0014 1168     		ldr	r1, [r2]
 494              		.loc 1 337 28 view .LVU161
 495 0016 DB43     		mvns	r3, r3
 496              	.LVL37:
 497              		.loc 1 337 26 view .LVU162
 498 0018 1940     		ands	r1, r1, r3
 499              		.loc 1 337 13 view .LVU163
 500 001a 1160     		str	r1, [r2]
 338:Drivers/STM32F1xx_HAL_Driver/Src/stm32f1xx_hal_exti.c **** 
 339:Drivers/STM32F1xx_HAL_Driver/Src/stm32f1xx_hal_exti.c ****   /* 2] Clear event mode */
 340:Drivers/STM32F1xx_HAL_Driver/Src/stm32f1xx_hal_exti.c ****   EXTI->EMR = (EXTI->EMR & ~maskline);
 501              		.loc 1 340 3 is_stmt 1 view .LVU164
 502              		.loc 1 340 20 is_stmt 0 view .LVU165
 503 001c 5168     		ldr	r1, [r2, #4]
 504              		.loc 1 340 26 view .LVU166
 505 001e 1940     		ands	r1, r1, r3
 506              		.loc 1 340 13 view .LVU167
 507 0020 5160     		str	r1, [r2, #4]
 341:Drivers/STM32F1xx_HAL_Driver/Src/stm32f1xx_hal_exti.c **** 
 342:Drivers/STM32F1xx_HAL_Driver/Src/stm32f1xx_hal_exti.c ****   /* 3] Clear triggers in case of configurable lines */
 343:Drivers/STM32F1xx_HAL_Driver/Src/stm32f1xx_hal_exti.c ****   if ((hexti->Line & EXTI_CONFIG) != 0x00u)
 508              		.loc 1 343 3 is_stmt 1 view .LVU168
 509              		.loc 1 343 13 is_stmt 0 view .LVU169
 510 0022 2268     		ldr	r2, [r4]
 511              		.loc 1 343 6 view .LVU170
 512 0024 12F0007F 		tst	r2, #33554432
 513 0028 21D0     		beq	.L41
 344:Drivers/STM32F1xx_HAL_Driver/Src/stm32f1xx_hal_exti.c ****   {
 345:Drivers/STM32F1xx_HAL_Driver/Src/stm32f1xx_hal_exti.c ****     EXTI->RTSR = (EXTI->RTSR & ~maskline);
 514              		.loc 1 345 5 is_stmt 1 view .LVU171
 515              		.loc 1 345 23 is_stmt 0 view .LVU172
 516 002a 124A     		ldr	r2, .L48
 517 002c 9168     		ldr	r1, [r2, #8]
 518              		.loc 1 345 30 view .LVU173
 519 002e 1940     		ands	r1, r1, r3
 520              		.loc 1 345 16 view .LVU174
 521 0030 9160     		str	r1, [r2, #8]
 346:Drivers/STM32F1xx_HAL_Driver/Src/stm32f1xx_hal_exti.c ****     EXTI->FTSR = (EXTI->FTSR & ~maskline);
 522              		.loc 1 346 5 is_stmt 1 view .LVU175
ARM GAS  C:\Users\HOJINY~1\AppData\Local\Temp\ccvoEk5d.s 			page 17


 523              		.loc 1 346 23 is_stmt 0 view .LVU176
 524 0032 D168     		ldr	r1, [r2, #12]
 525              		.loc 1 346 30 view .LVU177
 526 0034 0B40     		ands	r3, r3, r1
 527              	.LVL38:
 528              		.loc 1 346 16 view .LVU178
 529 0036 D360     		str	r3, [r2, #12]
 347:Drivers/STM32F1xx_HAL_Driver/Src/stm32f1xx_hal_exti.c **** 
 348:Drivers/STM32F1xx_HAL_Driver/Src/stm32f1xx_hal_exti.c ****     /* Get Gpio port selection for gpio lines */
 349:Drivers/STM32F1xx_HAL_Driver/Src/stm32f1xx_hal_exti.c ****     if ((hexti->Line & EXTI_GPIO) == EXTI_GPIO)
 530              		.loc 1 349 5 is_stmt 1 view .LVU179
 531              		.loc 1 349 15 is_stmt 0 view .LVU180
 532 0038 2368     		ldr	r3, [r4]
 533              		.loc 1 349 22 view .LVU181
 534 003a 03F0C063 		and	r3, r3, #100663296
 535              		.loc 1 349 8 view .LVU182
 536 003e B3F1C06F 		cmp	r3, #100663296
 537 0042 01D0     		beq	.L47
 350:Drivers/STM32F1xx_HAL_Driver/Src/stm32f1xx_hal_exti.c ****     {
 351:Drivers/STM32F1xx_HAL_Driver/Src/stm32f1xx_hal_exti.c ****       assert_param(IS_EXTI_GPIO_PIN(linepos));
 352:Drivers/STM32F1xx_HAL_Driver/Src/stm32f1xx_hal_exti.c **** 
 353:Drivers/STM32F1xx_HAL_Driver/Src/stm32f1xx_hal_exti.c ****       regval = AFIO->EXTICR[linepos >> 2u];
 354:Drivers/STM32F1xx_HAL_Driver/Src/stm32f1xx_hal_exti.c ****       regval &= ~(AFIO_EXTICR1_EXTI0 << (AFIO_EXTICR1_EXTI1_Pos * (linepos & 0x03u)));
 355:Drivers/STM32F1xx_HAL_Driver/Src/stm32f1xx_hal_exti.c ****       AFIO->EXTICR[linepos >> 2u] = regval;
 356:Drivers/STM32F1xx_HAL_Driver/Src/stm32f1xx_hal_exti.c ****     }
 357:Drivers/STM32F1xx_HAL_Driver/Src/stm32f1xx_hal_exti.c ****   }
 358:Drivers/STM32F1xx_HAL_Driver/Src/stm32f1xx_hal_exti.c **** 
 359:Drivers/STM32F1xx_HAL_Driver/Src/stm32f1xx_hal_exti.c ****   return HAL_OK;
 538              		.loc 1 359 10 view .LVU183
 539 0044 0020     		movs	r0, #0
 540              	.LVL39:
 541              		.loc 1 359 10 view .LVU184
 542 0046 13E0     		b	.L39
 543              	.LVL40:
 544              	.L47:
 351:Drivers/STM32F1xx_HAL_Driver/Src/stm32f1xx_hal_exti.c **** 
 545              		.loc 1 351 7 is_stmt 1 view .LVU185
 353:Drivers/STM32F1xx_HAL_Driver/Src/stm32f1xx_hal_exti.c ****       regval &= ~(AFIO_EXTICR1_EXTI0 << (AFIO_EXTICR1_EXTI1_Pos * (linepos & 0x03u)));
 546              		.loc 1 353 7 view .LVU186
 353:Drivers/STM32F1xx_HAL_Driver/Src/stm32f1xx_hal_exti.c ****       regval &= ~(AFIO_EXTICR1_EXTI0 << (AFIO_EXTICR1_EXTI1_Pos * (linepos & 0x03u)));
 547              		.loc 1 353 37 is_stmt 0 view .LVU187
 548 0048 8008     		lsrs	r0, r0, #2
 549              	.LVL41:
 353:Drivers/STM32F1xx_HAL_Driver/Src/stm32f1xx_hal_exti.c ****       regval &= ~(AFIO_EXTICR1_EXTI0 << (AFIO_EXTICR1_EXTI1_Pos * (linepos & 0x03u)));
 550              		.loc 1 353 14 view .LVU188
 551 004a 0B49     		ldr	r1, .L48+4
 552 004c 0230     		adds	r0, r0, #2
 553 004e 51F82030 		ldr	r3, [r1, r0, lsl #2]
 554              	.LVL42:
 354:Drivers/STM32F1xx_HAL_Driver/Src/stm32f1xx_hal_exti.c ****       AFIO->EXTICR[linepos >> 2u] = regval;
 555              		.loc 1 354 7 is_stmt 1 view .LVU189
 354:Drivers/STM32F1xx_HAL_Driver/Src/stm32f1xx_hal_exti.c ****       AFIO->EXTICR[linepos >> 2u] = regval;
 556              		.loc 1 354 76 is_stmt 0 view .LVU190
 557 0052 05F00305 		and	r5, r5, #3
 558              	.LVL43:
 354:Drivers/STM32F1xx_HAL_Driver/Src/stm32f1xx_hal_exti.c ****       AFIO->EXTICR[linepos >> 2u] = regval;
 559              		.loc 1 354 65 view .LVU191
ARM GAS  C:\Users\HOJINY~1\AppData\Local\Temp\ccvoEk5d.s 			page 18


 560 0056 AD00     		lsls	r5, r5, #2
 354:Drivers/STM32F1xx_HAL_Driver/Src/stm32f1xx_hal_exti.c ****       AFIO->EXTICR[linepos >> 2u] = regval;
 561              		.loc 1 354 38 view .LVU192
 562 0058 0F22     		movs	r2, #15
 563 005a 02FA05F5 		lsl	r5, r2, r5
 354:Drivers/STM32F1xx_HAL_Driver/Src/stm32f1xx_hal_exti.c ****       AFIO->EXTICR[linepos >> 2u] = regval;
 564              		.loc 1 354 14 view .LVU193
 565 005e 23EA0505 		bic	r5, r3, r5
 566              	.LVL44:
 355:Drivers/STM32F1xx_HAL_Driver/Src/stm32f1xx_hal_exti.c ****     }
 567              		.loc 1 355 7 is_stmt 1 view .LVU194
 355:Drivers/STM32F1xx_HAL_Driver/Src/stm32f1xx_hal_exti.c ****     }
 568              		.loc 1 355 35 is_stmt 0 view .LVU195
 569 0062 41F82050 		str	r5, [r1, r0, lsl #2]
 570              		.loc 1 359 10 view .LVU196
 571 0066 0020     		movs	r0, #0
 572 0068 02E0     		b	.L39
 573              	.LVL45:
 574              	.L40:
 575              	.LCFI9:
 576              		.cfi_def_cfa_offset 0
 577              		.cfi_restore 4
 578              		.cfi_restore 5
 326:Drivers/STM32F1xx_HAL_Driver/Src/stm32f1xx_hal_exti.c ****   }
 579              		.loc 1 326 12 view .LVU197
 580 006a 0120     		movs	r0, #1
 581              	.LVL46:
 360:Drivers/STM32F1xx_HAL_Driver/Src/stm32f1xx_hal_exti.c **** }
 582              		.loc 1 360 1 view .LVU198
 583 006c 7047     		bx	lr
 584              	.LVL47:
 585              	.L41:
 586              	.LCFI10:
 587              		.cfi_def_cfa_offset 8
 588              		.cfi_offset 4, -8
 589              		.cfi_offset 5, -4
 359:Drivers/STM32F1xx_HAL_Driver/Src/stm32f1xx_hal_exti.c **** }
 590              		.loc 1 359 10 view .LVU199
 591 006e 0020     		movs	r0, #0
 592              	.LVL48:
 593              	.L39:
 594              		.loc 1 360 1 view .LVU200
 595 0070 30BC     		pop	{r4, r5}
 596              	.LCFI11:
 597              		.cfi_restore 5
 598              		.cfi_restore 4
 599              		.cfi_def_cfa_offset 0
 600              	.LVL49:
 601              		.loc 1 360 1 view .LVU201
 602 0072 7047     		bx	lr
 603              	.L49:
 604              		.align	2
 605              	.L48:
 606 0074 00040140 		.word	1073808384
 607 0078 00000140 		.word	1073807360
 608              		.cfi_endproc
 609              	.LFE67:
ARM GAS  C:\Users\HOJINY~1\AppData\Local\Temp\ccvoEk5d.s 			page 19


 611              		.section	.text.HAL_EXTI_RegisterCallback,"ax",%progbits
 612              		.align	1
 613              		.global	HAL_EXTI_RegisterCallback
 614              		.syntax unified
 615              		.thumb
 616              		.thumb_func
 617              		.fpu softvfp
 619              	HAL_EXTI_RegisterCallback:
 620              	.LVL50:
 621              	.LFB68:
 361:Drivers/STM32F1xx_HAL_Driver/Src/stm32f1xx_hal_exti.c **** 
 362:Drivers/STM32F1xx_HAL_Driver/Src/stm32f1xx_hal_exti.c **** /**
 363:Drivers/STM32F1xx_HAL_Driver/Src/stm32f1xx_hal_exti.c ****   * @brief  Register callback for a dedicated Exti line.
 364:Drivers/STM32F1xx_HAL_Driver/Src/stm32f1xx_hal_exti.c ****   * @param  hexti Exti handle.
 365:Drivers/STM32F1xx_HAL_Driver/Src/stm32f1xx_hal_exti.c ****   * @param  CallbackID User callback identifier.
 366:Drivers/STM32F1xx_HAL_Driver/Src/stm32f1xx_hal_exti.c ****   *         This parameter can be one of @arg @ref EXTI_CallbackIDTypeDef values.
 367:Drivers/STM32F1xx_HAL_Driver/Src/stm32f1xx_hal_exti.c ****   * @param  pPendingCbfn function pointer to be stored as callback.
 368:Drivers/STM32F1xx_HAL_Driver/Src/stm32f1xx_hal_exti.c ****   * @retval HAL Status.
 369:Drivers/STM32F1xx_HAL_Driver/Src/stm32f1xx_hal_exti.c ****   */
 370:Drivers/STM32F1xx_HAL_Driver/Src/stm32f1xx_hal_exti.c **** HAL_StatusTypeDef HAL_EXTI_RegisterCallback(EXTI_HandleTypeDef *hexti, EXTI_CallbackIDTypeDef Callb
 371:Drivers/STM32F1xx_HAL_Driver/Src/stm32f1xx_hal_exti.c **** {
 622              		.loc 1 371 1 is_stmt 1 view -0
 623              		.cfi_startproc
 624              		@ args = 0, pretend = 0, frame = 0
 625              		@ frame_needed = 0, uses_anonymous_args = 0
 626              		@ link register save eliminated.
 372:Drivers/STM32F1xx_HAL_Driver/Src/stm32f1xx_hal_exti.c ****   HAL_StatusTypeDef status = HAL_OK;
 627              		.loc 1 372 3 view .LVU203
 373:Drivers/STM32F1xx_HAL_Driver/Src/stm32f1xx_hal_exti.c **** 
 374:Drivers/STM32F1xx_HAL_Driver/Src/stm32f1xx_hal_exti.c ****   switch (CallbackID)
 628              		.loc 1 374 3 view .LVU204
 629 0000 11B9     		cbnz	r1, .L52
 375:Drivers/STM32F1xx_HAL_Driver/Src/stm32f1xx_hal_exti.c ****   {
 376:Drivers/STM32F1xx_HAL_Driver/Src/stm32f1xx_hal_exti.c ****     case  HAL_EXTI_COMMON_CB_ID:
 377:Drivers/STM32F1xx_HAL_Driver/Src/stm32f1xx_hal_exti.c ****       hexti->PendingCallback = pPendingCbfn;
 630              		.loc 1 377 7 view .LVU205
 631              		.loc 1 377 30 is_stmt 0 view .LVU206
 632 0002 4260     		str	r2, [r0, #4]
 378:Drivers/STM32F1xx_HAL_Driver/Src/stm32f1xx_hal_exti.c ****       break;
 633              		.loc 1 378 7 is_stmt 1 view .LVU207
 372:Drivers/STM32F1xx_HAL_Driver/Src/stm32f1xx_hal_exti.c **** 
 634              		.loc 1 372 21 is_stmt 0 view .LVU208
 635 0004 0846     		mov	r0, r1
 636              	.LVL51:
 637              		.loc 1 378 7 view .LVU209
 638 0006 7047     		bx	lr
 639              	.LVL52:
 640              	.L52:
 379:Drivers/STM32F1xx_HAL_Driver/Src/stm32f1xx_hal_exti.c **** 
 380:Drivers/STM32F1xx_HAL_Driver/Src/stm32f1xx_hal_exti.c ****     default:
 381:Drivers/STM32F1xx_HAL_Driver/Src/stm32f1xx_hal_exti.c ****       status = HAL_ERROR;
 641              		.loc 1 381 14 view .LVU210
 642 0008 0120     		movs	r0, #1
 643              	.LVL53:
 382:Drivers/STM32F1xx_HAL_Driver/Src/stm32f1xx_hal_exti.c ****       break;
 383:Drivers/STM32F1xx_HAL_Driver/Src/stm32f1xx_hal_exti.c ****   }
 384:Drivers/STM32F1xx_HAL_Driver/Src/stm32f1xx_hal_exti.c **** 
ARM GAS  C:\Users\HOJINY~1\AppData\Local\Temp\ccvoEk5d.s 			page 20


 385:Drivers/STM32F1xx_HAL_Driver/Src/stm32f1xx_hal_exti.c ****   return status;
 644              		.loc 1 385 3 is_stmt 1 view .LVU211
 386:Drivers/STM32F1xx_HAL_Driver/Src/stm32f1xx_hal_exti.c **** }
 645              		.loc 1 386 1 is_stmt 0 view .LVU212
 646 000a 7047     		bx	lr
 647              		.cfi_endproc
 648              	.LFE68:
 650              		.section	.text.HAL_EXTI_GetHandle,"ax",%progbits
 651              		.align	1
 652              		.global	HAL_EXTI_GetHandle
 653              		.syntax unified
 654              		.thumb
 655              		.thumb_func
 656              		.fpu softvfp
 658              	HAL_EXTI_GetHandle:
 659              	.LVL54:
 660              	.LFB69:
 387:Drivers/STM32F1xx_HAL_Driver/Src/stm32f1xx_hal_exti.c **** 
 388:Drivers/STM32F1xx_HAL_Driver/Src/stm32f1xx_hal_exti.c **** /**
 389:Drivers/STM32F1xx_HAL_Driver/Src/stm32f1xx_hal_exti.c ****   * @brief  Store line number as handle private field.
 390:Drivers/STM32F1xx_HAL_Driver/Src/stm32f1xx_hal_exti.c ****   * @param  hexti Exti handle.
 391:Drivers/STM32F1xx_HAL_Driver/Src/stm32f1xx_hal_exti.c ****   * @param  ExtiLine Exti line number.
 392:Drivers/STM32F1xx_HAL_Driver/Src/stm32f1xx_hal_exti.c ****   *         This parameter can be from 0 to @ref EXTI_LINE_NB.
 393:Drivers/STM32F1xx_HAL_Driver/Src/stm32f1xx_hal_exti.c ****   * @retval HAL Status.
 394:Drivers/STM32F1xx_HAL_Driver/Src/stm32f1xx_hal_exti.c ****   */
 395:Drivers/STM32F1xx_HAL_Driver/Src/stm32f1xx_hal_exti.c **** HAL_StatusTypeDef HAL_EXTI_GetHandle(EXTI_HandleTypeDef *hexti, uint32_t ExtiLine)
 396:Drivers/STM32F1xx_HAL_Driver/Src/stm32f1xx_hal_exti.c **** {
 661              		.loc 1 396 1 is_stmt 1 view -0
 662              		.cfi_startproc
 663              		@ args = 0, pretend = 0, frame = 0
 664              		@ frame_needed = 0, uses_anonymous_args = 0
 665              		@ link register save eliminated.
 397:Drivers/STM32F1xx_HAL_Driver/Src/stm32f1xx_hal_exti.c ****   /* Check the parameters */
 398:Drivers/STM32F1xx_HAL_Driver/Src/stm32f1xx_hal_exti.c ****   assert_param(IS_EXTI_LINE(ExtiLine));
 666              		.loc 1 398 3 view .LVU214
 399:Drivers/STM32F1xx_HAL_Driver/Src/stm32f1xx_hal_exti.c **** 
 400:Drivers/STM32F1xx_HAL_Driver/Src/stm32f1xx_hal_exti.c ****   /* Check null pointer */
 401:Drivers/STM32F1xx_HAL_Driver/Src/stm32f1xx_hal_exti.c ****   if (hexti == NULL)
 667              		.loc 1 401 3 view .LVU215
 668              		.loc 1 401 6 is_stmt 0 view .LVU216
 669 0000 10B1     		cbz	r0, .L55
 402:Drivers/STM32F1xx_HAL_Driver/Src/stm32f1xx_hal_exti.c ****   {
 403:Drivers/STM32F1xx_HAL_Driver/Src/stm32f1xx_hal_exti.c ****     return HAL_ERROR;
 404:Drivers/STM32F1xx_HAL_Driver/Src/stm32f1xx_hal_exti.c ****   }
 405:Drivers/STM32F1xx_HAL_Driver/Src/stm32f1xx_hal_exti.c ****   else
 406:Drivers/STM32F1xx_HAL_Driver/Src/stm32f1xx_hal_exti.c ****   {
 407:Drivers/STM32F1xx_HAL_Driver/Src/stm32f1xx_hal_exti.c ****     /* Store line number as handle private field */
 408:Drivers/STM32F1xx_HAL_Driver/Src/stm32f1xx_hal_exti.c ****     hexti->Line = ExtiLine;
 670              		.loc 1 408 5 is_stmt 1 view .LVU217
 671              		.loc 1 408 17 is_stmt 0 view .LVU218
 672 0002 0160     		str	r1, [r0]
 409:Drivers/STM32F1xx_HAL_Driver/Src/stm32f1xx_hal_exti.c **** 
 410:Drivers/STM32F1xx_HAL_Driver/Src/stm32f1xx_hal_exti.c ****     return HAL_OK;
 673              		.loc 1 410 5 is_stmt 1 view .LVU219
 674              		.loc 1 410 12 is_stmt 0 view .LVU220
 675 0004 0020     		movs	r0, #0
 676              	.LVL55:
ARM GAS  C:\Users\HOJINY~1\AppData\Local\Temp\ccvoEk5d.s 			page 21


 677              		.loc 1 410 12 view .LVU221
 678 0006 7047     		bx	lr
 679              	.LVL56:
 680              	.L55:
 403:Drivers/STM32F1xx_HAL_Driver/Src/stm32f1xx_hal_exti.c ****   }
 681              		.loc 1 403 12 view .LVU222
 682 0008 0120     		movs	r0, #1
 683              	.LVL57:
 411:Drivers/STM32F1xx_HAL_Driver/Src/stm32f1xx_hal_exti.c ****   }
 412:Drivers/STM32F1xx_HAL_Driver/Src/stm32f1xx_hal_exti.c **** }
 684              		.loc 1 412 1 view .LVU223
 685 000a 7047     		bx	lr
 686              		.cfi_endproc
 687              	.LFE69:
 689              		.section	.text.HAL_EXTI_IRQHandler,"ax",%progbits
 690              		.align	1
 691              		.global	HAL_EXTI_IRQHandler
 692              		.syntax unified
 693              		.thumb
 694              		.thumb_func
 695              		.fpu softvfp
 697              	HAL_EXTI_IRQHandler:
 698              	.LVL58:
 699              	.LFB70:
 413:Drivers/STM32F1xx_HAL_Driver/Src/stm32f1xx_hal_exti.c **** 
 414:Drivers/STM32F1xx_HAL_Driver/Src/stm32f1xx_hal_exti.c **** /**
 415:Drivers/STM32F1xx_HAL_Driver/Src/stm32f1xx_hal_exti.c ****   * @}
 416:Drivers/STM32F1xx_HAL_Driver/Src/stm32f1xx_hal_exti.c ****   */
 417:Drivers/STM32F1xx_HAL_Driver/Src/stm32f1xx_hal_exti.c **** 
 418:Drivers/STM32F1xx_HAL_Driver/Src/stm32f1xx_hal_exti.c **** /** @addtogroup EXTI_Exported_Functions_Group2
 419:Drivers/STM32F1xx_HAL_Driver/Src/stm32f1xx_hal_exti.c ****   *  @brief EXTI IO functions.
 420:Drivers/STM32F1xx_HAL_Driver/Src/stm32f1xx_hal_exti.c ****   *
 421:Drivers/STM32F1xx_HAL_Driver/Src/stm32f1xx_hal_exti.c **** @verbatim
 422:Drivers/STM32F1xx_HAL_Driver/Src/stm32f1xx_hal_exti.c ****  ===============================================================================
 423:Drivers/STM32F1xx_HAL_Driver/Src/stm32f1xx_hal_exti.c ****                        ##### IO operation functions #####
 424:Drivers/STM32F1xx_HAL_Driver/Src/stm32f1xx_hal_exti.c ****  ===============================================================================
 425:Drivers/STM32F1xx_HAL_Driver/Src/stm32f1xx_hal_exti.c **** 
 426:Drivers/STM32F1xx_HAL_Driver/Src/stm32f1xx_hal_exti.c **** @endverbatim
 427:Drivers/STM32F1xx_HAL_Driver/Src/stm32f1xx_hal_exti.c ****   * @{
 428:Drivers/STM32F1xx_HAL_Driver/Src/stm32f1xx_hal_exti.c ****   */
 429:Drivers/STM32F1xx_HAL_Driver/Src/stm32f1xx_hal_exti.c **** 
 430:Drivers/STM32F1xx_HAL_Driver/Src/stm32f1xx_hal_exti.c **** /**
 431:Drivers/STM32F1xx_HAL_Driver/Src/stm32f1xx_hal_exti.c ****   * @brief  Handle EXTI interrupt request.
 432:Drivers/STM32F1xx_HAL_Driver/Src/stm32f1xx_hal_exti.c ****   * @param  hexti Exti handle.
 433:Drivers/STM32F1xx_HAL_Driver/Src/stm32f1xx_hal_exti.c ****   * @retval none.
 434:Drivers/STM32F1xx_HAL_Driver/Src/stm32f1xx_hal_exti.c ****   */
 435:Drivers/STM32F1xx_HAL_Driver/Src/stm32f1xx_hal_exti.c **** void HAL_EXTI_IRQHandler(EXTI_HandleTypeDef *hexti)
 436:Drivers/STM32F1xx_HAL_Driver/Src/stm32f1xx_hal_exti.c **** {
 700              		.loc 1 436 1 is_stmt 1 view -0
 701              		.cfi_startproc
 702              		@ args = 0, pretend = 0, frame = 0
 703              		@ frame_needed = 0, uses_anonymous_args = 0
 704              		.loc 1 436 1 is_stmt 0 view .LVU225
 705 0000 08B5     		push	{r3, lr}
 706              	.LCFI12:
 707              		.cfi_def_cfa_offset 8
 708              		.cfi_offset 3, -8
ARM GAS  C:\Users\HOJINY~1\AppData\Local\Temp\ccvoEk5d.s 			page 22


 709              		.cfi_offset 14, -4
 437:Drivers/STM32F1xx_HAL_Driver/Src/stm32f1xx_hal_exti.c ****   uint32_t regval;
 710              		.loc 1 437 3 is_stmt 1 view .LVU226
 438:Drivers/STM32F1xx_HAL_Driver/Src/stm32f1xx_hal_exti.c ****   uint32_t maskline;
 711              		.loc 1 438 3 view .LVU227
 439:Drivers/STM32F1xx_HAL_Driver/Src/stm32f1xx_hal_exti.c **** 
 440:Drivers/STM32F1xx_HAL_Driver/Src/stm32f1xx_hal_exti.c ****   /* Compute line mask */
 441:Drivers/STM32F1xx_HAL_Driver/Src/stm32f1xx_hal_exti.c ****   maskline = (1uL << (hexti->Line & EXTI_PIN_MASK));
 712              		.loc 1 441 3 view .LVU228
 713              		.loc 1 441 28 is_stmt 0 view .LVU229
 714 0002 0368     		ldr	r3, [r0]
 715              		.loc 1 441 35 view .LVU230
 716 0004 03F01F02 		and	r2, r3, #31
 717              		.loc 1 441 12 view .LVU231
 718 0008 0123     		movs	r3, #1
 719 000a 9340     		lsls	r3, r3, r2
 720              	.LVL59:
 442:Drivers/STM32F1xx_HAL_Driver/Src/stm32f1xx_hal_exti.c **** 
 443:Drivers/STM32F1xx_HAL_Driver/Src/stm32f1xx_hal_exti.c ****   /* Get pending bit  */
 444:Drivers/STM32F1xx_HAL_Driver/Src/stm32f1xx_hal_exti.c ****   regval = (EXTI->PR & maskline);
 721              		.loc 1 444 3 is_stmt 1 view .LVU232
 722              		.loc 1 444 17 is_stmt 0 view .LVU233
 723 000c 044A     		ldr	r2, .L59
 724 000e 5269     		ldr	r2, [r2, #20]
 725              	.LVL60:
 445:Drivers/STM32F1xx_HAL_Driver/Src/stm32f1xx_hal_exti.c ****   if (regval != 0x00u)
 726              		.loc 1 445 3 is_stmt 1 view .LVU234
 727              		.loc 1 445 6 is_stmt 0 view .LVU235
 728 0010 1A42     		tst	r2, r3
 729 0012 04D0     		beq	.L56
 446:Drivers/STM32F1xx_HAL_Driver/Src/stm32f1xx_hal_exti.c ****   {
 447:Drivers/STM32F1xx_HAL_Driver/Src/stm32f1xx_hal_exti.c ****     /* Clear pending bit */
 448:Drivers/STM32F1xx_HAL_Driver/Src/stm32f1xx_hal_exti.c ****     EXTI->PR = maskline;
 730              		.loc 1 448 5 is_stmt 1 view .LVU236
 731              		.loc 1 448 14 is_stmt 0 view .LVU237
 732 0014 024A     		ldr	r2, .L59
 733              	.LVL61:
 734              		.loc 1 448 14 view .LVU238
 735 0016 5361     		str	r3, [r2, #20]
 449:Drivers/STM32F1xx_HAL_Driver/Src/stm32f1xx_hal_exti.c **** 
 450:Drivers/STM32F1xx_HAL_Driver/Src/stm32f1xx_hal_exti.c ****     /* Call callback */
 451:Drivers/STM32F1xx_HAL_Driver/Src/stm32f1xx_hal_exti.c ****     if (hexti->PendingCallback != NULL)
 736              		.loc 1 451 5 is_stmt 1 view .LVU239
 737              		.loc 1 451 14 is_stmt 0 view .LVU240
 738 0018 4368     		ldr	r3, [r0, #4]
 739              	.LVL62:
 740              		.loc 1 451 8 view .LVU241
 741 001a 03B1     		cbz	r3, .L56
 452:Drivers/STM32F1xx_HAL_Driver/Src/stm32f1xx_hal_exti.c ****     {
 453:Drivers/STM32F1xx_HAL_Driver/Src/stm32f1xx_hal_exti.c ****       hexti->PendingCallback();
 742              		.loc 1 453 7 is_stmt 1 view .LVU242
 743 001c 9847     		blx	r3
 744              	.LVL63:
 745              	.L56:
 454:Drivers/STM32F1xx_HAL_Driver/Src/stm32f1xx_hal_exti.c ****     }
 455:Drivers/STM32F1xx_HAL_Driver/Src/stm32f1xx_hal_exti.c ****   }
 456:Drivers/STM32F1xx_HAL_Driver/Src/stm32f1xx_hal_exti.c **** }
ARM GAS  C:\Users\HOJINY~1\AppData\Local\Temp\ccvoEk5d.s 			page 23


 746              		.loc 1 456 1 is_stmt 0 view .LVU243
 747 001e 08BD     		pop	{r3, pc}
 748              	.L60:
 749              		.align	2
 750              	.L59:
 751 0020 00040140 		.word	1073808384
 752              		.cfi_endproc
 753              	.LFE70:
 755              		.section	.text.HAL_EXTI_GetPending,"ax",%progbits
 756              		.align	1
 757              		.global	HAL_EXTI_GetPending
 758              		.syntax unified
 759              		.thumb
 760              		.thumb_func
 761              		.fpu softvfp
 763              	HAL_EXTI_GetPending:
 764              	.LVL64:
 765              	.LFB71:
 457:Drivers/STM32F1xx_HAL_Driver/Src/stm32f1xx_hal_exti.c **** 
 458:Drivers/STM32F1xx_HAL_Driver/Src/stm32f1xx_hal_exti.c **** /**
 459:Drivers/STM32F1xx_HAL_Driver/Src/stm32f1xx_hal_exti.c ****   * @brief  Get interrupt pending bit of a dedicated line.
 460:Drivers/STM32F1xx_HAL_Driver/Src/stm32f1xx_hal_exti.c ****   * @param  hexti Exti handle.
 461:Drivers/STM32F1xx_HAL_Driver/Src/stm32f1xx_hal_exti.c ****   * @param  Edge Specify which pending edge as to be checked.
 462:Drivers/STM32F1xx_HAL_Driver/Src/stm32f1xx_hal_exti.c ****   *         This parameter can be one of the following values:
 463:Drivers/STM32F1xx_HAL_Driver/Src/stm32f1xx_hal_exti.c ****   *           @arg @ref EXTI_TRIGGER_RISING_FALLING
 464:Drivers/STM32F1xx_HAL_Driver/Src/stm32f1xx_hal_exti.c ****   *         This parameter is kept for compatibility with other series.
 465:Drivers/STM32F1xx_HAL_Driver/Src/stm32f1xx_hal_exti.c ****   * @retval 1 if interrupt is pending else 0.
 466:Drivers/STM32F1xx_HAL_Driver/Src/stm32f1xx_hal_exti.c ****   */
 467:Drivers/STM32F1xx_HAL_Driver/Src/stm32f1xx_hal_exti.c **** uint32_t HAL_EXTI_GetPending(EXTI_HandleTypeDef *hexti, uint32_t Edge)
 468:Drivers/STM32F1xx_HAL_Driver/Src/stm32f1xx_hal_exti.c **** {
 766              		.loc 1 468 1 is_stmt 1 view -0
 767              		.cfi_startproc
 768              		@ args = 0, pretend = 0, frame = 0
 769              		@ frame_needed = 0, uses_anonymous_args = 0
 770              		@ link register save eliminated.
 469:Drivers/STM32F1xx_HAL_Driver/Src/stm32f1xx_hal_exti.c ****   uint32_t regval;
 771              		.loc 1 469 3 view .LVU245
 470:Drivers/STM32F1xx_HAL_Driver/Src/stm32f1xx_hal_exti.c ****   uint32_t maskline;
 772              		.loc 1 470 3 view .LVU246
 471:Drivers/STM32F1xx_HAL_Driver/Src/stm32f1xx_hal_exti.c ****   uint32_t linepos;
 773              		.loc 1 471 3 view .LVU247
 472:Drivers/STM32F1xx_HAL_Driver/Src/stm32f1xx_hal_exti.c **** 
 473:Drivers/STM32F1xx_HAL_Driver/Src/stm32f1xx_hal_exti.c ****   /* Check parameters */
 474:Drivers/STM32F1xx_HAL_Driver/Src/stm32f1xx_hal_exti.c ****   assert_param(IS_EXTI_LINE(hexti->Line));
 774              		.loc 1 474 3 view .LVU248
 475:Drivers/STM32F1xx_HAL_Driver/Src/stm32f1xx_hal_exti.c ****   assert_param(IS_EXTI_CONFIG_LINE(hexti->Line));
 775              		.loc 1 475 3 view .LVU249
 476:Drivers/STM32F1xx_HAL_Driver/Src/stm32f1xx_hal_exti.c ****   assert_param(IS_EXTI_PENDING_EDGE(Edge));
 776              		.loc 1 476 3 view .LVU250
 477:Drivers/STM32F1xx_HAL_Driver/Src/stm32f1xx_hal_exti.c **** 
 478:Drivers/STM32F1xx_HAL_Driver/Src/stm32f1xx_hal_exti.c ****   /* Prevent unused argument compilation warning */
 479:Drivers/STM32F1xx_HAL_Driver/Src/stm32f1xx_hal_exti.c ****   UNUSED(Edge);
 777              		.loc 1 479 3 view .LVU251
 480:Drivers/STM32F1xx_HAL_Driver/Src/stm32f1xx_hal_exti.c **** 
 481:Drivers/STM32F1xx_HAL_Driver/Src/stm32f1xx_hal_exti.c ****   /* Compute line mask */
 482:Drivers/STM32F1xx_HAL_Driver/Src/stm32f1xx_hal_exti.c ****   linepos = (hexti->Line & EXTI_PIN_MASK);
 778              		.loc 1 482 3 view .LVU252
ARM GAS  C:\Users\HOJINY~1\AppData\Local\Temp\ccvoEk5d.s 			page 24


 779              		.loc 1 482 19 is_stmt 0 view .LVU253
 780 0000 0368     		ldr	r3, [r0]
 781              		.loc 1 482 11 view .LVU254
 782 0002 03F01F03 		and	r3, r3, #31
 783              	.LVL65:
 483:Drivers/STM32F1xx_HAL_Driver/Src/stm32f1xx_hal_exti.c ****   maskline = (1uL << linepos);
 784              		.loc 1 483 3 is_stmt 1 view .LVU255
 785              		.loc 1 483 12 is_stmt 0 view .LVU256
 786 0006 0120     		movs	r0, #1
 787              	.LVL66:
 788              		.loc 1 483 12 view .LVU257
 789 0008 00FA03F2 		lsl	r2, r0, r3
 790              	.LVL67:
 484:Drivers/STM32F1xx_HAL_Driver/Src/stm32f1xx_hal_exti.c **** 
 485:Drivers/STM32F1xx_HAL_Driver/Src/stm32f1xx_hal_exti.c ****   /* return 1 if bit is set else 0 */
 486:Drivers/STM32F1xx_HAL_Driver/Src/stm32f1xx_hal_exti.c ****   regval = ((EXTI->PR & maskline) >> linepos);
 791              		.loc 1 486 3 is_stmt 1 view .LVU258
 792              		.loc 1 486 18 is_stmt 0 view .LVU259
 793 000c 0249     		ldr	r1, .L62
 794              	.LVL68:
 795              		.loc 1 486 18 view .LVU260
 796 000e 4869     		ldr	r0, [r1, #20]
 797              		.loc 1 486 23 view .LVU261
 798 0010 1040     		ands	r0, r0, r2
 799              	.LVL69:
 487:Drivers/STM32F1xx_HAL_Driver/Src/stm32f1xx_hal_exti.c ****   return regval;
 800              		.loc 1 487 3 is_stmt 1 view .LVU262
 488:Drivers/STM32F1xx_HAL_Driver/Src/stm32f1xx_hal_exti.c **** }
 801              		.loc 1 488 1 is_stmt 0 view .LVU263
 802 0012 D840     		lsrs	r0, r0, r3
 803              	.LVL70:
 804              		.loc 1 488 1 view .LVU264
 805 0014 7047     		bx	lr
 806              	.L63:
 807 0016 00BF     		.align	2
 808              	.L62:
 809 0018 00040140 		.word	1073808384
 810              		.cfi_endproc
 811              	.LFE71:
 813              		.section	.text.HAL_EXTI_ClearPending,"ax",%progbits
 814              		.align	1
 815              		.global	HAL_EXTI_ClearPending
 816              		.syntax unified
 817              		.thumb
 818              		.thumb_func
 819              		.fpu softvfp
 821              	HAL_EXTI_ClearPending:
 822              	.LVL71:
 823              	.LFB72:
 489:Drivers/STM32F1xx_HAL_Driver/Src/stm32f1xx_hal_exti.c **** 
 490:Drivers/STM32F1xx_HAL_Driver/Src/stm32f1xx_hal_exti.c **** /**
 491:Drivers/STM32F1xx_HAL_Driver/Src/stm32f1xx_hal_exti.c ****   * @brief  Clear interrupt pending bit of a dedicated line.
 492:Drivers/STM32F1xx_HAL_Driver/Src/stm32f1xx_hal_exti.c ****   * @param  hexti Exti handle.
 493:Drivers/STM32F1xx_HAL_Driver/Src/stm32f1xx_hal_exti.c ****   * @param  Edge Specify which pending edge as to be clear.
 494:Drivers/STM32F1xx_HAL_Driver/Src/stm32f1xx_hal_exti.c ****   *         This parameter can be one of the following values:
 495:Drivers/STM32F1xx_HAL_Driver/Src/stm32f1xx_hal_exti.c ****   *           @arg @ref EXTI_TRIGGER_RISING_FALLING
 496:Drivers/STM32F1xx_HAL_Driver/Src/stm32f1xx_hal_exti.c ****   *         This parameter is kept for compatibility with other series.
ARM GAS  C:\Users\HOJINY~1\AppData\Local\Temp\ccvoEk5d.s 			page 25


 497:Drivers/STM32F1xx_HAL_Driver/Src/stm32f1xx_hal_exti.c ****   * @retval None.
 498:Drivers/STM32F1xx_HAL_Driver/Src/stm32f1xx_hal_exti.c ****   */
 499:Drivers/STM32F1xx_HAL_Driver/Src/stm32f1xx_hal_exti.c **** void HAL_EXTI_ClearPending(EXTI_HandleTypeDef *hexti, uint32_t Edge)
 500:Drivers/STM32F1xx_HAL_Driver/Src/stm32f1xx_hal_exti.c **** {
 824              		.loc 1 500 1 is_stmt 1 view -0
 825              		.cfi_startproc
 826              		@ args = 0, pretend = 0, frame = 0
 827              		@ frame_needed = 0, uses_anonymous_args = 0
 828              		@ link register save eliminated.
 501:Drivers/STM32F1xx_HAL_Driver/Src/stm32f1xx_hal_exti.c ****   uint32_t maskline;
 829              		.loc 1 501 3 view .LVU266
 502:Drivers/STM32F1xx_HAL_Driver/Src/stm32f1xx_hal_exti.c **** 
 503:Drivers/STM32F1xx_HAL_Driver/Src/stm32f1xx_hal_exti.c ****   /* Check parameters */
 504:Drivers/STM32F1xx_HAL_Driver/Src/stm32f1xx_hal_exti.c ****   assert_param(IS_EXTI_LINE(hexti->Line));
 830              		.loc 1 504 3 view .LVU267
 505:Drivers/STM32F1xx_HAL_Driver/Src/stm32f1xx_hal_exti.c ****   assert_param(IS_EXTI_CONFIG_LINE(hexti->Line));
 831              		.loc 1 505 3 view .LVU268
 506:Drivers/STM32F1xx_HAL_Driver/Src/stm32f1xx_hal_exti.c ****   assert_param(IS_EXTI_PENDING_EDGE(Edge));
 832              		.loc 1 506 3 view .LVU269
 507:Drivers/STM32F1xx_HAL_Driver/Src/stm32f1xx_hal_exti.c **** 
 508:Drivers/STM32F1xx_HAL_Driver/Src/stm32f1xx_hal_exti.c ****   /* Prevent unused argument compilation warning */
 509:Drivers/STM32F1xx_HAL_Driver/Src/stm32f1xx_hal_exti.c ****   UNUSED(Edge);
 833              		.loc 1 509 3 view .LVU270
 510:Drivers/STM32F1xx_HAL_Driver/Src/stm32f1xx_hal_exti.c **** 
 511:Drivers/STM32F1xx_HAL_Driver/Src/stm32f1xx_hal_exti.c ****   /* Compute line mask */
 512:Drivers/STM32F1xx_HAL_Driver/Src/stm32f1xx_hal_exti.c ****   maskline = (1uL << (hexti->Line & EXTI_PIN_MASK));
 834              		.loc 1 512 3 view .LVU271
 835              		.loc 1 512 28 is_stmt 0 view .LVU272
 836 0000 0268     		ldr	r2, [r0]
 837              		.loc 1 512 35 view .LVU273
 838 0002 02F01F02 		and	r2, r2, #31
 839              		.loc 1 512 12 view .LVU274
 840 0006 0123     		movs	r3, #1
 841 0008 9340     		lsls	r3, r3, r2
 842              	.LVL72:
 513:Drivers/STM32F1xx_HAL_Driver/Src/stm32f1xx_hal_exti.c **** 
 514:Drivers/STM32F1xx_HAL_Driver/Src/stm32f1xx_hal_exti.c ****   /* Clear Pending bit */
 515:Drivers/STM32F1xx_HAL_Driver/Src/stm32f1xx_hal_exti.c ****   EXTI->PR =  maskline;
 843              		.loc 1 515 3 is_stmt 1 view .LVU275
 844              		.loc 1 515 12 is_stmt 0 view .LVU276
 845 000a 014A     		ldr	r2, .L65
 846 000c 5361     		str	r3, [r2, #20]
 516:Drivers/STM32F1xx_HAL_Driver/Src/stm32f1xx_hal_exti.c **** }
 847              		.loc 1 516 1 view .LVU277
 848 000e 7047     		bx	lr
 849              	.L66:
 850              		.align	2
 851              	.L65:
 852 0010 00040140 		.word	1073808384
 853              		.cfi_endproc
 854              	.LFE72:
 856              		.section	.text.HAL_EXTI_GenerateSWI,"ax",%progbits
 857              		.align	1
 858              		.global	HAL_EXTI_GenerateSWI
 859              		.syntax unified
 860              		.thumb
 861              		.thumb_func
ARM GAS  C:\Users\HOJINY~1\AppData\Local\Temp\ccvoEk5d.s 			page 26


 862              		.fpu softvfp
 864              	HAL_EXTI_GenerateSWI:
 865              	.LVL73:
 866              	.LFB73:
 517:Drivers/STM32F1xx_HAL_Driver/Src/stm32f1xx_hal_exti.c **** 
 518:Drivers/STM32F1xx_HAL_Driver/Src/stm32f1xx_hal_exti.c **** /**
 519:Drivers/STM32F1xx_HAL_Driver/Src/stm32f1xx_hal_exti.c ****   * @brief  Generate a software interrupt for a dedicated line.
 520:Drivers/STM32F1xx_HAL_Driver/Src/stm32f1xx_hal_exti.c ****   * @param  hexti Exti handle.
 521:Drivers/STM32F1xx_HAL_Driver/Src/stm32f1xx_hal_exti.c ****   * @retval None.
 522:Drivers/STM32F1xx_HAL_Driver/Src/stm32f1xx_hal_exti.c ****   */
 523:Drivers/STM32F1xx_HAL_Driver/Src/stm32f1xx_hal_exti.c **** void HAL_EXTI_GenerateSWI(EXTI_HandleTypeDef *hexti)
 524:Drivers/STM32F1xx_HAL_Driver/Src/stm32f1xx_hal_exti.c **** {
 867              		.loc 1 524 1 is_stmt 1 view -0
 868              		.cfi_startproc
 869              		@ args = 0, pretend = 0, frame = 0
 870              		@ frame_needed = 0, uses_anonymous_args = 0
 871              		@ link register save eliminated.
 525:Drivers/STM32F1xx_HAL_Driver/Src/stm32f1xx_hal_exti.c ****   uint32_t maskline;
 872              		.loc 1 525 3 view .LVU279
 526:Drivers/STM32F1xx_HAL_Driver/Src/stm32f1xx_hal_exti.c **** 
 527:Drivers/STM32F1xx_HAL_Driver/Src/stm32f1xx_hal_exti.c ****   /* Check parameters */
 528:Drivers/STM32F1xx_HAL_Driver/Src/stm32f1xx_hal_exti.c ****   assert_param(IS_EXTI_LINE(hexti->Line));
 873              		.loc 1 528 3 view .LVU280
 529:Drivers/STM32F1xx_HAL_Driver/Src/stm32f1xx_hal_exti.c ****   assert_param(IS_EXTI_CONFIG_LINE(hexti->Line));
 874              		.loc 1 529 3 view .LVU281
 530:Drivers/STM32F1xx_HAL_Driver/Src/stm32f1xx_hal_exti.c **** 
 531:Drivers/STM32F1xx_HAL_Driver/Src/stm32f1xx_hal_exti.c ****   /* Compute line mask */
 532:Drivers/STM32F1xx_HAL_Driver/Src/stm32f1xx_hal_exti.c ****   maskline = (1uL << (hexti->Line & EXTI_PIN_MASK));
 875              		.loc 1 532 3 view .LVU282
 876              		.loc 1 532 28 is_stmt 0 view .LVU283
 877 0000 0268     		ldr	r2, [r0]
 878              		.loc 1 532 35 view .LVU284
 879 0002 02F01F02 		and	r2, r2, #31
 880              		.loc 1 532 12 view .LVU285
 881 0006 0123     		movs	r3, #1
 882 0008 9340     		lsls	r3, r3, r2
 883              	.LVL74:
 533:Drivers/STM32F1xx_HAL_Driver/Src/stm32f1xx_hal_exti.c **** 
 534:Drivers/STM32F1xx_HAL_Driver/Src/stm32f1xx_hal_exti.c ****   /* Generate Software interrupt */
 535:Drivers/STM32F1xx_HAL_Driver/Src/stm32f1xx_hal_exti.c ****   EXTI->SWIER = maskline;
 884              		.loc 1 535 3 is_stmt 1 view .LVU286
 885              		.loc 1 535 15 is_stmt 0 view .LVU287
 886 000a 014A     		ldr	r2, .L68
 887 000c 1361     		str	r3, [r2, #16]
 536:Drivers/STM32F1xx_HAL_Driver/Src/stm32f1xx_hal_exti.c **** }
 888              		.loc 1 536 1 view .LVU288
 889 000e 7047     		bx	lr
 890              	.L69:
 891              		.align	2
 892              	.L68:
 893 0010 00040140 		.word	1073808384
 894              		.cfi_endproc
 895              	.LFE73:
 897              		.text
 898              	.Letext0:
 899              		.file 2 "c:\\program files (x86)\\gnu tools arm embedded\\8 2019-q3-update\\arm-none-eabi\\include
 900              		.file 3 "c:\\program files (x86)\\gnu tools arm embedded\\8 2019-q3-update\\arm-none-eabi\\include
ARM GAS  C:\Users\HOJINY~1\AppData\Local\Temp\ccvoEk5d.s 			page 27


 901              		.file 4 "Drivers/CMSIS/Include/core_cm3.h"
 902              		.file 5 "Drivers/CMSIS/Device/ST/STM32F1xx/Include/system_stm32f1xx.h"
 903              		.file 6 "Drivers/CMSIS/Device/ST/STM32F1xx/Include/stm32f103xb.h"
 904              		.file 7 "Drivers/STM32F1xx_HAL_Driver/Inc/stm32f1xx_hal_def.h"
 905              		.file 8 "Drivers/STM32F1xx_HAL_Driver/Inc/stm32f1xx_hal_exti.h"
 906              		.file 9 "Drivers/STM32F1xx_HAL_Driver/Inc/stm32f1xx_hal.h"
ARM GAS  C:\Users\HOJINY~1\AppData\Local\Temp\ccvoEk5d.s 			page 28


DEFINED SYMBOLS
                            *ABS*:00000000 stm32f1xx_hal_exti.c
C:\Users\HOJINY~1\AppData\Local\Temp\ccvoEk5d.s:16     .text.HAL_EXTI_SetConfigLine:00000000 $t
C:\Users\HOJINY~1\AppData\Local\Temp\ccvoEk5d.s:24     .text.HAL_EXTI_SetConfigLine:00000000 HAL_EXTI_SetConfigLine
C:\Users\HOJINY~1\AppData\Local\Temp\ccvoEk5d.s:248    .text.HAL_EXTI_SetConfigLine:000000d0 $d
C:\Users\HOJINY~1\AppData\Local\Temp\ccvoEk5d.s:254    .text.HAL_EXTI_GetConfigLine:00000000 $t
C:\Users\HOJINY~1\AppData\Local\Temp\ccvoEk5d.s:261    .text.HAL_EXTI_GetConfigLine:00000000 HAL_EXTI_GetConfigLine
C:\Users\HOJINY~1\AppData\Local\Temp\ccvoEk5d.s:443    .text.HAL_EXTI_GetConfigLine:000000a0 $d
C:\Users\HOJINY~1\AppData\Local\Temp\ccvoEk5d.s:449    .text.HAL_EXTI_ClearConfigLine:00000000 $t
C:\Users\HOJINY~1\AppData\Local\Temp\ccvoEk5d.s:456    .text.HAL_EXTI_ClearConfigLine:00000000 HAL_EXTI_ClearConfigLine
C:\Users\HOJINY~1\AppData\Local\Temp\ccvoEk5d.s:606    .text.HAL_EXTI_ClearConfigLine:00000074 $d
C:\Users\HOJINY~1\AppData\Local\Temp\ccvoEk5d.s:612    .text.HAL_EXTI_RegisterCallback:00000000 $t
C:\Users\HOJINY~1\AppData\Local\Temp\ccvoEk5d.s:619    .text.HAL_EXTI_RegisterCallback:00000000 HAL_EXTI_RegisterCallback
C:\Users\HOJINY~1\AppData\Local\Temp\ccvoEk5d.s:651    .text.HAL_EXTI_GetHandle:00000000 $t
C:\Users\HOJINY~1\AppData\Local\Temp\ccvoEk5d.s:658    .text.HAL_EXTI_GetHandle:00000000 HAL_EXTI_GetHandle
C:\Users\HOJINY~1\AppData\Local\Temp\ccvoEk5d.s:690    .text.HAL_EXTI_IRQHandler:00000000 $t
C:\Users\HOJINY~1\AppData\Local\Temp\ccvoEk5d.s:697    .text.HAL_EXTI_IRQHandler:00000000 HAL_EXTI_IRQHandler
C:\Users\HOJINY~1\AppData\Local\Temp\ccvoEk5d.s:751    .text.HAL_EXTI_IRQHandler:00000020 $d
C:\Users\HOJINY~1\AppData\Local\Temp\ccvoEk5d.s:756    .text.HAL_EXTI_GetPending:00000000 $t
C:\Users\HOJINY~1\AppData\Local\Temp\ccvoEk5d.s:763    .text.HAL_EXTI_GetPending:00000000 HAL_EXTI_GetPending
C:\Users\HOJINY~1\AppData\Local\Temp\ccvoEk5d.s:809    .text.HAL_EXTI_GetPending:00000018 $d
C:\Users\HOJINY~1\AppData\Local\Temp\ccvoEk5d.s:814    .text.HAL_EXTI_ClearPending:00000000 $t
C:\Users\HOJINY~1\AppData\Local\Temp\ccvoEk5d.s:821    .text.HAL_EXTI_ClearPending:00000000 HAL_EXTI_ClearPending
C:\Users\HOJINY~1\AppData\Local\Temp\ccvoEk5d.s:852    .text.HAL_EXTI_ClearPending:00000010 $d
C:\Users\HOJINY~1\AppData\Local\Temp\ccvoEk5d.s:857    .text.HAL_EXTI_GenerateSWI:00000000 $t
C:\Users\HOJINY~1\AppData\Local\Temp\ccvoEk5d.s:864    .text.HAL_EXTI_GenerateSWI:00000000 HAL_EXTI_GenerateSWI
C:\Users\HOJINY~1\AppData\Local\Temp\ccvoEk5d.s:893    .text.HAL_EXTI_GenerateSWI:00000010 $d

NO UNDEFINED SYMBOLS
